{"uid":"12ffa30fb0094a23","name":"Unbroken funnel -- @1.4 ","fullName":"Funnel tests: Unbroken funnel","historyId":"7d8c98218270069685f494075755d5c7","time":{"start":1729401877608,"stop":1729401921777,"duration":44169},"status":"failed","statusMessage":"AssertionError: Locator.click: Timeout 30000ms exceeded.\nCall log:\nwaiting for locator(\"//button[@data-id='register-btn']\").first\n  -   locator resolved to <button data-id=\"register-btn\" class=\"btn btn-1 w-100 mb-0 opt-in-form-submit-btn\">Register for free now</button>\n  - attempting click action\n  -   waiting for element to be visible, enabled and stable\n  -   element is visible, enabled and stable\n  -   scrolling into view if needed\n  -   done scrolling\n  -   performing click action\n\n","statusTrace":"  File \"/opt/hostedtoolcache/Python/3.12.7/x64/lib/python3.12/site-packages/behave/model.py\", line 1329, in run\n    match.run(runner.context)\n  File \"/opt/hostedtoolcache/Python/3.12.7/x64/lib/python3.12/site-packages/behave/matchers.py\", line 98, in run\n    self.func(context, *args, **kwargs)\n  File \"/home/runner/work/automation-testing-framework/automation-testing-framework/common_functions/custom_step_decorator.py\", line 10, in inner\n    raise AssertionError(e)\n","flaky":true,"newFailed":true,"newBroken":false,"newPassed":false,"retriesCount":0,"retriesStatusChange":false,"beforeStages":[],"testStage":{"status":"failed","statusMessage":"AssertionError: Locator.click: Timeout 30000ms exceeded.\nCall log:\nwaiting for locator(\"//button[@data-id='register-btn']\").first\n  -   locator resolved to <button data-id=\"register-btn\" class=\"btn btn-1 w-100 mb-0 opt-in-form-submit-btn\">Register for free now</button>\n  - attempting click action\n  -   waiting for element to be visible, enabled and stable\n  -   element is visible, enabled and stable\n  -   scrolling into view if needed\n  -   done scrolling\n  -   performing click action\n\n","statusTrace":"  File \"/opt/hostedtoolcache/Python/3.12.7/x64/lib/python3.12/site-packages/behave/model.py\", line 1329, in run\n    match.run(runner.context)\n  File \"/opt/hostedtoolcache/Python/3.12.7/x64/lib/python3.12/site-packages/behave/matchers.py\", line 98, in run\n    self.func(context, *args, **kwargs)\n  File \"/home/runner/work/automation-testing-framework/automation-testing-framework/common_functions/custom_step_decorator.py\", line 10, in inner\n    raise AssertionError(e)\n","steps":[{"name":"Given user register in \"Unbroken\" Opt In page","time":{"start":1729401877647,"stop":1729401919391,"duration":41744},"status":"failed","statusMessage":"AssertionError: Locator.click: Timeout 30000ms exceeded.\nCall log:\nwaiting for locator(\"//button[@data-id='register-btn']\").first\n  -   locator resolved to <button data-id=\"register-btn\" class=\"btn btn-1 w-100 mb-0 opt-in-form-submit-btn\">Register for free now</button>\n  - attempting click action\n  -   waiting for element to be visible, enabled and stable\n  -   element is visible, enabled and stable\n  -   scrolling into view if needed\n  -   done scrolling\n  -   performing click action\n\n","statusTrace":"  File \"/opt/hostedtoolcache/Python/3.12.7/x64/lib/python3.12/site-packages/behave/model.py\", line 1329, in run\n    match.run(runner.context)\n  File \"/opt/hostedtoolcache/Python/3.12.7/x64/lib/python3.12/site-packages/behave/matchers.py\", line 98, in run\n    self.func(context, *args, **kwargs)\n  File \"/home/runner/work/automation-testing-framework/automation-testing-framework/common_functions/custom_step_decorator.py\", line 10, in inner\n    raise AssertionError(e)\n","steps":[],"attachments":[{"uid":"38597c51ed97fecc","name":"screenshot","source":"38597c51ed97fecc.png","type":"image/png","size":79808},{"uid":"63de5e4ae7da0eec","name":"stdout","source":"63de5e4ae7da0eec.txt","type":"text/plain","size":612}],"parameters":[],"shouldDisplayMessage":true,"stepsCount":0,"attachmentsCount":2,"hasContent":true},{"name":"And user join Zonia","time":{"start":1729401921776,"stop":1729401921776,"duration":0},"status":"skipped","steps":[],"attachments":[],"parameters":[],"shouldDisplayMessage":false,"stepsCount":0,"attachmentsCount":0,"hasContent":false},{"name":"When user sign up for \"monthly\" plan","time":{"start":1729401921776,"stop":1729401921776,"duration":0},"status":"skipped","steps":[],"attachments":[],"parameters":[],"shouldDisplayMessage":false,"stepsCount":0,"attachmentsCount":0,"hasContent":false},{"name":"And user makes following decision in docuseries \"Booster Packages\" Upsell page","time":{"start":1729401921776,"stop":1729401921777,"duration":1},"status":"skipped","steps":[],"attachments":[{"uid":"d7e48943e893548b","name":".table","source":"d7e48943e893548b.csv","type":"text/csv","size":11}],"parameters":[],"shouldDisplayMessage":false,"stepsCount":0,"attachmentsCount":1,"hasContent":true},{"name":"And user makes following decision in docuseries \"Masterclass Packages\" Upsell page","time":{"start":1729401921777,"stop":1729401921777,"duration":0},"status":"skipped","steps":[],"attachments":[{"uid":"36103c168fa48b1","name":".table","source":"36103c168fa48b1.csv","type":"text/csv","size":12}],"parameters":[],"shouldDisplayMessage":false,"stepsCount":0,"attachmentsCount":1,"hasContent":true},{"name":"And user makes following decision in docuseries \"Restore Detox\" Upsell page","time":{"start":1729401921777,"stop":1729401921777,"duration":0},"status":"skipped","steps":[],"attachments":[{"uid":"dddb438151b43127","name":".table","source":"dddb438151b43127.csv","type":"text/csv","size":33}],"parameters":[],"shouldDisplayMessage":false,"stepsCount":0,"attachmentsCount":1,"hasContent":true},{"name":"And user makes following decision in docuseries \"Restore Life\" Upsell page","time":{"start":1729401921777,"stop":1729401921777,"duration":0},"status":"skipped","steps":[],"attachments":[{"uid":"8a0d9d80fb9911ce","name":".table","source":"8a0d9d80fb9911ce.csv","type":"text/csv","size":38}],"parameters":[],"shouldDisplayMessage":false,"stepsCount":0,"attachmentsCount":1,"hasContent":true},{"name":"Then user complete registration","time":{"start":1729401921777,"stop":1729401921777,"duration":0},"status":"skipped","steps":[],"attachments":[],"parameters":[],"shouldDisplayMessage":false,"stepsCount":0,"attachmentsCount":0,"hasContent":false}],"attachments":[{"uid":"9524c3509d487d04","name":"Test Video","source":"9524c3509d487d04.webm","type":"video/webm","size":794136}],"parameters":[],"shouldDisplayMessage":false,"stepsCount":8,"attachmentsCount":7,"hasContent":true},"afterStages":[],"labels":[{"name":"severity","value":"normal"},{"name":"tag","value":"WIP"},{"name":"tag","value":"unbroken"},{"name":"feature","value":"Funnel tests"},{"name":"framework","value":"behave"},{"name":"language","value":"cpython3"},{"name":"resultFormat","value":"allure2"}],"parameters":[{"name":"booster_packages","value":"no"},{"name":"masterclass_packages","value":"buy"},{"name":"plan","value":"monthly"},{"name":"rd_bottles","value":"3"},{"name":"rd_upsell_downsell","value":"upgrade"},{"name":"rl_bottles","value":"6"},{"name":"rl_upsell_downsell","value":"most_popular"}],"links":[],"hidden":false,"retry":false,"extra":{"severity":"normal","retries":[],"categories":[{"name":"Product defects","matchedStatuses":[],"flaky":false}],"history":{"statistic":{"failed":6,"broken":0,"skipped":0,"passed":6,"unknown":0,"total":12},"items":[{"uid":"b8b74ec1ccd1918b","reportUrl":"https://zoniadev.github.io/automation-testing-framework/103//#testresult/b8b74ec1ccd1918b","status":"passed","time":{"start":1729347292876,"stop":1729347443032,"duration":150156}},{"uid":"4de25a31a45c59c7","reportUrl":"https://zoniadev.github.io/automation-testing-framework/101//#testresult/4de25a31a45c59c7","status":"passed","time":{"start":1729344733638,"stop":1729344887208,"duration":153570}},{"uid":"ace4c49d6ced5a32","reportUrl":"https://zoniadev.github.io/automation-testing-framework/100//#testresult/ace4c49d6ced5a32","status":"passed","time":{"start":1729341681285,"stop":1729341834657,"duration":153372}},{"uid":"b6d652cc22e19c81","reportUrl":"https://zoniadev.github.io/automation-testing-framework/99//#testresult/b6d652cc22e19c81","status":"failed","statusDetails":"AssertionError: Page URL expected to be 're.compile('^https://staging.zonia.com/ad-join-zonia.*')'\nActual value: https://staging.zonia.com/unbroken \nCall log:\nPageAssertions.to_have_url with timeout 20000ms\n  - waiting for locator(\":root\")\n  -   locator resolved to <html lang=\"en\">…</html>\n  -   unexpected value \"https://staging.zonia.com/unbroken\"\n  -   locator resolved to <html lang=\"en\">…</html>\n  -   unexpected value \"https://staging.zonia.com/unbroken\"\n  -   locator resolved to <html lang=\"en\">…</html>\n  -   unexpected value \"https://staging.zonia.com/unbroken\"\n  -   locator resolved to <html lang=\"en\">…</html>\n  -   unexpected value \"https://staging.zonia.com/unbroken\"\n  -   locator resolved to <html>…</html>\n  -   unexpected value \"https://staging.zonia.com/unbroken\"\n  -   locator resolved to <html>…</html>\n  -   unexpected value \"https://staging.zonia.com/unbroken\"\n  -   locator resolved to <html>…</html>\n  -   unexpected value \"https://staging.zonia.com/unbroken\"\n  -   locator resolved to <html>…</html>\n  -   unexpected value \"https://staging.zonia.com/unbroken\"\n  -   locator resolved to <html>…</html>\n  -   unexpected value \"https://staging.zonia.com/unbroken\"\n  -   locator resolved to <html>…</html>\n  -   unexpected value \"https://staging.zonia.com/unbroken\"\n  -   locator resolved to <html>…</html>\n  -   unexpected value \"https://staging.zonia.com/unbroken\"\n  -   locator resolved to <html>…</html>\n  -   unexpected value \"https://staging.zonia.com/unbroken\"\n  -   locator resolved to <html>…</html>\n  -   unexpected value \"https://staging.zonia.com/unbroken\"\n  -   locator resolved to <html>…</html>\n  -   unexpected value \"https://staging.zonia.com/unbroken\"\n  -   locator resolved to <html>…</html>\n  -   unexpected value \"https://staging.zonia.com/unbroken\"\n  -   locator resolved to <html>…</html>\n  -   unexpected value \"https://staging.zonia.com/unbroken\"\n  -   locator resolved to <html>…</html>\n  -   unexpected value \"https://staging.zonia.com/unbroken\"\n  -   locator resolved to <html>…</html>\n  -   unexpected value \"https://staging.zonia.com/unbroken\"\n  -   locator resolved to <html>…</html>\n  -   unexpected value \"https://staging.zonia.com/unbroken\"\n  -   locator resolved to <html>…</html>\n  -   unexpected value \"https://staging.zonia.com/unbroken\"\n  -   locator resolved to <html>…</html>\n  -   unexpected value \"https://staging.zonia.com/unbroken\"\n  -   locator resolved to <html>…</html>\n  -   unexpected value \"https://staging.zonia.com/unbroken\"\n\n","time":{"start":1729336912622,"stop":1729336937169,"duration":24547}},{"uid":"93896c7f194a7965","reportUrl":"https://zoniadev.github.io/automation-testing-framework/98//#testresult/93896c7f194a7965","status":"passed","time":{"start":1729330637379,"stop":1729330788248,"duration":150869}},{"uid":"9f2279c9f6d554dc","reportUrl":"https://zoniadev.github.io/automation-testing-framework/10//#testresult/9f2279c9f6d554dc","status":"failed","statusDetails":"AssertionError: Locator.press_sequentially: Timeout 30000ms exceeded.\nCall log:\nwaiting for frame_locator(\"//iframe[@id=\\\"braintree-hosted-field-expirationDate\\\"]\").get_by_placeholder(\"Expiration Date(MM/YY)\")\n\n","time":{"start":1729315179478,"stop":1729315233898,"duration":54420}},{"uid":"849874bf90efc7bb","reportUrl":"https://zoniadev.github.io/automation-testing-framework/95//#testresult/849874bf90efc7bb","status":"failed","statusDetails":"AssertionError: Locator.press_sequentially: Timeout 30000ms exceeded.\nCall log:\nwaiting for frame_locator(\"//iframe[@id=\\\"braintree-hosted-field-expirationDate\\\"]\").get_by_placeholder(\"Expiration Date(MM/YY)\")\n\n","time":{"start":1729239405074,"stop":1729239449912,"duration":44838}},{"uid":"bc2ed668e05a55ac","reportUrl":"https://zoniadev.github.io/automation-testing-framework/94//#testresult/bc2ed668e05a55ac","status":"failed","statusDetails":"AssertionError: Locator.press_sequentially: Timeout 30000ms exceeded.\nCall log:\nwaiting for frame_locator(\"//iframe[@id=\\\"braintree-hosted-field-expirationDate\\\"]\").get_by_placeholder(\"Expiration Date(MM/YY)\")\n\n","time":{"start":1729234906491,"stop":1729234950115,"duration":43624}},{"uid":"364b9fbca3a1c53f","reportUrl":"https://zoniadev.github.io/automation-testing-framework/9//#testresult/364b9fbca3a1c53f","status":"failed","statusDetails":"AssertionError: Locator.press_sequentially: Timeout 30000ms exceeded.\nCall log:\nwaiting for frame_locator(\"//iframe[@id=\\\"braintree-hosted-field-expirationDate\\\"]\").get_by_placeholder(\"Expiration Date(MM/YY)\")\n\n","time":{"start":1729228857431,"stop":1729228901949,"duration":44518}},{"uid":"b928dc8f987fd840","reportUrl":"https://zoniadev.github.io/automation-testing-framework/8//#testresult/b928dc8f987fd840","status":"passed","time":{"start":1729142709351,"stop":1729142861432,"duration":152081}},{"uid":"66be20b1d2ac5890","reportUrl":"https://zoniadev.github.io/automation-testing-framework/7//#testresult/66be20b1d2ac5890","status":"passed","time":{"start":1729056258841,"stop":1729056405938,"duration":147097}}]},"tags":["unbroken","WIP"]},"source":"12ffa30fb0094a23.json","parameterValues":["no","buy","monthly","3","upgrade","6","most_popular"]}