{"uid":"e767e1b1b126570b","name":"TF Evergreen nightly -- @1.1 ","fullName":"Nightly tests: TF Evergreen nightly","historyId":"d7af52d3dff07c088a2729275c2dfec3","time":{"start":1753742513104,"stop":1753742548923,"duration":35819},"status":"failed","statusMessage":"AssertionError: No visible elements found with locator h5.modal-title!\n","statusTrace":"  File \"/opt/hostedtoolcache/Python/3.9.23/x64/lib/python3.9/site-packages/behave/model.py\", line 1329, in run\n    match.run(runner.context)\n  File \"/opt/hostedtoolcache/Python/3.9.23/x64/lib/python3.9/site-packages/behave/matchers.py\", line 98, in run\n    self.func(context, *args, **kwargs)\n  File \"/home/runner/work/automation-testing-framework/automation-testing-framework/common_functions/custom_step_decorator.py\", line 10, in inner\n    raise AssertionError(e)\n","flaky":false,"newFailed":false,"newBroken":false,"newPassed":false,"retriesCount":0,"retriesStatusChange":false,"beforeStages":[],"testStage":{"status":"failed","statusMessage":"AssertionError: No visible elements found with locator h5.modal-title!\n","statusTrace":"  File \"/opt/hostedtoolcache/Python/3.9.23/x64/lib/python3.9/site-packages/behave/model.py\", line 1329, in run\n    match.run(runner.context)\n  File \"/opt/hostedtoolcache/Python/3.9.23/x64/lib/python3.9/site-packages/behave/matchers.py\", line 98, in run\n    self.func(context, *args, **kwargs)\n  File \"/home/runner/work/automation-testing-framework/automation-testing-framework/common_functions/custom_step_decorator.py\", line 10, in inner\n    raise AssertionError(e)\n","steps":[{"name":"Given user register in \"tf_ev\" Opt In page","time":{"start":1753742513170,"stop":1753742522241,"duration":9071},"status":"passed","steps":[],"attachments":[{"uid":"ae801253f822089b","name":"stdout","source":"ae801253f822089b.txt","type":"text/plain","size":718}],"parameters":[],"shouldDisplayMessage":false,"stepsCount":0,"attachmentsCount":1,"hasContent":true},{"name":"And user join Zonia","time":{"start":1753742522241,"stop":1753742524739,"duration":2498},"status":"passed","steps":[],"attachments":[{"uid":"a4706164335bc7d2","name":"stdout","source":"a4706164335bc7d2.txt","type":"text/plain","size":1099}],"parameters":[],"shouldDisplayMessage":false,"stepsCount":0,"attachmentsCount":1,"hasContent":true},{"name":"When user sign up for \"quarterly\" plan","time":{"start":1753742524739,"stop":1753742534942,"duration":10203},"status":"passed","steps":[],"attachments":[{"uid":"1afa5070797398a5","name":"stdout","source":"1afa5070797398a5.txt","type":"text/plain","size":1792}],"parameters":[],"shouldDisplayMessage":false,"stepsCount":0,"attachmentsCount":1,"hasContent":true},{"name":"And user makes following decision in docuseries \"Booster Packages\" Upsell page","time":{"start":1753742534942,"stop":1753742548384,"duration":13442},"status":"failed","statusMessage":"AssertionError: No visible elements found with locator h5.modal-title!\n","statusTrace":"  File \"/opt/hostedtoolcache/Python/3.9.23/x64/lib/python3.9/site-packages/behave/model.py\", line 1329, in run\n    match.run(runner.context)\n  File \"/opt/hostedtoolcache/Python/3.9.23/x64/lib/python3.9/site-packages/behave/matchers.py\", line 98, in run\n    self.func(context, *args, **kwargs)\n  File \"/home/runner/work/automation-testing-framework/automation-testing-framework/common_functions/custom_step_decorator.py\", line 10, in inner\n    raise AssertionError(e)\n","steps":[],"attachments":[{"uid":"7baa3fb7bd598b9c","name":".table","source":"7baa3fb7bd598b9c.csv","type":"text/csv","size":17},{"uid":"fdc5d6c806c23a4d","name":"screenshot","source":"fdc5d6c806c23a4d.png","type":"image/png","size":81046},{"uid":"33e858e879742bcf","name":"stdout","source":"33e858e879742bcf.txt","type":"text/plain","size":7613}],"parameters":[],"shouldDisplayMessage":true,"stepsCount":0,"attachmentsCount":3,"hasContent":true},{"name":"And user makes following decision in docuseries \"Masterclass Packages\" Upsell page","time":{"start":1753742548922,"stop":1753742548923,"duration":1},"status":"skipped","steps":[],"attachments":[{"uid":"e4c6eaac7beb2434","name":".table","source":"e4c6eaac7beb2434.csv","type":"text/csv","size":12}],"parameters":[],"shouldDisplayMessage":false,"stepsCount":0,"attachmentsCount":1,"hasContent":true},{"name":"And user makes following decision in docuseries \"Restore Detox\" Upsell page","time":{"start":1753742548923,"stop":1753742548923,"duration":0},"status":"skipped","steps":[],"attachments":[{"uid":"28f06daba8c2120a","name":".table","source":"28f06daba8c2120a.csv","type":"text/csv","size":33}],"parameters":[],"shouldDisplayMessage":false,"stepsCount":0,"attachmentsCount":1,"hasContent":true},{"name":"And user makes following decision in docuseries \"Restore Life\" Upsell page","time":{"start":1753742548923,"stop":1753742548923,"duration":0},"status":"skipped","steps":[],"attachments":[{"uid":"15b5a1699644482f","name":".table","source":"15b5a1699644482f.csv","type":"text/csv","size":33}],"parameters":[],"shouldDisplayMessage":false,"stepsCount":0,"attachmentsCount":1,"hasContent":true},{"name":"Then user complete registration","time":{"start":1753742548923,"stop":1753742548923,"duration":0},"status":"skipped","steps":[],"attachments":[],"parameters":[],"shouldDisplayMessage":false,"stepsCount":0,"attachmentsCount":0,"hasContent":false}],"attachments":[{"uid":"633f2cfd6ed6b860","name":"Test Video","source":"633f2cfd6ed6b860.webm","type":"video/webm","size":1179151}],"parameters":[],"shouldDisplayMessage":false,"stepsCount":8,"attachmentsCount":10,"hasContent":true},"afterStages":[],"labels":[{"name":"severity","value":"normal"},{"name":"tag","value":"nightly"},{"name":"feature","value":"Nightly tests"},{"name":"framework","value":"behave"},{"name":"language","value":"cpython3"},{"name":"resultFormat","value":"allure2"}],"parameters":[{"name":"booster_packages","value":"platinum"},{"name":"masterclass_packages","value":"buy"},{"name":"opt_in_page","value":"tf_ev"},{"name":"plan","value":"quarterly"},{"name":"rd_bottles","value":"3"},{"name":"rd_upsell_downsell","value":"upgrade"},{"name":"rl_bottles","value":"1"},{"name":"rl_upsell_downsell","value":"upgrade"}],"links":[],"hidden":false,"retry":false,"extra":{"severity":"normal","retries":[],"categories":[{"name":"Product defects","matchedStatuses":[],"flaky":false}],"history":{"statistic":{"failed":14,"broken":0,"skipped":0,"passed":0,"unknown":0,"total":14},"items":[{"uid":"7df3f38e15055ec3","reportUrl":"https://zoniadev.github.io/automation-testing-framework/292//#testresult/7df3f38e15055ec3","status":"failed","statusDetails":"AssertionError: No visible elements found with locator h5.modal-title!\n","time":{"start":1753656004409,"stop":1753656042801,"duration":38392}},{"uid":"237754706fb4e180","reportUrl":"https://zoniadev.github.io/automation-testing-framework/291//#testresult/237754706fb4e180","status":"failed","statusDetails":"AssertionError: No visible elements found with locator h5.modal-title!\n","time":{"start":1753569636802,"stop":1753569674122,"duration":37320}},{"uid":"1695ed346b3fadfc","reportUrl":"https://zoniadev.github.io/automation-testing-framework/290//#testresult/1695ed346b3fadfc","status":"failed","statusDetails":"AssertionError: No visible elements found with locator h5.modal-title!\n","time":{"start":1753483464334,"stop":1753483501709,"duration":37375}},{"uid":"438b23bf920f7b8d","reportUrl":"https://zoniadev.github.io/automation-testing-framework/289//#testresult/438b23bf920f7b8d","status":"failed","statusDetails":"AssertionError: No visible elements found with locator h5.modal-title!\n","time":{"start":1753396834381,"stop":1753396871199,"duration":36818}},{"uid":"b33e29f8b5180f39","reportUrl":"https://zoniadev.github.io/automation-testing-framework/288//#testresult/b33e29f8b5180f39","status":"failed","statusDetails":"AssertionError: No visible elements found with locator h5.modal-title!\n","time":{"start":1753310526080,"stop":1753310563653,"duration":37573}},{"uid":"2f2ee8febe469362","reportUrl":"https://zoniadev.github.io/automation-testing-framework/287//#testresult/2f2ee8febe469362","status":"failed","statusDetails":"AssertionError: No visible elements found with locator h5.modal-title!\n","time":{"start":1753223915605,"stop":1753223950850,"duration":35245}},{"uid":"48da7936acbc3f12","reportUrl":"https://zoniadev.github.io/automation-testing-framework/286//#testresult/48da7936acbc3f12","status":"failed","statusDetails":"AssertionError: No visible elements found with locator h5.modal-title!\n","time":{"start":1753137711219,"stop":1753137747673,"duration":36454}},{"uid":"f4fc259e785908e7","reportUrl":"https://zoniadev.github.io/automation-testing-framework/285//#testresult/f4fc259e785908e7","status":"failed","statusDetails":"AssertionError: No visible elements found with locator h5.modal-title!\n","time":{"start":1753051195243,"stop":1753051232722,"duration":37479}},{"uid":"8168ddafa055a6e8","reportUrl":"https://zoniadev.github.io/automation-testing-framework/284//#testresult/8168ddafa055a6e8","status":"failed","statusDetails":"AssertionError: No visible elements found with locator h5.modal-title!\n","time":{"start":1752964691592,"stop":1752964727761,"duration":36169}},{"uid":"e14a6d6ff5a0e4e3","reportUrl":"https://zoniadev.github.io/automation-testing-framework/283//#testresult/e14a6d6ff5a0e4e3","status":"failed","statusDetails":"AssertionError: No visible elements found with locator h5.modal-title!\n","time":{"start":1752878473528,"stop":1752878509764,"duration":36236}},{"uid":"d545141e9d6527ee","reportUrl":"https://zoniadev.github.io/automation-testing-framework/282//#testresult/d545141e9d6527ee","status":"failed","statusDetails":"AssertionError: No visible elements found with locator h5.modal-title!\n","time":{"start":1752792093861,"stop":1752792130999,"duration":37138}},{"uid":"d1cfc85a50c402e5","reportUrl":"https://zoniadev.github.io/automation-testing-framework/281//#testresult/d1cfc85a50c402e5","status":"failed","statusDetails":"AssertionError: No visible elements found with locator h5.modal-title!\n","time":{"start":1752705703636,"stop":1752705738771,"duration":35135}},{"uid":"6dddc3b5ed19881b","reportUrl":"https://zoniadev.github.io/automation-testing-framework/446//#testresult/6dddc3b5ed19881b","status":"failed","statusDetails":"AssertionError: No visible elements found with locator h5.modal-title!\n","time":{"start":1752666339008,"stop":1752666373525,"duration":34517}}]},"tags":["nightly"]},"source":"e767e1b1b126570b.json","parameterValues":["platinum","buy","tf_ev","quarterly","3","upgrade","1","upgrade"]}