{"uid":"afed92f4d8b657f0","name":"CR Live screening funnel -- @1.7 ","fullName":"Docuseries tests: CR Live screening funnel","historyId":"ac37f2d475e9b2e5990807af106de57a","time":{"start":1770701056933,"stop":1770701149046,"duration":92113},"status":"failed","statusMessage":"AssertionError: Locator.text_content: Timeout 30000ms exceeded.\nCall log:\nwaiting for locator(\"#shippingModal h5.modal-title\")\n\n","statusTrace":"  File \"/opt/hostedtoolcache/Python/3.9.25/x64/lib/python3.9/site-packages/behave/model.py\", line 1329, in run\n    match.run(runner.context)\n  File \"/opt/hostedtoolcache/Python/3.9.25/x64/lib/python3.9/site-packages/behave/matchers.py\", line 98, in run\n    self.func(context, *args, **kwargs)\n  File \"/home/runner/work/automation-testing-framework/automation-testing-framework/common_functions/custom_step_decorator.py\", line 10, in inner\n    raise AssertionError(e)\n","flaky":true,"newFailed":true,"newBroken":false,"newPassed":false,"retriesCount":0,"retriesStatusChange":false,"beforeStages":[],"testStage":{"status":"failed","statusMessage":"AssertionError: Locator.text_content: Timeout 30000ms exceeded.\nCall log:\nwaiting for locator(\"#shippingModal h5.modal-title\")\n\n","statusTrace":"  File \"/opt/hostedtoolcache/Python/3.9.25/x64/lib/python3.9/site-packages/behave/model.py\", line 1329, in run\n    match.run(runner.context)\n  File \"/opt/hostedtoolcache/Python/3.9.25/x64/lib/python3.9/site-packages/behave/matchers.py\", line 98, in run\n    self.func(context, *args, **kwargs)\n  File \"/home/runner/work/automation-testing-framework/automation-testing-framework/common_functions/custom_step_decorator.py\", line 10, in inner\n    raise AssertionError(e)\n","steps":[{"name":"Given user is on the \"cr_live\" episode \"7\" page","time":{"start":1770701056992,"stop":1770701059367,"duration":2375},"status":"passed","steps":[],"attachments":[{"uid":"9c520174c5a09601","name":"stdout","source":"9c520174c5a09601.txt","type":"text/plain","size":342}],"parameters":[],"shouldDisplayMessage":false,"stepsCount":0,"attachmentsCount":1,"hasContent":true,"attachmentStep":false},{"name":"And user join Zonia","time":{"start":1770701059367,"stop":1770701063466,"duration":4099},"status":"passed","steps":[],"attachments":[{"uid":"beceaab05f839bd5","name":"stdout","source":"beceaab05f839bd5.txt","type":"text/plain","size":548}],"parameters":[],"shouldDisplayMessage":false,"stepsCount":0,"attachmentsCount":1,"hasContent":true,"attachmentStep":false},{"name":"When user sign up for \"monthly\" plan","time":{"start":1770701063466,"stop":1770701074802,"duration":11336},"status":"passed","steps":[],"attachments":[{"uid":"6f11bbc0e0c84c7","name":"stdout","source":"6f11bbc0e0c84c7.txt","type":"text/plain","size":1094}],"parameters":[],"shouldDisplayMessage":false,"stepsCount":0,"attachmentsCount":1,"hasContent":true,"attachmentStep":false},{"name":"And user makes following decision in docuseries \"Booster Packages\" Upsell page","time":{"start":1770701074802,"stop":1770701076535,"duration":1733},"status":"passed","steps":[],"attachments":[{"uid":"e9e62c371cde9405","name":".table","source":"e9e62c371cde9405.csv","type":"text/csv","size":11},{"uid":"50f2ce1cd8dc3da4","name":"stdout","source":"50f2ce1cd8dc3da4.txt","type":"text/plain","size":1545}],"parameters":[],"shouldDisplayMessage":false,"stepsCount":0,"attachmentsCount":2,"hasContent":true,"attachmentStep":false},{"name":"And user makes following decision in docuseries \"Masterclass Packages\" Upsell page","time":{"start":1770701076535,"stop":1770701077560,"duration":1025},"status":"passed","steps":[],"attachments":[{"uid":"73e9ffdd9d49fc9f","name":".table","source":"73e9ffdd9d49fc9f.csv","type":"text/csv","size":11},{"uid":"d2b1cc78eb8fe0e2","name":"stdout","source":"d2b1cc78eb8fe0e2.txt","type":"text/plain","size":1992}],"parameters":[],"shouldDisplayMessage":false,"stepsCount":0,"attachmentsCount":2,"hasContent":true,"attachmentStep":false},{"name":"And user makes following decision in docuseries \"Restore Sleep\" Upsell page","time":{"start":1770701077560,"stop":1770701080014,"duration":2454},"status":"passed","steps":[],"attachments":[{"uid":"bf4081f9b2cc9868","name":".table","source":"bf4081f9b2cc9868.csv","type":"text/csv","size":29},{"uid":"80caf0882d094831","name":"stdout","source":"80caf0882d094831.txt","type":"text/plain","size":2702}],"parameters":[],"shouldDisplayMessage":false,"stepsCount":0,"attachmentsCount":2,"hasContent":true,"attachmentStep":false},{"name":"And user makes following decision in docuseries \"Restore Life\" Upsell page","time":{"start":1770701080014,"stop":1770701147162,"duration":67148},"status":"failed","statusMessage":"AssertionError: Locator.text_content: Timeout 30000ms exceeded.\nCall log:\nwaiting for locator(\"#shippingModal h5.modal-title\")\n\n","statusTrace":"  File \"/opt/hostedtoolcache/Python/3.9.25/x64/lib/python3.9/site-packages/behave/model.py\", line 1329, in run\n    match.run(runner.context)\n  File \"/opt/hostedtoolcache/Python/3.9.25/x64/lib/python3.9/site-packages/behave/matchers.py\", line 98, in run\n    self.func(context, *args, **kwargs)\n  File \"/home/runner/work/automation-testing-framework/automation-testing-framework/common_functions/custom_step_decorator.py\", line 10, in inner\n    raise AssertionError(e)\n","steps":[],"attachments":[{"uid":"d8ac8b10e5e899a0","name":".table","source":"d8ac8b10e5e899a0.csv","type":"text/csv","size":33},{"uid":"bc0d1f4f29b503e0","name":"stdout","source":"bc0d1f4f29b503e0.txt","type":"text/plain","size":4714}],"parameters":[],"shouldDisplayMessage":true,"stepsCount":0,"attachmentsCount":2,"hasContent":true,"attachmentStep":false},{"name":"Then user complete registration","time":{"start":1770701149046,"stop":1770701149046,"duration":0},"status":"skipped","steps":[],"attachments":[],"parameters":[],"shouldDisplayMessage":false,"stepsCount":0,"attachmentsCount":0,"hasContent":false,"attachmentStep":false}],"attachments":[{"uid":"4eee4bcbd1462ba3","name":"Test Video","source":"4eee4bcbd1462ba3.webm","type":"video/webm","size":1913942}],"parameters":[],"shouldDisplayMessage":false,"stepsCount":8,"attachmentsCount":12,"hasContent":true,"attachmentStep":false},"afterStages":[],"labels":[{"name":"severity","value":"normal"},{"name":"tag","value":"all_docuseries"},{"name":"tag","value":"cr_screening"},{"name":"feature","value":"Docuseries tests"},{"name":"framework","value":"behave"},{"name":"language","value":"cpython3"},{"name":"resultFormat","value":"allure2"}],"parameters":[{"name":"booster_packages","value":"no"},{"name":"episode","value":"7"},{"name":"masterclass_packages","value":"no"},{"name":"plan","value":"monthly"},{"name":"rl_bottles","value":"3"},{"name":"rl_upsell_downsell","value":"upgrade"},{"name":"rs_bottles","value":"no"},{"name":"rs_upsell_downsell","value":"no"}],"links":[],"hidden":false,"retry":false,"extra":{"severity":"normal","retries":[],"categories":[{"name":"Product defects","matchedStatuses":[]}],"history":{"statistic":{"failed":2,"broken":0,"skipped":0,"passed":2,"unknown":0,"total":4},"items":[{"uid":"5db7df0e7d1ed8f7","status":"passed","time":{"start":1770614522963,"stop":1770614640775,"duration":117812}},{"uid":"87883050e67abc32","status":"passed","time":{"start":1770528171321,"stop":1770528287473,"duration":116152}},{"uid":"c5807ea535bf35c6","status":"failed","statusDetails":"AssertionError: Locator.click: Timeout 30000ms exceeded.\nCall log:\nwaiting for locator(\"//*[@unique-id='add-order-3-1']\")\n  -   locator resolved to <a data-sku=\"RL-3\" data-id=\"add-order-3\" class=\"product-button\" unique-id=\"add-order-3-1\">ADD TO ORDER</a>\n  - attempting click action\n  -   waiting for element to be visible, enabled and stable\n  -   element is visible, enabled and stable\n  -   scrolling into view if needed\n  -   done scrolling\n  -   <div test-id=\"loader\" id=\"loader-wrapper\" unique-identifier=\"loader-wrapper-1\">…</div> intercepts pointer events\n  - retrying click action, attempt #1\n  -   waiting for element to be visible, enabled and stable\n  -   element is visible, enabled and stable\n  -   scrolling into view if needed\n  -   done scrolling\n  -   <div test-id=\"loader\" id=\"loader-wrapper\" unique-identifier=\"loader-wrapper-1\">…</div> intercepts pointer events\n  - retrying click action, attempt #2\n  -   waiting 20ms\n  -   waiting for element to be visible, enabled and stable\n  -   element is not stable\n  - retrying click action, attempt #3\n  -   waiting 100ms\n  -   waiting for element to be visible, enabled and stable\n  -   element is not stable\n  - retrying click action, attempt #4\n  -   waiting 100ms\n  -   waiting for element to be visible, enabled and stable\n  -   element is not stable\n  - retrying click action, attempt #5\n  -   waiting 500ms\n  -   waiting for element to be visible, enabled and stable\n  -   element is visible, enabled and stable\n  -   scrolling into view if needed\n  -   done scrolling\n  -   <div test-id=\"loader\" id=\"loader-wrapper\" unique-identifier=\"loader-wrapper-1\">…</div> intercepts pointer events\n  - retrying click action, attempt #6\n  -   waiting 500ms\n  -   waiting for element to be visible, enabled and stable\n  -   element is visible, enabled and stable\n  -   scrolling into view if needed\n  -   done scrolling\n  -   <div test-id=\"loader\" id=\"loader-wrapper\" unique-identifier=\"loader-wrapper-1\">…</div> intercepts pointer events\n  - retrying click action, attempt #7\n  -   waiting 500ms\n  -   waiting for element to be visible, enabled and stable\n  - element was detached from the DOM, retrying\n\n","time":{"start":1770440301281,"stop":1770440406021,"duration":104740}}]},"tags":["cr_screening","all_docuseries"]},"source":"afed92f4d8b657f0.json","parameterValues":["no","7","no","monthly","3","upgrade","no","no"]}