{"uid":"c5807ea535bf35c6","name":"CR Live screening funnel -- @1.7 ","fullName":"Docuseries tests: CR Live screening funnel","historyId":"ac37f2d475e9b2e5990807af106de57a","time":{"start":1770440301281,"stop":1770440406021,"duration":104740},"status":"failed","statusMessage":"AssertionError: Locator.click: Timeout 30000ms exceeded.\nCall log:\nwaiting for locator(\"//*[@unique-id='add-order-3-1']\")\n  -   locator resolved to <a data-sku=\"RL-3\" data-id=\"add-order-3\" class=\"product-button\" unique-id=\"add-order-3-1\">ADD TO ORDER</a>\n  - attempting click action\n  -   waiting for element to be visible, enabled and stable\n  -   element is visible, enabled and stable\n  -   scrolling into view if needed\n  -   done scrolling\n  -   <div test-id=\"loader\" id=\"loader-wrapper\" unique-identifier=\"loader-wrapper-1\">…</div> intercepts pointer events\n  - retrying click action, attempt #1\n  -   waiting for element to be visible, enabled and stable\n  -   element is visible, enabled and stable\n  -   scrolling into view if needed\n  -   done scrolling\n  -   <div test-id=\"loader\" id=\"loader-wrapper\" unique-identifier=\"loader-wrapper-1\">…</div> intercepts pointer events\n  - retrying click action, attempt #2\n  -   waiting 20ms\n  -   waiting for element to be visible, enabled and stable\n  -   element is not stable\n  - retrying click action, attempt #3\n  -   waiting 100ms\n  -   waiting for element to be visible, enabled and stable\n  -   element is not stable\n  - retrying click action, attempt #4\n  -   waiting 100ms\n  -   waiting for element to be visible, enabled and stable\n  -   element is not stable\n  - retrying click action, attempt #5\n  -   waiting 500ms\n  -   waiting for element to be visible, enabled and stable\n  -   element is visible, enabled and stable\n  -   scrolling into view if needed\n  -   done scrolling\n  -   <div test-id=\"loader\" id=\"loader-wrapper\" unique-identifier=\"loader-wrapper-1\">…</div> intercepts pointer events\n  - retrying click action, attempt #6\n  -   waiting 500ms\n  -   waiting for element to be visible, enabled and stable\n  -   element is visible, enabled and stable\n  -   scrolling into view if needed\n  -   done scrolling\n  -   <div test-id=\"loader\" id=\"loader-wrapper\" unique-identifier=\"loader-wrapper-1\">…</div> intercepts pointer events\n  - retrying click action, attempt #7\n  -   waiting 500ms\n  -   waiting for element to be visible, enabled and stable\n  - element was detached from the DOM, retrying\n\n","statusTrace":"  File \"/opt/hostedtoolcache/Python/3.9.25/x64/lib/python3.9/site-packages/behave/model.py\", line 1329, in run\n    match.run(runner.context)\n  File \"/opt/hostedtoolcache/Python/3.9.25/x64/lib/python3.9/site-packages/behave/matchers.py\", line 98, in run\n    self.func(context, *args, **kwargs)\n  File \"/home/runner/work/automation-testing-framework/automation-testing-framework/common_functions/custom_step_decorator.py\", line 10, in inner\n    raise AssertionError(e)\n","flaky":false,"newFailed":false,"newBroken":false,"newPassed":false,"retriesCount":0,"retriesStatusChange":false,"beforeStages":[],"testStage":{"status":"failed","statusMessage":"AssertionError: Locator.click: Timeout 30000ms exceeded.\nCall log:\nwaiting for locator(\"//*[@unique-id='add-order-3-1']\")\n  -   locator resolved to <a data-sku=\"RL-3\" data-id=\"add-order-3\" class=\"product-button\" unique-id=\"add-order-3-1\">ADD TO ORDER</a>\n  - attempting click action\n  -   waiting for element to be visible, enabled and stable\n  -   element is visible, enabled and stable\n  -   scrolling into view if needed\n  -   done scrolling\n  -   <div test-id=\"loader\" id=\"loader-wrapper\" unique-identifier=\"loader-wrapper-1\">…</div> intercepts pointer events\n  - retrying click action, attempt #1\n  -   waiting for element to be visible, enabled and stable\n  -   element is visible, enabled and stable\n  -   scrolling into view if needed\n  -   done scrolling\n  -   <div test-id=\"loader\" id=\"loader-wrapper\" unique-identifier=\"loader-wrapper-1\">…</div> intercepts pointer events\n  - retrying click action, attempt #2\n  -   waiting 20ms\n  -   waiting for element to be visible, enabled and stable\n  -   element is not stable\n  - retrying click action, attempt #3\n  -   waiting 100ms\n  -   waiting for element to be visible, enabled and stable\n  -   element is not stable\n  - retrying click action, attempt #4\n  -   waiting 100ms\n  -   waiting for element to be visible, enabled and stable\n  -   element is not stable\n  - retrying click action, attempt #5\n  -   waiting 500ms\n  -   waiting for element to be visible, enabled and stable\n  -   element is visible, enabled and stable\n  -   scrolling into view if needed\n  -   done scrolling\n  -   <div test-id=\"loader\" id=\"loader-wrapper\" unique-identifier=\"loader-wrapper-1\">…</div> intercepts pointer events\n  - retrying click action, attempt #6\n  -   waiting 500ms\n  -   waiting for element to be visible, enabled and stable\n  -   element is visible, enabled and stable\n  -   scrolling into view if needed\n  -   done scrolling\n  -   <div test-id=\"loader\" id=\"loader-wrapper\" unique-identifier=\"loader-wrapper-1\">…</div> intercepts pointer events\n  - retrying click action, attempt #7\n  -   waiting 500ms\n  -   waiting for element to be visible, enabled and stable\n  - element was detached from the DOM, retrying\n\n","statusTrace":"  File \"/opt/hostedtoolcache/Python/3.9.25/x64/lib/python3.9/site-packages/behave/model.py\", line 1329, in run\n    match.run(runner.context)\n  File \"/opt/hostedtoolcache/Python/3.9.25/x64/lib/python3.9/site-packages/behave/matchers.py\", line 98, in run\n    self.func(context, *args, **kwargs)\n  File \"/home/runner/work/automation-testing-framework/automation-testing-framework/common_functions/custom_step_decorator.py\", line 10, in inner\n    raise AssertionError(e)\n","steps":[{"name":"Given user is on the \"cr_live\" episode \"7\" page","time":{"start":1770440301340,"stop":1770440304176,"duration":2836},"status":"passed","steps":[],"attachments":[{"uid":"54eb6657c5a6ba20","name":"stdout","source":"54eb6657c5a6ba20.txt","type":"text/plain","size":342}],"parameters":[],"shouldDisplayMessage":false,"stepsCount":0,"attachmentsCount":1,"hasContent":true,"attachmentStep":false},{"name":"And user join Zonia","time":{"start":1770440304176,"stop":1770440308071,"duration":3895},"status":"passed","steps":[],"attachments":[{"uid":"5f6e65dcd023d0fe","name":"stdout","source":"5f6e65dcd023d0fe.txt","type":"text/plain","size":548}],"parameters":[],"shouldDisplayMessage":false,"stepsCount":0,"attachmentsCount":1,"hasContent":true,"attachmentStep":false},{"name":"When user sign up for \"monthly\" plan","time":{"start":1770440308071,"stop":1770440319935,"duration":11864},"status":"passed","steps":[],"attachments":[{"uid":"e7e258d67aa0f0ac","name":"stdout","source":"e7e258d67aa0f0ac.txt","type":"text/plain","size":1091}],"parameters":[],"shouldDisplayMessage":false,"stepsCount":0,"attachmentsCount":1,"hasContent":true,"attachmentStep":false},{"name":"And user makes following decision in docuseries \"Booster Packages\" Upsell page","time":{"start":1770440319936,"stop":1770440320644,"duration":708},"status":"passed","steps":[],"attachments":[{"uid":"d687da5d3f3f4c00","name":".table","source":"d687da5d3f3f4c00.csv","type":"text/csv","size":11},{"uid":"36b4cfc49a42650b","name":"stdout","source":"36b4cfc49a42650b.txt","type":"text/plain","size":1542}],"parameters":[],"shouldDisplayMessage":false,"stepsCount":0,"attachmentsCount":2,"hasContent":true,"attachmentStep":false},{"name":"And user makes following decision in docuseries \"Masterclass Packages\" Upsell page","time":{"start":1770440320644,"stop":1770440322973,"duration":2329},"status":"passed","steps":[],"attachments":[{"uid":"de10682d532a6bba","name":".table","source":"de10682d532a6bba.csv","type":"text/csv","size":11},{"uid":"558688c783c5c49d","name":"stdout","source":"558688c783c5c49d.txt","type":"text/plain","size":1989}],"parameters":[],"shouldDisplayMessage":false,"stepsCount":0,"attachmentsCount":2,"hasContent":true,"attachmentStep":false},{"name":"And user makes following decision in docuseries \"Restore Sleep\" Upsell page","time":{"start":1770440322974,"stop":1770440324934,"duration":1960},"status":"passed","steps":[],"attachments":[{"uid":"b124991c5bfd66d8","name":".table","source":"b124991c5bfd66d8.csv","type":"text/csv","size":29},{"uid":"c10cd4cbcaf0cb18","name":"stdout","source":"c10cd4cbcaf0cb18.txt","type":"text/plain","size":2699}],"parameters":[],"shouldDisplayMessage":false,"stepsCount":0,"attachmentsCount":2,"hasContent":true,"attachmentStep":false},{"name":"And user makes following decision in docuseries \"Restore Life\" Upsell page","time":{"start":1770440324934,"stop":1770440405406,"duration":80472},"status":"failed","statusMessage":"AssertionError: Locator.click: Timeout 30000ms exceeded.\nCall log:\nwaiting for locator(\"//*[@unique-id='add-order-3-1']\")\n  -   locator resolved to <a data-sku=\"RL-3\" data-id=\"add-order-3\" class=\"product-button\" unique-id=\"add-order-3-1\">ADD TO ORDER</a>\n  - attempting click action\n  -   waiting for element to be visible, enabled and stable\n  -   element is visible, enabled and stable\n  -   scrolling into view if needed\n  -   done scrolling\n  -   <div test-id=\"loader\" id=\"loader-wrapper\" unique-identifier=\"loader-wrapper-1\">…</div> intercepts pointer events\n  - retrying click action, attempt #1\n  -   waiting for element to be visible, enabled and stable\n  -   element is visible, enabled and stable\n  -   scrolling into view if needed\n  -   done scrolling\n  -   <div test-id=\"loader\" id=\"loader-wrapper\" unique-identifier=\"loader-wrapper-1\">…</div> intercepts pointer events\n  - retrying click action, attempt #2\n  -   waiting 20ms\n  -   waiting for element to be visible, enabled and stable\n  -   element is not stable\n  - retrying click action, attempt #3\n  -   waiting 100ms\n  -   waiting for element to be visible, enabled and stable\n  -   element is not stable\n  - retrying click action, attempt #4\n  -   waiting 100ms\n  -   waiting for element to be visible, enabled and stable\n  -   element is not stable\n  - retrying click action, attempt #5\n  -   waiting 500ms\n  -   waiting for element to be visible, enabled and stable\n  -   element is visible, enabled and stable\n  -   scrolling into view if needed\n  -   done scrolling\n  -   <div test-id=\"loader\" id=\"loader-wrapper\" unique-identifier=\"loader-wrapper-1\">…</div> intercepts pointer events\n  - retrying click action, attempt #6\n  -   waiting 500ms\n  -   waiting for element to be visible, enabled and stable\n  -   element is visible, enabled and stable\n  -   scrolling into view if needed\n  -   done scrolling\n  -   <div test-id=\"loader\" id=\"loader-wrapper\" unique-identifier=\"loader-wrapper-1\">…</div> intercepts pointer events\n  - retrying click action, attempt #7\n  -   waiting 500ms\n  -   waiting for element to be visible, enabled and stable\n  - element was detached from the DOM, retrying\n\n","statusTrace":"  File \"/opt/hostedtoolcache/Python/3.9.25/x64/lib/python3.9/site-packages/behave/model.py\", line 1329, in run\n    match.run(runner.context)\n  File \"/opt/hostedtoolcache/Python/3.9.25/x64/lib/python3.9/site-packages/behave/matchers.py\", line 98, in run\n    self.func(context, *args, **kwargs)\n  File \"/home/runner/work/automation-testing-framework/automation-testing-framework/common_functions/custom_step_decorator.py\", line 10, in inner\n    raise AssertionError(e)\n","steps":[],"attachments":[{"uid":"60215dfe954abada","name":".table","source":"60215dfe954abada.csv","type":"text/csv","size":33},{"uid":"2771375954e297ca","name":"stdout","source":"2771375954e297ca.txt","type":"text/plain","size":7298}],"parameters":[],"shouldDisplayMessage":true,"stepsCount":0,"attachmentsCount":2,"hasContent":true,"attachmentStep":false},{"name":"Then user complete registration","time":{"start":1770440406021,"stop":1770440406021,"duration":0},"status":"skipped","steps":[],"attachments":[],"parameters":[],"shouldDisplayMessage":false,"stepsCount":0,"attachmentsCount":0,"hasContent":false,"attachmentStep":false}],"attachments":[{"uid":"a44f4fa57f1b9f13","name":"Test Video","source":"a44f4fa57f1b9f13.webm","type":"video/webm","size":2766095}],"parameters":[],"shouldDisplayMessage":false,"stepsCount":8,"attachmentsCount":12,"hasContent":true,"attachmentStep":false},"afterStages":[],"labels":[{"name":"severity","value":"normal"},{"name":"tag","value":"all_docuseries"},{"name":"tag","value":"cr_screening"},{"name":"feature","value":"Docuseries tests"},{"name":"framework","value":"behave"},{"name":"language","value":"cpython3"},{"name":"resultFormat","value":"allure2"}],"parameters":[{"name":"booster_packages","value":"no"},{"name":"episode","value":"7"},{"name":"masterclass_packages","value":"no"},{"name":"plan","value":"monthly"},{"name":"rl_bottles","value":"3"},{"name":"rl_upsell_downsell","value":"upgrade"},{"name":"rs_bottles","value":"no"},{"name":"rs_upsell_downsell","value":"no"}],"links":[],"hidden":false,"retry":false,"extra":{"severity":"normal","retries":[],"categories":[{"name":"Product defects","matchedStatuses":[]}],"tags":["cr_screening","all_docuseries"]},"source":"c5807ea535bf35c6.json","parameterValues":["no","7","no","monthly","3","upgrade","no","no"]}