{"uid":"13e10282703b5969","name":"Restore Sleep Supplement funnel -- @1.7 ","fullName":"Funnel tests: Restore Sleep Supplement funnel","historyId":"65db647d14a42d4e76461b070f8470ba","time":{"start":1728971940232,"stop":1728971942722,"duration":2490},"status":"failed","statusMessage":"AssertionError: No elements found with locator //*[@data-id='add-order-3']!\n","statusTrace":"  File \"/opt/hostedtoolcache/Python/3.12.7/x64/lib/python3.12/site-packages/behave/model.py\", line 1329, in run\n    match.run(runner.context)\n  File \"/opt/hostedtoolcache/Python/3.12.7/x64/lib/python3.12/site-packages/behave/matchers.py\", line 98, in run\n    self.func(context, *args, **kwargs)\n  File \"/home/runner/work/automation-testing-framework/automation-testing-framework/common_functions/custom_step_decorator.py\", line 10, in inner\n    raise AssertionError(e)\n","flaky":false,"newFailed":false,"newBroken":false,"newPassed":false,"retriesCount":0,"retriesStatusChange":false,"beforeStages":[],"testStage":{"status":"failed","statusMessage":"AssertionError: No elements found with locator //*[@data-id='add-order-3']!\n","statusTrace":"  File \"/opt/hostedtoolcache/Python/3.12.7/x64/lib/python3.12/site-packages/behave/model.py\", line 1329, in run\n    match.run(runner.context)\n  File \"/opt/hostedtoolcache/Python/3.12.7/x64/lib/python3.12/site-packages/behave/matchers.py\", line 98, in run\n    self.func(context, *args, **kwargs)\n  File \"/home/runner/work/automation-testing-framework/automation-testing-framework/common_functions/custom_step_decorator.py\", line 10, in inner\n    raise AssertionError(e)\n","steps":[{"name":"Given user select to buy \"3\" bottles in \"Restore Sleep\" Supplements page","time":{"start":1728971940270,"stop":1728971942695,"duration":2425},"status":"failed","statusMessage":"AssertionError: No elements found with locator //*[@data-id='add-order-3']!\n","statusTrace":"  File \"/opt/hostedtoolcache/Python/3.12.7/x64/lib/python3.12/site-packages/behave/model.py\", line 1329, in run\n    match.run(runner.context)\n  File \"/opt/hostedtoolcache/Python/3.12.7/x64/lib/python3.12/site-packages/behave/matchers.py\", line 98, in run\n    self.func(context, *args, **kwargs)\n  File \"/home/runner/work/automation-testing-framework/automation-testing-framework/common_functions/custom_step_decorator.py\", line 10, in inner\n    raise AssertionError(e)\n","steps":[],"attachments":[{"uid":"94d06d79286ab84e","name":"screenshot","source":"94d06d79286ab84e.png","type":"image/png","size":159156},{"uid":"a0e82e7ebd738205","name":"stdout","source":"a0e82e7ebd738205.txt","type":"text/plain","size":277}],"parameters":[],"shouldDisplayMessage":true,"stepsCount":0,"attachmentsCount":2,"hasContent":true},{"name":"When user makes following decision in \"first\" supplement \"6 More bottles of Restore Sleep\" Upsell page","time":{"start":1728971942721,"stop":1728971942721,"duration":0},"status":"skipped","steps":[],"attachments":[{"uid":"88141454979689dd","name":".table","source":"88141454979689dd.csv","type":"text/csv","size":25}],"parameters":[],"shouldDisplayMessage":false,"stepsCount":0,"attachmentsCount":1,"hasContent":true},{"name":"And user makes following decision in \"second\" supplement \"Restore Life\" Upsell page","time":{"start":1728971942721,"stop":1728971942721,"duration":0},"status":"skipped","steps":[],"attachments":[{"uid":"11b6582e96d81e4f","name":".table","source":"11b6582e96d81e4f.csv","type":"text/csv","size":36}],"parameters":[],"shouldDisplayMessage":false,"stepsCount":0,"attachmentsCount":1,"hasContent":true},{"name":"And user makes following decision in \"third\" supplement \"Restore Detox\" Upsell page","time":{"start":1728971942721,"stop":1728971942721,"duration":0},"status":"skipped","steps":[],"attachments":[{"uid":"d4ecd17f62fc5623","name":".table","source":"d4ecd17f62fc5623.csv","type":"text/csv","size":36}],"parameters":[],"shouldDisplayMessage":false,"stepsCount":0,"attachmentsCount":1,"hasContent":true},{"name":"And user makes following decision in 7 day free membership","time":{"start":1728971942721,"stop":1728971942722,"duration":1},"status":"skipped","steps":[],"attachments":[{"uid":"bd71761d2399da29","name":".table","source":"bd71761d2399da29.csv","type":"text/csv","size":24}],"parameters":[],"shouldDisplayMessage":false,"stepsCount":0,"attachmentsCount":1,"hasContent":true},{"name":"Then user complete registration","time":{"start":1728971942722,"stop":1728971942722,"duration":0},"status":"skipped","steps":[],"attachments":[],"parameters":[],"shouldDisplayMessage":false,"stepsCount":0,"attachmentsCount":0,"hasContent":false}],"attachments":[{"uid":"bdb3080663927bbd","name":"Test Video","source":"bdb3080663927bbd.webm","type":"video/webm","size":69037}],"parameters":[],"shouldDisplayMessage":false,"stepsCount":6,"attachmentsCount":7,"hasContent":true},"afterStages":[],"labels":[{"name":"severity","value":"normal"},{"name":"tag","value":"restore_sleep"},{"name":"feature","value":"Funnel tests"},{"name":"framework","value":"behave"},{"name":"language","value":"cpython3"},{"name":"resultFormat","value":"allure2"}],"parameters":[{"name":"bottles","value":"3"},{"name":"dt_last_chance","value":"most_popular"},{"name":"dt_upgrade","value":"yes"},{"name":"lf_last_chance","value":"most_popular"},{"name":"lf_upgrade","value":"yes"},{"name":"memb_decision","value":"decline"},{"name":"memb_plan","value":"no"},{"name":"sl_last_chance","value":"no"},{"name":"sl_upgrade","value":"no"}],"links":[],"hidden":false,"retry":false,"extra":{"severity":"normal","retries":[],"categories":[{"name":"Product defects","matchedStatuses":[],"flaky":false}],"history":{"statistic":{"failed":3,"broken":0,"skipped":0,"passed":0,"unknown":0,"total":3},"items":[{"uid":"d0212120680f3431","reportUrl":"https://zoniadev.github.io/automation-testing-framework/86//#testresult/d0212120680f3431","status":"failed","statusDetails":"AssertionError: No elements found with locator //*[@data-id='add-order-3']!\n","time":{"start":1728896097801,"stop":1728896100284,"duration":2483}},{"uid":"9cc662271beadc6d","reportUrl":"https://zoniadev.github.io/automation-testing-framework/72//#testresult/9cc662271beadc6d","status":"failed","statusDetails":"AssertionError: No elements found with locator //*[@data-id='add-order-3']!\n","time":{"start":1728562452586,"stop":1728562455001,"duration":2415}}]},"tags":["restore_sleep"]},"source":"13e10282703b5969.json","parameterValues":["3","most_popular","yes","most_popular","yes","decline","no","no","no"]}