{"uid":"3aa38956c43a892c","name":"Restore Sleep Supplement funnel -- @1.17 ","fullName":"Funnel tests: Restore Sleep Supplement funnel","historyId":"ab0ad11f6935f4a36ecac5d6b5a3080d","time":{"start":1728972672155,"stop":1728972787001,"duration":114846},"status":"failed","statusMessage":"AssertionError: No elements found with locator //*[@data-id='no-thanks']!\n","statusTrace":"  File \"/opt/hostedtoolcache/Python/3.12.7/x64/lib/python3.12/site-packages/behave/model.py\", line 1329, in run\n    match.run(runner.context)\n  File \"/opt/hostedtoolcache/Python/3.12.7/x64/lib/python3.12/site-packages/behave/matchers.py\", line 98, in run\n    self.func(context, *args, **kwargs)\n  File \"/home/runner/work/automation-testing-framework/automation-testing-framework/common_functions/custom_step_decorator.py\", line 10, in inner\n    raise AssertionError(e)\n","flaky":false,"newFailed":false,"newBroken":false,"newPassed":false,"retriesCount":0,"retriesStatusChange":false,"beforeStages":[],"testStage":{"status":"failed","statusMessage":"AssertionError: No elements found with locator //*[@data-id='no-thanks']!\n","statusTrace":"  File \"/opt/hostedtoolcache/Python/3.12.7/x64/lib/python3.12/site-packages/behave/model.py\", line 1329, in run\n    match.run(runner.context)\n  File \"/opt/hostedtoolcache/Python/3.12.7/x64/lib/python3.12/site-packages/behave/matchers.py\", line 98, in run\n    self.func(context, *args, **kwargs)\n  File \"/home/runner/work/automation-testing-framework/automation-testing-framework/common_functions/custom_step_decorator.py\", line 10, in inner\n    raise AssertionError(e)\n","steps":[{"name":"Given user select to buy \"6\" bottles in \"Restore Sleep\" Supplements page","time":{"start":1728972672190,"stop":1728972686963,"duration":14773},"status":"passed","steps":[],"attachments":[{"uid":"fc2853b16988c989","name":"stdout","source":"fc2853b16988c989.txt","type":"text/plain","size":1491}],"parameters":[],"shouldDisplayMessage":false,"stepsCount":0,"attachmentsCount":1,"hasContent":true},{"name":"When user makes following decision in \"first\" supplement \"6 More bottles of Restore Sleep\" Upsell page","time":{"start":1728972686963,"stop":1728972719549,"duration":32586},"status":"passed","steps":[],"attachments":[{"uid":"43248b3b77664313","name":".table","source":"43248b3b77664313.csv","type":"text/csv","size":34},{"uid":"b319c7662599feea","name":"stdout","source":"b319c7662599feea.txt","type":"text/plain","size":2156}],"parameters":[],"shouldDisplayMessage":false,"stepsCount":0,"attachmentsCount":2,"hasContent":true},{"name":"And user makes following decision in \"second\" supplement \"Restore Life\" Upsell page","time":{"start":1728972719550,"stop":1728972752071,"duration":32521},"status":"passed","steps":[],"attachments":[{"uid":"c4f6d8aff3946f76","name":".table","source":"c4f6d8aff3946f76.csv","type":"text/csv","size":34},{"uid":"7e4076368345fc52","name":"stdout","source":"7e4076368345fc52.txt","type":"text/plain","size":2768}],"parameters":[],"shouldDisplayMessage":false,"stepsCount":0,"attachmentsCount":2,"hasContent":true},{"name":"And user makes following decision in \"third\" supplement \"Restore Detox\" Upsell page","time":{"start":1728972752071,"stop":1728972784653,"duration":32582},"status":"passed","steps":[],"attachments":[{"uid":"160839abe907605c","name":".table","source":"160839abe907605c.csv","type":"text/csv","size":26},{"uid":"46783bb1362174b","name":"stdout","source":"46783bb1362174b.txt","type":"text/plain","size":3315}],"parameters":[],"shouldDisplayMessage":false,"stepsCount":0,"attachmentsCount":2,"hasContent":true},{"name":"And user makes following decision in 7 day free membership","time":{"start":1728972784653,"stop":1728972786941,"duration":2288},"status":"failed","statusMessage":"AssertionError: No elements found with locator //*[@data-id='no-thanks']!\n","statusTrace":"  File \"/opt/hostedtoolcache/Python/3.12.7/x64/lib/python3.12/site-packages/behave/model.py\", line 1329, in run\n    match.run(runner.context)\n  File \"/opt/hostedtoolcache/Python/3.12.7/x64/lib/python3.12/site-packages/behave/matchers.py\", line 98, in run\n    self.func(context, *args, **kwargs)\n  File \"/home/runner/work/automation-testing-framework/automation-testing-framework/common_functions/custom_step_decorator.py\", line 10, in inner\n    raise AssertionError(e)\n","steps":[],"attachments":[{"uid":"62f2de5d86e85aa3","name":".table","source":"62f2de5d86e85aa3.csv","type":"text/csv","size":23},{"uid":"58b6b790a1925429","name":"screenshot","source":"58b6b790a1925429.png","type":"image/png","size":34534},{"uid":"62c183dc9a0400e8","name":"stdout","source":"62c183dc9a0400e8.txt","type":"text/plain","size":3984}],"parameters":[],"shouldDisplayMessage":true,"stepsCount":0,"attachmentsCount":3,"hasContent":true},{"name":"Then user complete registration","time":{"start":1728972787001,"stop":1728972787001,"duration":0},"status":"skipped","steps":[],"attachments":[],"parameters":[],"shouldDisplayMessage":false,"stepsCount":0,"attachmentsCount":0,"hasContent":false}],"attachments":[{"uid":"1ffcf91b12522158","name":"Test Video","source":"1ffcf91b12522158.webm","type":"video/webm","size":2620608}],"parameters":[],"shouldDisplayMessage":false,"stepsCount":6,"attachmentsCount":11,"hasContent":true},"afterStages":[],"labels":[{"name":"severity","value":"normal"},{"name":"tag","value":"restore_sleep"},{"name":"feature","value":"Funnel tests"},{"name":"framework","value":"behave"},{"name":"language","value":"cpython3"},{"name":"resultFormat","value":"allure2"}],"parameters":[{"name":"bottles","value":"6"},{"name":"dt_last_chance","value":"no"},{"name":"dt_upgrade","value":"yes"},{"name":"lf_last_chance","value":"best_value"},{"name":"lf_upgrade","value":"yes"},{"name":"memb_decision","value":"accept"},{"name":"memb_plan","value":"no"},{"name":"sl_last_chance","value":"best_value"},{"name":"sl_upgrade","value":"yes"}],"links":[],"hidden":false,"retry":false,"extra":{"severity":"normal","retries":[],"categories":[{"name":"Product defects","matchedStatuses":[],"flaky":false}],"history":{"statistic":{"failed":3,"broken":0,"skipped":0,"passed":0,"unknown":0,"total":3},"items":[{"uid":"2784b097c44857ad","reportUrl":"https://zoniadev.github.io/automation-testing-framework/86//#testresult/2784b097c44857ad","status":"failed","statusDetails":"AssertionError: No elements found with locator //*[@data-id='no-thanks']!\n","time":{"start":1728896835556,"stop":1728896952118,"duration":116562}},{"uid":"72774ebed5c588d7","reportUrl":"https://zoniadev.github.io/automation-testing-framework/72//#testresult/72774ebed5c588d7","status":"failed","statusDetails":"AssertionError: No elements found with locator //*[@data-id='no-thanks']!\n","time":{"start":1728563189904,"stop":1728563306852,"duration":116948}}]},"tags":["restore_sleep"]},"source":"3aa38956c43a892c.json","parameterValues":["6","no","yes","best_value","yes","accept","no","best_value","yes"]}