{"uid":"942ecb9743d04458","name":"Restore Sleep Supplement funnel -- @1.8 ","fullName":"Funnel tests: Restore Sleep Supplement funnel","historyId":"c5822600322fc243e78bf9f96685a3af","time":{"start":1728971942722,"stop":1728971945273,"duration":2551},"status":"failed","statusMessage":"AssertionError: No elements found with locator //*[@data-id='add-order-3']!\n","statusTrace":"  File \"/opt/hostedtoolcache/Python/3.12.7/x64/lib/python3.12/site-packages/behave/model.py\", line 1329, in run\n    match.run(runner.context)\n  File \"/opt/hostedtoolcache/Python/3.12.7/x64/lib/python3.12/site-packages/behave/matchers.py\", line 98, in run\n    self.func(context, *args, **kwargs)\n  File \"/home/runner/work/automation-testing-framework/automation-testing-framework/common_functions/custom_step_decorator.py\", line 10, in inner\n    raise AssertionError(e)\n","flaky":false,"newFailed":false,"newBroken":false,"newPassed":false,"retriesCount":0,"retriesStatusChange":false,"beforeStages":[],"testStage":{"status":"failed","statusMessage":"AssertionError: No elements found with locator //*[@data-id='add-order-3']!\n","statusTrace":"  File \"/opt/hostedtoolcache/Python/3.12.7/x64/lib/python3.12/site-packages/behave/model.py\", line 1329, in run\n    match.run(runner.context)\n  File \"/opt/hostedtoolcache/Python/3.12.7/x64/lib/python3.12/site-packages/behave/matchers.py\", line 98, in run\n    self.func(context, *args, **kwargs)\n  File \"/home/runner/work/automation-testing-framework/automation-testing-framework/common_functions/custom_step_decorator.py\", line 10, in inner\n    raise AssertionError(e)\n","steps":[{"name":"Given user select to buy \"3\" bottles in \"Restore Sleep\" Supplements page","time":{"start":1728971942760,"stop":1728971945247,"duration":2487},"status":"failed","statusMessage":"AssertionError: No elements found with locator //*[@data-id='add-order-3']!\n","statusTrace":"  File \"/opt/hostedtoolcache/Python/3.12.7/x64/lib/python3.12/site-packages/behave/model.py\", line 1329, in run\n    match.run(runner.context)\n  File \"/opt/hostedtoolcache/Python/3.12.7/x64/lib/python3.12/site-packages/behave/matchers.py\", line 98, in run\n    self.func(context, *args, **kwargs)\n  File \"/home/runner/work/automation-testing-framework/automation-testing-framework/common_functions/custom_step_decorator.py\", line 10, in inner\n    raise AssertionError(e)\n","steps":[],"attachments":[{"uid":"fbf1c17ad45e6126","name":"screenshot","source":"fbf1c17ad45e6126.png","type":"image/png","size":159156},{"uid":"90d2f61033545000","name":"stdout","source":"90d2f61033545000.txt","type":"text/plain","size":277}],"parameters":[],"shouldDisplayMessage":true,"stepsCount":0,"attachmentsCount":2,"hasContent":true},{"name":"When user makes following decision in \"first\" supplement \"6 More bottles of Restore Sleep\" Upsell page","time":{"start":1728971945273,"stop":1728971945273,"duration":0},"status":"skipped","steps":[],"attachments":[{"uid":"4ea9db44f69f3dca","name":".table","source":"4ea9db44f69f3dca.csv","type":"text/csv","size":34}],"parameters":[],"shouldDisplayMessage":false,"stepsCount":0,"attachmentsCount":1,"hasContent":true},{"name":"And user makes following decision in \"second\" supplement \"Restore Life\" Upsell page","time":{"start":1728971945273,"stop":1728971945273,"duration":0},"status":"skipped","steps":[],"attachments":[{"uid":"bdd88e61081ea2f8","name":".table","source":"bdd88e61081ea2f8.csv","type":"text/csv","size":34}],"parameters":[],"shouldDisplayMessage":false,"stepsCount":0,"attachmentsCount":1,"hasContent":true},{"name":"And user makes following decision in \"third\" supplement \"Restore Detox\" Upsell page","time":{"start":1728971945273,"stop":1728971945273,"duration":0},"status":"skipped","steps":[],"attachments":[{"uid":"1604a391d1d70bcd","name":".table","source":"1604a391d1d70bcd.csv","type":"text/csv","size":34}],"parameters":[],"shouldDisplayMessage":false,"stepsCount":0,"attachmentsCount":1,"hasContent":true},{"name":"And user makes following decision in 7 day free membership","time":{"start":1728971945273,"stop":1728971945273,"duration":0},"status":"skipped","steps":[],"attachments":[{"uid":"4206d9991cdd4ecd","name":".table","source":"4206d9991cdd4ecd.csv","type":"text/csv","size":30}],"parameters":[],"shouldDisplayMessage":false,"stepsCount":0,"attachmentsCount":1,"hasContent":true},{"name":"Then user complete registration","time":{"start":1728971945273,"stop":1728971945273,"duration":0},"status":"skipped","steps":[],"attachments":[],"parameters":[],"shouldDisplayMessage":false,"stepsCount":0,"attachmentsCount":0,"hasContent":false}],"attachments":[{"uid":"c015ac0aad64b7fe","name":"Test Video","source":"c015ac0aad64b7fe.webm","type":"video/webm","size":67675}],"parameters":[],"shouldDisplayMessage":false,"stepsCount":6,"attachmentsCount":7,"hasContent":true},"afterStages":[],"labels":[{"name":"severity","value":"normal"},{"name":"tag","value":"restore_sleep"},{"name":"feature","value":"Funnel tests"},{"name":"framework","value":"behave"},{"name":"language","value":"cpython3"},{"name":"resultFormat","value":"allure2"}],"parameters":[{"name":"bottles","value":"3"},{"name":"dt_last_chance","value":"best_value"},{"name":"dt_upgrade","value":"yes"},{"name":"lf_last_chance","value":"best_value"},{"name":"lf_upgrade","value":"yes"},{"name":"memb_decision","value":"accept"},{"name":"memb_plan","value":"quarterly"},{"name":"sl_last_chance","value":"best_value"},{"name":"sl_upgrade","value":"yes"}],"links":[],"hidden":false,"retry":false,"extra":{"severity":"normal","retries":[],"categories":[{"name":"Product defects","matchedStatuses":[],"flaky":false}],"history":{"statistic":{"failed":3,"broken":0,"skipped":0,"passed":0,"unknown":0,"total":3},"items":[{"uid":"b5883b9b91e45245","reportUrl":"https://zoniadev.github.io/automation-testing-framework/86//#testresult/b5883b9b91e45245","status":"failed","statusDetails":"AssertionError: No elements found with locator //*[@data-id='add-order-3']!\n","time":{"start":1728896100285,"stop":1728896102824,"duration":2539}},{"uid":"d4aaefde9ba5e0e7","reportUrl":"https://zoniadev.github.io/automation-testing-framework/72//#testresult/d4aaefde9ba5e0e7","status":"failed","statusDetails":"AssertionError: No elements found with locator //*[@data-id='add-order-3']!\n","time":{"start":1728562455002,"stop":1728562457600,"duration":2598}}]},"tags":["restore_sleep"]},"source":"942ecb9743d04458.json","parameterValues":["3","best_value","yes","best_value","yes","accept","quarterly","best_value","yes"]}