{"uid":"22f2eb5653585004","name":"Restore Sleep Supplement funnel -- @1.8 ","fullName":"Funnel tests: Restore Sleep Supplement funnel","historyId":"c5822600322fc243e78bf9f96685a3af","time":{"start":1731390774744,"stop":1731390776990,"duration":2246},"status":"failed","statusMessage":"AssertionError: No visible elements found with locator //*[@data-id='add-order-3']!\n","statusTrace":"  File \"/opt/hostedtoolcache/Python/3.12.7/x64/lib/python3.12/site-packages/behave/model.py\", line 1329, in run\n    match.run(runner.context)\n  File \"/opt/hostedtoolcache/Python/3.12.7/x64/lib/python3.12/site-packages/behave/matchers.py\", line 98, in run\n    self.func(context, *args, **kwargs)\n  File \"/home/runner/work/automation-testing-framework/automation-testing-framework/common_functions/custom_step_decorator.py\", line 10, in inner\n    raise AssertionError(e)\n","flaky":false,"newFailed":true,"newBroken":false,"newPassed":false,"retriesCount":0,"retriesStatusChange":false,"beforeStages":[],"testStage":{"status":"failed","statusMessage":"AssertionError: No visible elements found with locator //*[@data-id='add-order-3']!\n","statusTrace":"  File \"/opt/hostedtoolcache/Python/3.12.7/x64/lib/python3.12/site-packages/behave/model.py\", line 1329, in run\n    match.run(runner.context)\n  File \"/opt/hostedtoolcache/Python/3.12.7/x64/lib/python3.12/site-packages/behave/matchers.py\", line 98, in run\n    self.func(context, *args, **kwargs)\n  File \"/home/runner/work/automation-testing-framework/automation-testing-framework/common_functions/custom_step_decorator.py\", line 10, in inner\n    raise AssertionError(e)\n","steps":[{"name":"Given user select to buy \"3\" bottles in \"Restore Sleep\" Supplements page","time":{"start":1731390774781,"stop":1731390776965,"duration":2184},"status":"failed","statusMessage":"AssertionError: No visible elements found with locator //*[@data-id='add-order-3']!\n","statusTrace":"  File \"/opt/hostedtoolcache/Python/3.12.7/x64/lib/python3.12/site-packages/behave/model.py\", line 1329, in run\n    match.run(runner.context)\n  File \"/opt/hostedtoolcache/Python/3.12.7/x64/lib/python3.12/site-packages/behave/matchers.py\", line 98, in run\n    self.func(context, *args, **kwargs)\n  File \"/home/runner/work/automation-testing-framework/automation-testing-framework/common_functions/custom_step_decorator.py\", line 10, in inner\n    raise AssertionError(e)\n","steps":[],"attachments":[{"uid":"e0d8b069ea51a987","name":"screenshot","source":"e0d8b069ea51a987.png","type":"image/png","size":159218},{"uid":"e752c26d98722e5c","name":"stdout","source":"e752c26d98722e5c.txt","type":"text/plain","size":444}],"parameters":[],"attachmentsCount":2,"hasContent":true,"shouldDisplayMessage":true,"stepsCount":0},{"name":"When user makes following decision in \"first\" supplement \"6 More bottles of Restore Sleep\" Upsell page","time":{"start":1731390776989,"stop":1731390776989,"duration":0},"status":"skipped","steps":[],"attachments":[{"uid":"38210a678563095f","name":".table","source":"38210a678563095f.csv","type":"text/csv","size":34}],"parameters":[],"attachmentsCount":1,"hasContent":true,"shouldDisplayMessage":false,"stepsCount":0},{"name":"And user makes following decision in \"second\" supplement \"Restore Life\" Upsell page","time":{"start":1731390776989,"stop":1731390776990,"duration":1},"status":"skipped","steps":[],"attachments":[{"uid":"ff3130e1dd0a65b3","name":".table","source":"ff3130e1dd0a65b3.csv","type":"text/csv","size":34}],"parameters":[],"attachmentsCount":1,"hasContent":true,"shouldDisplayMessage":false,"stepsCount":0},{"name":"And user makes following decision in \"third\" supplement \"Restore Detox\" Upsell page","time":{"start":1731390776990,"stop":1731390776990,"duration":0},"status":"skipped","steps":[],"attachments":[{"uid":"b5926bbf69cf6617","name":".table","source":"b5926bbf69cf6617.csv","type":"text/csv","size":34}],"parameters":[],"attachmentsCount":1,"hasContent":true,"shouldDisplayMessage":false,"stepsCount":0},{"name":"And user makes following decision in 7 day free membership","time":{"start":1731390776990,"stop":1731390776990,"duration":0},"status":"skipped","steps":[],"attachments":[{"uid":"8f9cb7700b7f67c2","name":".table","source":"8f9cb7700b7f67c2.csv","type":"text/csv","size":30}],"parameters":[],"attachmentsCount":1,"hasContent":true,"shouldDisplayMessage":false,"stepsCount":0},{"name":"Then user complete registration","time":{"start":1731390776990,"stop":1731390776990,"duration":0},"status":"skipped","steps":[],"attachments":[],"parameters":[],"attachmentsCount":0,"hasContent":false,"shouldDisplayMessage":false,"stepsCount":0}],"attachments":[{"uid":"9abf49068ef218f5","name":"Test Video","source":"9abf49068ef218f5.webm","type":"video/webm","size":68198}],"parameters":[],"attachmentsCount":7,"hasContent":true,"shouldDisplayMessage":false,"stepsCount":6},"afterStages":[],"labels":[{"name":"severity","value":"normal"},{"name":"tag","value":"restore_sleep"},{"name":"feature","value":"Funnel tests"},{"name":"framework","value":"behave"},{"name":"language","value":"cpython3"},{"name":"resultFormat","value":"allure2"}],"parameters":[{"name":"bottles","value":"3"},{"name":"dt_last_chance","value":"best_value"},{"name":"dt_upgrade","value":"yes"},{"name":"lf_last_chance","value":"best_value"},{"name":"lf_upgrade","value":"yes"},{"name":"memb_decision","value":"accept"},{"name":"memb_plan","value":"quarterly"},{"name":"sl_last_chance","value":"best_value"},{"name":"sl_upgrade","value":"yes"}],"links":[],"hidden":false,"retry":false,"extra":{"severity":"normal","retries":[],"categories":[{"name":"Product defects","matchedStatuses":[],"flaky":false}],"history":{"statistic":{"failed":2,"broken":0,"skipped":0,"passed":7,"unknown":0,"total":9},"items":[{"uid":"db16b62ea600e374","reportUrl":"https://zoniadev.github.io/automation-testing-framework/33//#testresult/db16b62ea600e374","status":"passed","time":{"start":1731305154514,"stop":1731305288612,"duration":134098}},{"uid":"12d61afb826e2f2b","reportUrl":"https://zoniadev.github.io/automation-testing-framework/32//#testresult/12d61afb826e2f2b","status":"passed","time":{"start":1731218645830,"stop":1731218780102,"duration":134272}},{"uid":"a698270ac912127b","reportUrl":"https://zoniadev.github.io/automation-testing-framework/31//#testresult/a698270ac912127b","status":"passed","time":{"start":1731131791584,"stop":1731131922771,"duration":131187}},{"uid":"3f510dcedc23d29f","reportUrl":"https://zoniadev.github.io/automation-testing-framework/30//#testresult/3f510dcedc23d29f","status":"passed","time":{"start":1731045895185,"stop":1731046028433,"duration":133248}},{"uid":"f05a26811fafd0b1","reportUrl":"https://zoniadev.github.io/automation-testing-framework/29//#testresult/f05a26811fafd0b1","status":"passed","time":{"start":1730959479086,"stop":1730959611893,"duration":132807}},{"uid":"dda666fc47fe4a67","reportUrl":"https://zoniadev.github.io/automation-testing-framework/28//#testresult/dda666fc47fe4a67","status":"passed","time":{"start":1730873122701,"stop":1730873254391,"duration":131690}},{"uid":"586aaae0ef693e3f","reportUrl":"https://zoniadev.github.io/automation-testing-framework/134//#testresult/586aaae0ef693e3f","status":"failed","statusDetails":"AssertionError: No visible elements found with locator //*[@id='register-top-btn']!\n","time":{"start":1730801120475,"stop":1730801232030,"duration":111555}},{"uid":"d7a937c2ffda5621","reportUrl":"https://zoniadev.github.io/automation-testing-framework/27//#testresult/d7a937c2ffda5621","status":"passed","time":{"start":1730786756171,"stop":1730786892314,"duration":136143}}]},"tags":["restore_sleep"]},"source":"22f2eb5653585004.json","parameterValues":["3","best_value","yes","best_value","yes","accept","quarterly","best_value","yes"]}