{"uid":"6ca90a7a1373a0b1","name":"Restore Sleep Supplement funnel -- @1.15 ","fullName":"Funnel tests: Restore Sleep Supplement funnel","historyId":"7844d7d0a71526d2af8747e9191d527b","time":{"start":1731390791724,"stop":1731390793975,"duration":2251},"status":"failed","statusMessage":"AssertionError: No visible elements found with locator //*[@data-id='add-order-6']!\n","statusTrace":"  File \"/opt/hostedtoolcache/Python/3.12.7/x64/lib/python3.12/site-packages/behave/model.py\", line 1329, in run\n    match.run(runner.context)\n  File \"/opt/hostedtoolcache/Python/3.12.7/x64/lib/python3.12/site-packages/behave/matchers.py\", line 98, in run\n    self.func(context, *args, **kwargs)\n  File \"/home/runner/work/automation-testing-framework/automation-testing-framework/common_functions/custom_step_decorator.py\", line 10, in inner\n    raise AssertionError(e)\n","flaky":false,"newFailed":true,"newBroken":false,"newPassed":false,"retriesCount":0,"retriesStatusChange":false,"beforeStages":[],"testStage":{"status":"failed","statusMessage":"AssertionError: No visible elements found with locator //*[@data-id='add-order-6']!\n","statusTrace":"  File \"/opt/hostedtoolcache/Python/3.12.7/x64/lib/python3.12/site-packages/behave/model.py\", line 1329, in run\n    match.run(runner.context)\n  File \"/opt/hostedtoolcache/Python/3.12.7/x64/lib/python3.12/site-packages/behave/matchers.py\", line 98, in run\n    self.func(context, *args, **kwargs)\n  File \"/home/runner/work/automation-testing-framework/automation-testing-framework/common_functions/custom_step_decorator.py\", line 10, in inner\n    raise AssertionError(e)\n","steps":[{"name":"Given user select to buy \"6\" bottles in \"Restore Sleep\" Supplements page","time":{"start":1731390791762,"stop":1731390793950,"duration":2188},"status":"failed","statusMessage":"AssertionError: No visible elements found with locator //*[@data-id='add-order-6']!\n","statusTrace":"  File \"/opt/hostedtoolcache/Python/3.12.7/x64/lib/python3.12/site-packages/behave/model.py\", line 1329, in run\n    match.run(runner.context)\n  File \"/opt/hostedtoolcache/Python/3.12.7/x64/lib/python3.12/site-packages/behave/matchers.py\", line 98, in run\n    self.func(context, *args, **kwargs)\n  File \"/home/runner/work/automation-testing-framework/automation-testing-framework/common_functions/custom_step_decorator.py\", line 10, in inner\n    raise AssertionError(e)\n","steps":[],"attachments":[{"uid":"6d030787ce550886","name":"screenshot","source":"6d030787ce550886.png","type":"image/png","size":159218},{"uid":"c56750e7498a821b","name":"stdout","source":"c56750e7498a821b.txt","type":"text/plain","size":445}],"parameters":[],"attachmentsCount":2,"hasContent":true,"shouldDisplayMessage":true,"stepsCount":0},{"name":"When user makes following decision in \"first\" supplement \"6 More bottles of Restore Sleep\" Upsell page","time":{"start":1731390793974,"stop":1731390793974,"duration":0},"status":"skipped","steps":[],"attachments":[{"uid":"950cd8695bc6ea35","name":".table","source":"950cd8695bc6ea35.csv","type":"text/csv","size":25}],"parameters":[],"attachmentsCount":1,"hasContent":true,"shouldDisplayMessage":false,"stepsCount":0},{"name":"And user makes following decision in \"second\" supplement \"Restore Life\" Upsell page","time":{"start":1731390793974,"stop":1731390793974,"duration":0},"status":"skipped","steps":[],"attachments":[{"uid":"9d50ee4e7b4ac44c","name":".table","source":"9d50ee4e7b4ac44c.csv","type":"text/csv","size":25}],"parameters":[],"attachmentsCount":1,"hasContent":true,"shouldDisplayMessage":false,"stepsCount":0},{"name":"And user makes following decision in \"third\" supplement \"Restore Detox\" Upsell page","time":{"start":1731390793974,"stop":1731390793974,"duration":0},"status":"skipped","steps":[],"attachments":[{"uid":"e60cb4f80145987a","name":".table","source":"e60cb4f80145987a.csv","type":"text/csv","size":34}],"parameters":[],"attachmentsCount":1,"hasContent":true,"shouldDisplayMessage":false,"stepsCount":0},{"name":"And user makes following decision in 7 day free membership","time":{"start":1731390793974,"stop":1731390793974,"duration":0},"status":"skipped","steps":[],"attachments":[{"uid":"d5bd78f3f258b4e1","name":".table","source":"d5bd78f3f258b4e1.csv","type":"text/csv","size":24}],"parameters":[],"attachmentsCount":1,"hasContent":true,"shouldDisplayMessage":false,"stepsCount":0},{"name":"Then user complete registration","time":{"start":1731390793975,"stop":1731390793975,"duration":0},"status":"skipped","steps":[],"attachments":[],"parameters":[],"attachmentsCount":0,"hasContent":false,"shouldDisplayMessage":false,"stepsCount":0}],"attachments":[{"uid":"e24718917296a7a5","name":"Test Video","source":"e24718917296a7a5.webm","type":"video/webm","size":60301}],"parameters":[],"attachmentsCount":7,"hasContent":true,"shouldDisplayMessage":false,"stepsCount":6},"afterStages":[],"labels":[{"name":"severity","value":"normal"},{"name":"tag","value":"restore_sleep"},{"name":"feature","value":"Funnel tests"},{"name":"framework","value":"behave"},{"name":"language","value":"cpython3"},{"name":"resultFormat","value":"allure2"}],"parameters":[{"name":"bottles","value":"6"},{"name":"dt_last_chance","value":"best_value"},{"name":"dt_upgrade","value":"yes"},{"name":"lf_last_chance","value":"no"},{"name":"lf_upgrade","value":"no"},{"name":"memb_decision","value":"decline"},{"name":"memb_plan","value":"no"},{"name":"sl_last_chance","value":"no"},{"name":"sl_upgrade","value":"no"}],"links":[],"hidden":false,"retry":false,"extra":{"severity":"normal","retries":[],"categories":[{"name":"Product defects","matchedStatuses":[],"flaky":false}],"history":{"statistic":{"failed":2,"broken":0,"skipped":0,"passed":7,"unknown":0,"total":9},"items":[{"uid":"983ec7ec2697b65","reportUrl":"https://zoniadev.github.io/automation-testing-framework/33//#testresult/983ec7ec2697b65","status":"passed","time":{"start":1731305939130,"stop":1731306011227,"duration":72097}},{"uid":"776a9c202ef0f452","reportUrl":"https://zoniadev.github.io/automation-testing-framework/32//#testresult/776a9c202ef0f452","status":"passed","time":{"start":1731219435632,"stop":1731219506863,"duration":71231}},{"uid":"32081bb4631122e","reportUrl":"https://zoniadev.github.io/automation-testing-framework/31//#testresult/32081bb4631122e","status":"passed","time":{"start":1731132575760,"stop":1731132646411,"duration":70651}},{"uid":"c16aa77e405eebb9","reportUrl":"https://zoniadev.github.io/automation-testing-framework/30//#testresult/c16aa77e405eebb9","status":"passed","time":{"start":1731046680713,"stop":1731046753259,"duration":72546}},{"uid":"b6126614ca400fad","reportUrl":"https://zoniadev.github.io/automation-testing-framework/29//#testresult/b6126614ca400fad","status":"passed","time":{"start":1730960268066,"stop":1730960340378,"duration":72312}},{"uid":"5fe0b2876ef0bbfd","reportUrl":"https://zoniadev.github.io/automation-testing-framework/28//#testresult/5fe0b2876ef0bbfd","status":"passed","time":{"start":1730873908853,"stop":1730873981275,"duration":72422}},{"uid":"c690dcac01ebf0f0","reportUrl":"https://zoniadev.github.io/automation-testing-framework/134//#testresult/c690dcac01ebf0f0","status":"failed","statusDetails":"AssertionError: No visible elements found with locator //*[@id='skip-registration-top']!\n","time":{"start":1730801811886,"stop":1730801867615,"duration":55729}},{"uid":"5aa8290a68f71383","reportUrl":"https://zoniadev.github.io/automation-testing-framework/27//#testresult/5aa8290a68f71383","status":"passed","time":{"start":1730787559436,"stop":1730787631838,"duration":72402}}]},"tags":["restore_sleep"]},"source":"6ca90a7a1373a0b1.json","parameterValues":["6","best_value","yes","no","no","decline","no","no","no"]}