{"uid":"90e7523727e25f0a","name":"Restore Sleep Supplement funnel -- @1.2 ","fullName":"Funnel tests: Restore Sleep Supplement funnel","historyId":"a76120c788e5d6cd75f30630bb2009d3","time":{"start":1731390761009,"stop":1731390763274,"duration":2265},"status":"failed","statusMessage":"AssertionError: No visible elements found with locator //*[@data-id='add-order-1']!\n","statusTrace":"  File \"/opt/hostedtoolcache/Python/3.12.7/x64/lib/python3.12/site-packages/behave/model.py\", line 1329, in run\n    match.run(runner.context)\n  File \"/opt/hostedtoolcache/Python/3.12.7/x64/lib/python3.12/site-packages/behave/matchers.py\", line 98, in run\n    self.func(context, *args, **kwargs)\n  File \"/home/runner/work/automation-testing-framework/automation-testing-framework/common_functions/custom_step_decorator.py\", line 10, in inner\n    raise AssertionError(e)\n","flaky":false,"newFailed":true,"newBroken":false,"newPassed":false,"retriesCount":0,"retriesStatusChange":false,"beforeStages":[],"testStage":{"status":"failed","statusMessage":"AssertionError: No visible elements found with locator //*[@data-id='add-order-1']!\n","statusTrace":"  File \"/opt/hostedtoolcache/Python/3.12.7/x64/lib/python3.12/site-packages/behave/model.py\", line 1329, in run\n    match.run(runner.context)\n  File \"/opt/hostedtoolcache/Python/3.12.7/x64/lib/python3.12/site-packages/behave/matchers.py\", line 98, in run\n    self.func(context, *args, **kwargs)\n  File \"/home/runner/work/automation-testing-framework/automation-testing-framework/common_functions/custom_step_decorator.py\", line 10, in inner\n    raise AssertionError(e)\n","steps":[{"name":"Given user select to buy \"1\" bottles in \"Restore Sleep\" Supplements page","time":{"start":1731390761046,"stop":1731390763249,"duration":2203},"status":"failed","statusMessage":"AssertionError: No visible elements found with locator //*[@data-id='add-order-1']!\n","statusTrace":"  File \"/opt/hostedtoolcache/Python/3.12.7/x64/lib/python3.12/site-packages/behave/model.py\", line 1329, in run\n    match.run(runner.context)\n  File \"/opt/hostedtoolcache/Python/3.12.7/x64/lib/python3.12/site-packages/behave/matchers.py\", line 98, in run\n    self.func(context, *args, **kwargs)\n  File \"/home/runner/work/automation-testing-framework/automation-testing-framework/common_functions/custom_step_decorator.py\", line 10, in inner\n    raise AssertionError(e)\n","steps":[],"attachments":[{"uid":"ae9158195b1f995e","name":"screenshot","source":"ae9158195b1f995e.png","type":"image/png","size":159218},{"uid":"df8c746d7ec35027","name":"stdout","source":"df8c746d7ec35027.txt","type":"text/plain","size":444}],"parameters":[],"attachmentsCount":2,"hasContent":true,"shouldDisplayMessage":true,"stepsCount":0},{"name":"When user makes following decision in \"first\" supplement \"6 More bottles of Restore Sleep\" Upsell page","time":{"start":1731390763273,"stop":1731390763274,"duration":1},"status":"skipped","steps":[],"attachments":[{"uid":"538c73d6b37e46d3","name":".table","source":"538c73d6b37e46d3.csv","type":"text/csv","size":26}],"parameters":[],"attachmentsCount":1,"hasContent":true,"shouldDisplayMessage":false,"stepsCount":0},{"name":"And user makes following decision in \"second\" supplement \"Restore Life\" Upsell page","time":{"start":1731390763274,"stop":1731390763274,"duration":0},"status":"skipped","steps":[],"attachments":[{"uid":"3d40b0106fe134f9","name":".table","source":"3d40b0106fe134f9.csv","type":"text/csv","size":36}],"parameters":[],"attachmentsCount":1,"hasContent":true,"shouldDisplayMessage":false,"stepsCount":0},{"name":"And user makes following decision in \"third\" supplement \"Restore Detox\" Upsell page","time":{"start":1731390763274,"stop":1731390763274,"duration":0},"status":"skipped","steps":[],"attachments":[{"uid":"cff572134eb42885","name":".table","source":"cff572134eb42885.csv","type":"text/csv","size":34}],"parameters":[],"attachmentsCount":1,"hasContent":true,"shouldDisplayMessage":false,"stepsCount":0},{"name":"And user makes following decision in 7 day free membership","time":{"start":1731390763274,"stop":1731390763274,"duration":0},"status":"skipped","steps":[],"attachments":[{"uid":"b736f497588002e8","name":".table","source":"b736f497588002e8.csv","type":"text/csv","size":28}],"parameters":[],"attachmentsCount":1,"hasContent":true,"shouldDisplayMessage":false,"stepsCount":0},{"name":"Then user complete registration","time":{"start":1731390763274,"stop":1731390763274,"duration":0},"status":"skipped","steps":[],"attachments":[],"parameters":[],"attachmentsCount":0,"hasContent":false,"shouldDisplayMessage":false,"stepsCount":0}],"attachments":[{"uid":"45b67aed3d7c219b","name":"Test Video","source":"45b67aed3d7c219b.webm","type":"video/webm","size":67254}],"parameters":[],"attachmentsCount":7,"hasContent":true,"shouldDisplayMessage":false,"stepsCount":6},"afterStages":[],"labels":[{"name":"severity","value":"normal"},{"name":"tag","value":"restore_sleep"},{"name":"feature","value":"Funnel tests"},{"name":"framework","value":"behave"},{"name":"language","value":"cpython3"},{"name":"resultFormat","value":"allure2"}],"parameters":[{"name":"bottles","value":"1"},{"name":"dt_last_chance","value":"best_value"},{"name":"dt_upgrade","value":"yes"},{"name":"lf_last_chance","value":"most_popular"},{"name":"lf_upgrade","value":"yes"},{"name":"memb_decision","value":"accept"},{"name":"memb_plan","value":"monthly"},{"name":"sl_last_chance","value":"no"},{"name":"sl_upgrade","value":"yes"}],"links":[],"hidden":false,"retry":false,"extra":{"severity":"normal","retries":[],"categories":[{"name":"Product defects","matchedStatuses":[],"flaky":false}],"history":{"statistic":{"failed":2,"broken":0,"skipped":0,"passed":7,"unknown":0,"total":9},"items":[{"uid":"309fc092f1a271e7","reportUrl":"https://zoniadev.github.io/automation-testing-framework/33//#testresult/309fc092f1a271e7","status":"passed","time":{"start":1731304534914,"stop":1731304667478,"duration":132564}},{"uid":"ae429c1946767f19","reportUrl":"https://zoniadev.github.io/automation-testing-framework/32//#testresult/ae429c1946767f19","status":"passed","time":{"start":1731218020921,"stop":1731218154906,"duration":133985}},{"uid":"ef8757f9cd1b3d06","reportUrl":"https://zoniadev.github.io/automation-testing-framework/31//#testresult/ef8757f9cd1b3d06","status":"passed","time":{"start":1731131178879,"stop":1731131310832,"duration":131953}},{"uid":"85c5445b3cd67e46","reportUrl":"https://zoniadev.github.io/automation-testing-framework/30//#testresult/85c5445b3cd67e46","status":"passed","time":{"start":1731045279920,"stop":1731045411211,"duration":131291}},{"uid":"525895642206dcc3","reportUrl":"https://zoniadev.github.io/automation-testing-framework/29//#testresult/525895642206dcc3","status":"passed","time":{"start":1730958859486,"stop":1730958991332,"duration":131846}},{"uid":"e439246358c389ab","reportUrl":"https://zoniadev.github.io/automation-testing-framework/28//#testresult/e439246358c389ab","status":"passed","time":{"start":1730872508133,"stop":1730872639963,"duration":131830}},{"uid":"110173ab884c8ce","reportUrl":"https://zoniadev.github.io/automation-testing-framework/134//#testresult/110173ab884c8ce","status":"failed","statusDetails":"AssertionError: No visible elements found with locator //*[@id='register-top-btn']!\n","time":{"start":1730800551410,"stop":1730800667734,"duration":116324}},{"uid":"6cf97ecdeeefc5d3","reportUrl":"https://zoniadev.github.io/automation-testing-framework/27//#testresult/6cf97ecdeeefc5d3","status":"passed","time":{"start":1730786118540,"stop":1730786253470,"duration":134930}}]},"tags":["restore_sleep"]},"source":"90e7523727e25f0a.json","parameterValues":["1","best_value","yes","most_popular","yes","accept","monthly","no","yes"]}