{"uid":"cba2ce471808e0dc","name":"Restore Sleep Supplement funnel -- @1.9 ","fullName":"Funnel tests: Restore Sleep Supplement funnel","historyId":"35ddd1905b896eebc0186910f4e9ff80","time":{"start":1731390776991,"stop":1731390779271,"duration":2280},"status":"failed","statusMessage":"AssertionError: No visible elements found with locator //*[@data-id='add-order-3']!\n","statusTrace":"  File \"/opt/hostedtoolcache/Python/3.12.7/x64/lib/python3.12/site-packages/behave/model.py\", line 1329, in run\n    match.run(runner.context)\n  File \"/opt/hostedtoolcache/Python/3.12.7/x64/lib/python3.12/site-packages/behave/matchers.py\", line 98, in run\n    self.func(context, *args, **kwargs)\n  File \"/home/runner/work/automation-testing-framework/automation-testing-framework/common_functions/custom_step_decorator.py\", line 10, in inner\n    raise AssertionError(e)\n","flaky":false,"newFailed":true,"newBroken":false,"newPassed":false,"retriesCount":0,"retriesStatusChange":false,"beforeStages":[],"testStage":{"status":"failed","statusMessage":"AssertionError: No visible elements found with locator //*[@data-id='add-order-3']!\n","statusTrace":"  File \"/opt/hostedtoolcache/Python/3.12.7/x64/lib/python3.12/site-packages/behave/model.py\", line 1329, in run\n    match.run(runner.context)\n  File \"/opt/hostedtoolcache/Python/3.12.7/x64/lib/python3.12/site-packages/behave/matchers.py\", line 98, in run\n    self.func(context, *args, **kwargs)\n  File \"/home/runner/work/automation-testing-framework/automation-testing-framework/common_functions/custom_step_decorator.py\", line 10, in inner\n    raise AssertionError(e)\n","steps":[{"name":"Given user select to buy \"3\" bottles in \"Restore Sleep\" Supplements page","time":{"start":1731390777029,"stop":1731390779247,"duration":2218},"status":"failed","statusMessage":"AssertionError: No visible elements found with locator //*[@data-id='add-order-3']!\n","statusTrace":"  File \"/opt/hostedtoolcache/Python/3.12.7/x64/lib/python3.12/site-packages/behave/model.py\", line 1329, in run\n    match.run(runner.context)\n  File \"/opt/hostedtoolcache/Python/3.12.7/x64/lib/python3.12/site-packages/behave/matchers.py\", line 98, in run\n    self.func(context, *args, **kwargs)\n  File \"/home/runner/work/automation-testing-framework/automation-testing-framework/common_functions/custom_step_decorator.py\", line 10, in inner\n    raise AssertionError(e)\n","steps":[],"attachments":[{"uid":"fdbffe711bbdd7d","name":"screenshot","source":"fdbffe711bbdd7d.png","type":"image/png","size":159218},{"uid":"741189d00fae8449","name":"stdout","source":"741189d00fae8449.txt","type":"text/plain","size":444}],"parameters":[],"attachmentsCount":2,"hasContent":true,"shouldDisplayMessage":true,"stepsCount":0},{"name":"When user makes following decision in \"first\" supplement \"6 More bottles of Restore Sleep\" Upsell page","time":{"start":1731390779271,"stop":1731390779271,"duration":0},"status":"skipped","steps":[],"attachments":[{"uid":"8902904da9a51ca4","name":".table","source":"8902904da9a51ca4.csv","type":"text/csv","size":36}],"parameters":[],"attachmentsCount":1,"hasContent":true,"shouldDisplayMessage":false,"stepsCount":0},{"name":"And user makes following decision in \"second\" supplement \"Restore Life\" Upsell page","time":{"start":1731390779271,"stop":1731390779271,"duration":0},"status":"skipped","steps":[],"attachments":[{"uid":"133be1939a8878f2","name":".table","source":"133be1939a8878f2.csv","type":"text/csv","size":25}],"parameters":[],"attachmentsCount":1,"hasContent":true,"shouldDisplayMessage":false,"stepsCount":0},{"name":"And user makes following decision in \"third\" supplement \"Restore Detox\" Upsell page","time":{"start":1731390779271,"stop":1731390779271,"duration":0},"status":"skipped","steps":[],"attachments":[{"uid":"5c3598f78b1a516","name":".table","source":"5c3598f78b1a516.csv","type":"text/csv","size":25}],"parameters":[],"attachmentsCount":1,"hasContent":true,"shouldDisplayMessage":false,"stepsCount":0},{"name":"And user makes following decision in 7 day free membership","time":{"start":1731390779271,"stop":1731390779271,"duration":0},"status":"skipped","steps":[],"attachments":[{"uid":"aea2a7f140cb0089","name":".table","source":"aea2a7f140cb0089.csv","type":"text/csv","size":28}],"parameters":[],"attachmentsCount":1,"hasContent":true,"shouldDisplayMessage":false,"stepsCount":0},{"name":"Then user complete registration","time":{"start":1731390779271,"stop":1731390779271,"duration":0},"status":"skipped","steps":[],"attachments":[],"parameters":[],"attachmentsCount":0,"hasContent":false,"shouldDisplayMessage":false,"stepsCount":0}],"attachments":[{"uid":"9ebf43379fbfda12","name":"Test Video","source":"9ebf43379fbfda12.webm","type":"video/webm","size":59993}],"parameters":[],"attachmentsCount":7,"hasContent":true,"shouldDisplayMessage":false,"stepsCount":6},"afterStages":[],"labels":[{"name":"severity","value":"normal"},{"name":"tag","value":"restore_sleep"},{"name":"feature","value":"Funnel tests"},{"name":"framework","value":"behave"},{"name":"language","value":"cpython3"},{"name":"resultFormat","value":"allure2"}],"parameters":[{"name":"bottles","value":"3"},{"name":"dt_last_chance","value":"no"},{"name":"dt_upgrade","value":"no"},{"name":"lf_last_chance","value":"no"},{"name":"lf_upgrade","value":"no"},{"name":"memb_decision","value":"accept"},{"name":"memb_plan","value":"monthly"},{"name":"sl_last_chance","value":"most_popular"},{"name":"sl_upgrade","value":"yes"}],"links":[],"hidden":false,"retry":false,"extra":{"severity":"normal","retries":[],"categories":[{"name":"Product defects","matchedStatuses":[],"flaky":false}],"history":{"statistic":{"failed":1,"broken":0,"skipped":0,"passed":8,"unknown":0,"total":9},"items":[{"uid":"8c41350c40010e46","reportUrl":"https://zoniadev.github.io/automation-testing-framework/33//#testresult/8c41350c40010e46","status":"passed","time":{"start":1731305288612,"stop":1731305363812,"duration":75200}},{"uid":"365c39828a99cead","reportUrl":"https://zoniadev.github.io/automation-testing-framework/32//#testresult/365c39828a99cead","status":"passed","time":{"start":1731218780103,"stop":1731218856728,"duration":76625}},{"uid":"883f81167c3c7c27","reportUrl":"https://zoniadev.github.io/automation-testing-framework/31//#testresult/883f81167c3c7c27","status":"passed","time":{"start":1731131922771,"stop":1731131999004,"duration":76233}},{"uid":"df415d0f96397b54","reportUrl":"https://zoniadev.github.io/automation-testing-framework/30//#testresult/df415d0f96397b54","status":"passed","time":{"start":1731046028434,"stop":1731046102474,"duration":74040}},{"uid":"57871e8beeed5a6f","reportUrl":"https://zoniadev.github.io/automation-testing-framework/29//#testresult/57871e8beeed5a6f","status":"passed","time":{"start":1730959611894,"stop":1730959688585,"duration":76691}},{"uid":"cf03adb978a1b4be","reportUrl":"https://zoniadev.github.io/automation-testing-framework/28//#testresult/cf03adb978a1b4be","status":"passed","time":{"start":1730873254392,"stop":1730873330443,"duration":76051}},{"uid":"b76a21beca206b18","reportUrl":"https://zoniadev.github.io/automation-testing-framework/134//#testresult/b76a21beca206b18","status":"passed","time":{"start":1730801232031,"stop":1730801307216,"duration":75185}},{"uid":"40dda5a3a006e286","reportUrl":"https://zoniadev.github.io/automation-testing-framework/27//#testresult/40dda5a3a006e286","status":"passed","time":{"start":1730786892315,"stop":1730786970162,"duration":77847}}]},"tags":["restore_sleep"]},"source":"cba2ce471808e0dc.json","parameterValues":["3","no","no","no","no","accept","monthly","most_popular","yes"]}