{"uid":"d12e15fffcbe9031","name":"Patient Care funnel -- @1.2 ","fullName":"Docuseries tests: Patient Care funnel","historyId":"4c26b8e203d491b3ab06e052c1095726","time":{"start":1765868076049,"stop":1765868132154,"duration":56105},"status":"failed","statusMessage":"AssertionError: Locator.click: Target page, context or browser has been closed\n","statusTrace":"  File \"/opt/hostedtoolcache/Python/3.9.25/x64/lib/python3.9/site-packages/behave/model.py\", line 1329, in run\n    match.run(runner.context)\n  File \"/opt/hostedtoolcache/Python/3.9.25/x64/lib/python3.9/site-packages/behave/matchers.py\", line 98, in run\n    self.func(context, *args, **kwargs)\n  File \"/home/runner/work/automation-testing-framework/automation-testing-framework/common_functions/custom_step_decorator.py\", line 10, in inner\n    raise AssertionError(e)\n","flaky":false,"newFailed":false,"newBroken":false,"newPassed":false,"retriesCount":0,"retriesStatusChange":false,"beforeStages":[],"testStage":{"status":"failed","statusMessage":"AssertionError: Locator.click: Target page, context or browser has been closed\n","statusTrace":"  File \"/opt/hostedtoolcache/Python/3.9.25/x64/lib/python3.9/site-packages/behave/model.py\", line 1329, in run\n    match.run(runner.context)\n  File \"/opt/hostedtoolcache/Python/3.9.25/x64/lib/python3.9/site-packages/behave/matchers.py\", line 98, in run\n    self.func(context, *args, **kwargs)\n  File \"/home/runner/work/automation-testing-framework/automation-testing-framework/common_functions/custom_step_decorator.py\", line 10, in inner\n    raise AssertionError(e)\n","steps":[{"name":"Given user is on the Patient Care sales page","time":{"start":1765868076133,"stop":1765868088747,"duration":12614},"status":"passed","steps":[],"attachments":[{"uid":"c6458c5b91ee870b","name":"stdout","source":"c6458c5b91ee870b.txt","type":"text/plain","size":226}],"parameters":[],"shouldDisplayMessage":false,"stepsCount":0,"attachmentsCount":1,"hasContent":true,"attachmentStep":false},{"name":"And user join Zonia","time":{"start":1765868088747,"stop":1765868089650,"duration":903},"status":"passed","steps":[],"attachments":[{"uid":"5a7a3cb5d365481d","name":"stdout","source":"5a7a3cb5d365481d.txt","type":"text/plain","size":501}],"parameters":[],"shouldDisplayMessage":false,"stepsCount":0,"attachmentsCount":1,"hasContent":true,"attachmentStep":false},{"name":"When user sign up for \"monthly\" plan","time":{"start":1765868089650,"stop":1765868102113,"duration":12463},"status":"passed","steps":[],"attachments":[{"uid":"a27aba2ac18c5ab2","name":"stdout","source":"a27aba2ac18c5ab2.txt","type":"text/plain","size":1044}],"parameters":[],"shouldDisplayMessage":false,"stepsCount":0,"attachmentsCount":1,"hasContent":true,"attachmentStep":false},{"name":"And user makes following decision in docuseries \"Restore Sleep\" Upsell page","time":{"start":1765868102113,"stop":1765868132150,"duration":30037},"status":"failed","statusMessage":"AssertionError: Locator.click: Target page, context or browser has been closed\n","statusTrace":"  File \"/opt/hostedtoolcache/Python/3.9.25/x64/lib/python3.9/site-packages/behave/model.py\", line 1329, in run\n    match.run(runner.context)\n  File \"/opt/hostedtoolcache/Python/3.9.25/x64/lib/python3.9/site-packages/behave/matchers.py\", line 98, in run\n    self.func(context, *args, **kwargs)\n  File \"/home/runner/work/automation-testing-framework/automation-testing-framework/common_functions/custom_step_decorator.py\", line 10, in inner\n    raise AssertionError(e)\n","steps":[],"attachments":[{"uid":"136f7b4cc0bca6c2","name":".table","source":"136f7b4cc0bca6c2.csv","type":"text/csv","size":33},{"uid":"116846ce9840ebe1","name":"stdout","source":"116846ce9840ebe1.txt","type":"text/plain","size":3374}],"parameters":[],"shouldDisplayMessage":true,"stepsCount":0,"attachmentsCount":2,"hasContent":true,"attachmentStep":false},{"name":"And user makes following decision in docuseries \"Restore Detox\" Upsell page","time":{"start":1765868132154,"stop":1765868132154,"duration":0},"status":"skipped","steps":[],"attachments":[{"uid":"a3c4524facd3698e","name":".table","source":"a3c4524facd3698e.csv","type":"text/csv","size":33}],"parameters":[],"shouldDisplayMessage":false,"stepsCount":0,"attachmentsCount":1,"hasContent":true,"attachmentStep":false},{"name":"Then user complete registration","time":{"start":1765868132154,"stop":1765868132154,"duration":0},"status":"skipped","steps":[],"attachments":[],"parameters":[],"shouldDisplayMessage":false,"stepsCount":0,"attachmentsCount":0,"hasContent":false,"attachmentStep":false}],"attachments":[],"parameters":[],"shouldDisplayMessage":false,"stepsCount":6,"attachmentsCount":6,"hasContent":true,"attachmentStep":false},"afterStages":[],"labels":[{"name":"severity","value":"normal"},{"name":"tag","value":"all_docuseries"},{"name":"tag","value":"pc_live"},{"name":"feature","value":"Docuseries tests"},{"name":"framework","value":"behave"},{"name":"language","value":"cpython3"},{"name":"resultFormat","value":"allure2"}],"parameters":[{"name":"plan","value":"monthly"},{"name":"rd_bottles","value":"3"},{"name":"rd_upsell_downsell","value":"upgrade"},{"name":"rs_bottles","value":"1"},{"name":"rs_upsell_downsell","value":"upgrade"}],"links":[],"hidden":false,"retry":false,"extra":{"severity":"normal","retries":[],"categories":[{"name":"Product defects","matchedStatuses":[]}],"tags":["all_docuseries","pc_live"]},"source":"d12e15fffcbe9031.json","parameterValues":["monthly","3","upgrade","1","upgrade"]}