{"uid":"586aaae0ef693e3f","name":"Restore Sleep Supplement funnel -- @1.8 ","fullName":"Funnel tests: Restore Sleep Supplement funnel","historyId":"c5822600322fc243e78bf9f96685a3af","time":{"start":1730801120475,"stop":1730801232030,"duration":111555},"status":"failed","statusMessage":"AssertionError: No visible elements found with locator //*[@id='register-top-btn']!\n","statusTrace":"  File \"/opt/hostedtoolcache/Python/3.12.7/x64/lib/python3.12/site-packages/behave/model.py\", line 1329, in run\n    match.run(runner.context)\n  File \"/opt/hostedtoolcache/Python/3.12.7/x64/lib/python3.12/site-packages/behave/matchers.py\", line 98, in run\n    self.func(context, *args, **kwargs)\n  File \"/home/runner/work/automation-testing-framework/automation-testing-framework/common_functions/custom_step_decorator.py\", line 10, in inner\n    raise AssertionError(e)\n","flaky":false,"newFailed":true,"newBroken":false,"newPassed":false,"retriesCount":0,"retriesStatusChange":false,"beforeStages":[],"testStage":{"status":"failed","statusMessage":"AssertionError: No visible elements found with locator //*[@id='register-top-btn']!\n","statusTrace":"  File \"/opt/hostedtoolcache/Python/3.12.7/x64/lib/python3.12/site-packages/behave/model.py\", line 1329, in run\n    match.run(runner.context)\n  File \"/opt/hostedtoolcache/Python/3.12.7/x64/lib/python3.12/site-packages/behave/matchers.py\", line 98, in run\n    self.func(context, *args, **kwargs)\n  File \"/home/runner/work/automation-testing-framework/automation-testing-framework/common_functions/custom_step_decorator.py\", line 10, in inner\n    raise AssertionError(e)\n","steps":[{"name":"Given user select to buy \"3\" bottles in \"Restore Sleep\" Supplements page","time":{"start":1730801120516,"stop":1730801134128,"duration":13612},"status":"passed","steps":[],"attachments":[{"uid":"8bb21c6906e97183","name":"stdout","source":"8bb21c6906e97183.txt","type":"text/plain","size":1491}],"parameters":[],"shouldDisplayMessage":false,"stepsCount":0,"attachmentsCount":1,"hasContent":true},{"name":"When user makes following decision in \"first\" supplement \"6 More bottles of Restore Sleep\" Upsell page","time":{"start":1730801134128,"stop":1730801165656,"duration":31528},"status":"passed","steps":[],"attachments":[{"uid":"cd23956981540634","name":".table","source":"cd23956981540634.csv","type":"text/csv","size":34},{"uid":"15627bd7a12eda7b","name":"stdout","source":"15627bd7a12eda7b.txt","type":"text/plain","size":2156}],"parameters":[],"shouldDisplayMessage":false,"stepsCount":0,"attachmentsCount":2,"hasContent":true},{"name":"And user makes following decision in \"second\" supplement \"Restore Life\" Upsell page","time":{"start":1730801165656,"stop":1730801197080,"duration":31424},"status":"passed","steps":[],"attachments":[{"uid":"d42219d6bec07214","name":".table","source":"d42219d6bec07214.csv","type":"text/csv","size":34},{"uid":"868c8ebdf2bac3ee","name":"stdout","source":"868c8ebdf2bac3ee.txt","type":"text/plain","size":2768}],"parameters":[],"shouldDisplayMessage":false,"stepsCount":0,"attachmentsCount":2,"hasContent":true},{"name":"And user makes following decision in \"third\" supplement \"Restore Detox\" Upsell page","time":{"start":1730801197080,"stop":1730801228515,"duration":31435},"status":"passed","steps":[],"attachments":[{"uid":"4c7af7c5e90a6e42","name":".table","source":"4c7af7c5e90a6e42.csv","type":"text/csv","size":34},{"uid":"e3b057bb19917229","name":"stdout","source":"e3b057bb19917229.txt","type":"text/plain","size":3323}],"parameters":[],"shouldDisplayMessage":false,"stepsCount":0,"attachmentsCount":2,"hasContent":true},{"name":"And user makes following decision in 7 day free membership","time":{"start":1730801228515,"stop":1730801231966,"duration":3451},"status":"failed","statusMessage":"AssertionError: No visible elements found with locator //*[@id='register-top-btn']!\n","statusTrace":"  File \"/opt/hostedtoolcache/Python/3.12.7/x64/lib/python3.12/site-packages/behave/model.py\", line 1329, in run\n    match.run(runner.context)\n  File \"/opt/hostedtoolcache/Python/3.12.7/x64/lib/python3.12/site-packages/behave/matchers.py\", line 98, in run\n    self.func(context, *args, **kwargs)\n  File \"/home/runner/work/automation-testing-framework/automation-testing-framework/common_functions/custom_step_decorator.py\", line 10, in inner\n    raise AssertionError(e)\n","steps":[],"attachments":[{"uid":"861c798bb01c2a6d","name":".table","source":"861c798bb01c2a6d.csv","type":"text/csv","size":30},{"uid":"b3fd9173c609a024","name":"screenshot","source":"b3fd9173c609a024.png","type":"image/png","size":1065812},{"uid":"f5b4197ccc96869a","name":"stdout","source":"f5b4197ccc96869a.txt","type":"text/plain","size":3908}],"parameters":[],"shouldDisplayMessage":true,"stepsCount":0,"attachmentsCount":3,"hasContent":true},{"name":"Then user complete registration","time":{"start":1730801232030,"stop":1730801232030,"duration":0},"status":"skipped","steps":[],"attachments":[],"parameters":[],"shouldDisplayMessage":false,"stepsCount":0,"attachmentsCount":0,"hasContent":false}],"attachments":[{"uid":"e9962a734f11c7d6","name":"Test Video","source":"e9962a734f11c7d6.webm","type":"video/webm","size":2116369}],"parameters":[],"shouldDisplayMessage":false,"stepsCount":6,"attachmentsCount":11,"hasContent":true},"afterStages":[],"labels":[{"name":"severity","value":"normal"},{"name":"tag","value":"restore_sleep"},{"name":"feature","value":"Funnel tests"},{"name":"framework","value":"behave"},{"name":"language","value":"cpython3"},{"name":"resultFormat","value":"allure2"}],"parameters":[{"name":"bottles","value":"3"},{"name":"dt_last_chance","value":"best_value"},{"name":"dt_upgrade","value":"yes"},{"name":"lf_last_chance","value":"best_value"},{"name":"lf_upgrade","value":"yes"},{"name":"memb_decision","value":"accept"},{"name":"memb_plan","value":"quarterly"},{"name":"sl_last_chance","value":"best_value"},{"name":"sl_upgrade","value":"yes"}],"links":[],"hidden":false,"retry":false,"extra":{"severity":"normal","retries":[],"categories":[{"name":"Product defects","matchedStatuses":[],"flaky":false}],"history":{"statistic":{"failed":1,"broken":0,"skipped":0,"passed":1,"unknown":0,"total":2},"items":[{"uid":"d7a937c2ffda5621","reportUrl":"https://zoniadev.github.io/automation-testing-framework/27//#testresult/d7a937c2ffda5621","status":"passed","time":{"start":1730786756171,"stop":1730786892314,"duration":136143}}]},"tags":["restore_sleep"]},"source":"586aaae0ef693e3f.json","parameterValues":["3","best_value","yes","best_value","yes","accept","quarterly","best_value","yes"]}