{"uid":"2784b097c44857ad","name":"Restore Sleep Supplement funnel -- @1.17 ","fullName":"Funnel tests: Restore Sleep Supplement funnel","historyId":"ab0ad11f6935f4a36ecac5d6b5a3080d","time":{"start":1728896835556,"stop":1728896952118,"duration":116562},"status":"failed","statusMessage":"AssertionError: No elements found with locator //*[@data-id='no-thanks']!\n","statusTrace":"  File \"/opt/hostedtoolcache/Python/3.12.7/x64/lib/python3.12/site-packages/behave/model.py\", line 1329, in run\n    match.run(runner.context)\n  File \"/opt/hostedtoolcache/Python/3.12.7/x64/lib/python3.12/site-packages/behave/matchers.py\", line 98, in run\n    self.func(context, *args, **kwargs)\n  File \"/home/runner/work/automation-testing-framework/automation-testing-framework/common_functions/custom_step_decorator.py\", line 10, in inner\n    raise AssertionError(e)\n","flaky":false,"newFailed":false,"newBroken":false,"newPassed":false,"retriesCount":0,"retriesStatusChange":false,"beforeStages":[],"testStage":{"status":"failed","statusMessage":"AssertionError: No elements found with locator //*[@data-id='no-thanks']!\n","statusTrace":"  File \"/opt/hostedtoolcache/Python/3.12.7/x64/lib/python3.12/site-packages/behave/model.py\", line 1329, in run\n    match.run(runner.context)\n  File \"/opt/hostedtoolcache/Python/3.12.7/x64/lib/python3.12/site-packages/behave/matchers.py\", line 98, in run\n    self.func(context, *args, **kwargs)\n  File \"/home/runner/work/automation-testing-framework/automation-testing-framework/common_functions/custom_step_decorator.py\", line 10, in inner\n    raise AssertionError(e)\n","steps":[{"name":"Given user select to buy \"6\" bottles in \"Restore Sleep\" Supplements page","time":{"start":1728896835629,"stop":1728896850722,"duration":15093},"status":"passed","steps":[],"attachments":[{"uid":"fdda129a78d699f3","name":"stdout","source":"fdda129a78d699f3.txt","type":"text/plain","size":1491}],"parameters":[],"shouldDisplayMessage":false,"stepsCount":0,"attachmentsCount":1,"hasContent":true},{"name":"When user makes following decision in \"first\" supplement \"6 More bottles of Restore Sleep\" Upsell page","time":{"start":1728896850722,"stop":1728896883388,"duration":32666},"status":"passed","steps":[],"attachments":[{"uid":"a373b3abeaf3e522","name":".table","source":"a373b3abeaf3e522.csv","type":"text/csv","size":34},{"uid":"15bc8ddb310e9c5e","name":"stdout","source":"15bc8ddb310e9c5e.txt","type":"text/plain","size":2156}],"parameters":[],"shouldDisplayMessage":false,"stepsCount":0,"attachmentsCount":2,"hasContent":true},{"name":"And user makes following decision in \"second\" supplement \"Restore Life\" Upsell page","time":{"start":1728896883388,"stop":1728896916108,"duration":32720},"status":"passed","steps":[],"attachments":[{"uid":"2052944df7019b47","name":".table","source":"2052944df7019b47.csv","type":"text/csv","size":34},{"uid":"2b79b58a137824e","name":"stdout","source":"2b79b58a137824e.txt","type":"text/plain","size":2768}],"parameters":[],"shouldDisplayMessage":false,"stepsCount":0,"attachmentsCount":2,"hasContent":true},{"name":"And user makes following decision in \"third\" supplement \"Restore Detox\" Upsell page","time":{"start":1728896916108,"stop":1728896950117,"duration":34009},"status":"passed","steps":[],"attachments":[{"uid":"7b75e168761effb","name":".table","source":"7b75e168761effb.csv","type":"text/csv","size":26},{"uid":"a6273a2329507024","name":"stdout","source":"a6273a2329507024.txt","type":"text/plain","size":3315}],"parameters":[],"shouldDisplayMessage":false,"stepsCount":0,"attachmentsCount":2,"hasContent":true},{"name":"And user makes following decision in 7 day free membership","time":{"start":1728896950117,"stop":1728896952053,"duration":1936},"status":"failed","statusMessage":"AssertionError: No elements found with locator //*[@data-id='no-thanks']!\n","statusTrace":"  File \"/opt/hostedtoolcache/Python/3.12.7/x64/lib/python3.12/site-packages/behave/model.py\", line 1329, in run\n    match.run(runner.context)\n  File \"/opt/hostedtoolcache/Python/3.12.7/x64/lib/python3.12/site-packages/behave/matchers.py\", line 98, in run\n    self.func(context, *args, **kwargs)\n  File \"/home/runner/work/automation-testing-framework/automation-testing-framework/common_functions/custom_step_decorator.py\", line 10, in inner\n    raise AssertionError(e)\n","steps":[],"attachments":[{"uid":"50dda23e53b29c1b","name":".table","source":"50dda23e53b29c1b.csv","type":"text/csv","size":23},{"uid":"b115ec92f5089907","name":"screenshot","source":"b115ec92f5089907.png","type":"image/png","size":4331},{"uid":"996bb73bb89d82a0","name":"stdout","source":"996bb73bb89d82a0.txt","type":"text/plain","size":3984}],"parameters":[],"shouldDisplayMessage":true,"stepsCount":0,"attachmentsCount":3,"hasContent":true},{"name":"Then user complete registration","time":{"start":1728896952118,"stop":1728896952118,"duration":0},"status":"skipped","steps":[],"attachments":[],"parameters":[],"shouldDisplayMessage":false,"stepsCount":0,"attachmentsCount":0,"hasContent":false}],"attachments":[{"uid":"491e84555619ed9a","name":"Test Video","source":"491e84555619ed9a.webm","type":"video/webm","size":2657105}],"parameters":[],"shouldDisplayMessage":false,"stepsCount":6,"attachmentsCount":11,"hasContent":true},"afterStages":[],"labels":[{"name":"severity","value":"normal"},{"name":"tag","value":"restore_sleep"},{"name":"feature","value":"Funnel tests"},{"name":"framework","value":"behave"},{"name":"language","value":"cpython3"},{"name":"resultFormat","value":"allure2"}],"parameters":[{"name":"bottles","value":"6"},{"name":"dt_last_chance","value":"no"},{"name":"dt_upgrade","value":"yes"},{"name":"lf_last_chance","value":"best_value"},{"name":"lf_upgrade","value":"yes"},{"name":"memb_decision","value":"accept"},{"name":"memb_plan","value":"no"},{"name":"sl_last_chance","value":"best_value"},{"name":"sl_upgrade","value":"yes"}],"links":[],"hidden":false,"retry":false,"extra":{"severity":"normal","retries":[],"categories":[{"name":"Product defects","matchedStatuses":[],"flaky":false}],"history":{"statistic":{"failed":2,"broken":0,"skipped":0,"passed":0,"unknown":0,"total":2},"items":[{"uid":"72774ebed5c588d7","reportUrl":"https://zoniadev.github.io/automation-testing-framework/72//#testresult/72774ebed5c588d7","status":"failed","statusDetails":"AssertionError: No elements found with locator //*[@data-id='no-thanks']!\n","time":{"start":1728563189904,"stop":1728563306852,"duration":116948}}]},"tags":["restore_sleep"]},"source":"2784b097c44857ad.json","parameterValues":["6","no","yes","best_value","yes","accept","no","best_value","yes"]}