{"uid":"f62175f823bcc03e","name":"TF Evergreen nightly -- @1.1 ","fullName":"Nightly tests: TF Evergreen nightly","historyId":"d7af52d3dff07c088a2729275c2dfec3","time":{"start":1758236046463,"stop":1758236262665,"duration":216202},"status":"failed","statusMessage":"AssertionError: Locator.scroll_into_view_if_needed: Timeout 30000ms exceeded.\nCall log:\nwaiting for locator(\"//button[@class='skip-login']\")\n\n","statusTrace":"  File \"/opt/hostedtoolcache/Python/3.9.23/x64/lib/python3.9/site-packages/behave/model.py\", line 1329, in run\n    match.run(runner.context)\n  File \"/opt/hostedtoolcache/Python/3.9.23/x64/lib/python3.9/site-packages/behave/matchers.py\", line 98, in run\n    self.func(context, *args, **kwargs)\n  File \"/home/runner/work/automation-testing-framework/automation-testing-framework/common_functions/custom_step_decorator.py\", line 10, in inner\n    raise AssertionError(e)\n","flaky":false,"newFailed":false,"newBroken":false,"newPassed":false,"retriesCount":0,"retriesStatusChange":false,"beforeStages":[],"testStage":{"status":"failed","statusMessage":"AssertionError: Locator.scroll_into_view_if_needed: Timeout 30000ms exceeded.\nCall log:\nwaiting for locator(\"//button[@class='skip-login']\")\n\n","statusTrace":"  File \"/opt/hostedtoolcache/Python/3.9.23/x64/lib/python3.9/site-packages/behave/model.py\", line 1329, in run\n    match.run(runner.context)\n  File \"/opt/hostedtoolcache/Python/3.9.23/x64/lib/python3.9/site-packages/behave/matchers.py\", line 98, in run\n    self.func(context, *args, **kwargs)\n  File \"/home/runner/work/automation-testing-framework/automation-testing-framework/common_functions/custom_step_decorator.py\", line 10, in inner\n    raise AssertionError(e)\n","steps":[{"name":"Given user register in \"tf_ev\" Opt In page","time":{"start":1758236046500,"stop":1758236055485,"duration":8985},"status":"passed","steps":[],"attachments":[{"uid":"c49bf4b76b0d0b18","name":"stdout","source":"c49bf4b76b0d0b18.txt","type":"text/plain","size":626}],"parameters":[],"shouldDisplayMessage":false,"stepsCount":0,"attachmentsCount":1,"hasContent":true},{"name":"And user join Zonia","time":{"start":1758236055485,"stop":1758236058208,"duration":2723},"status":"passed","steps":[],"attachments":[{"uid":"8fdab547de7f98e1","name":"stdout","source":"8fdab547de7f98e1.txt","type":"text/plain","size":1007}],"parameters":[],"shouldDisplayMessage":false,"stepsCount":0,"attachmentsCount":1,"hasContent":true},{"name":"When user sign up for \"quarterly\" plan","time":{"start":1758236058208,"stop":1758236067728,"duration":9520},"status":"passed","steps":[],"attachments":[{"uid":"96ffdbd22820d2af","name":"stdout","source":"96ffdbd22820d2af.txt","type":"text/plain","size":1697}],"parameters":[],"shouldDisplayMessage":false,"stepsCount":0,"attachmentsCount":1,"hasContent":true},{"name":"And user makes following decision in docuseries \"Booster Packages\" Upsell page","time":{"start":1758236067728,"stop":1758236083851,"duration":16123},"status":"passed","steps":[],"attachments":[{"uid":"d7a21cda54eb7bfe","name":".table","source":"d7a21cda54eb7bfe.csv","type":"text/csv","size":17},{"uid":"e1c0a68f654eae12","name":"stdout","source":"e1c0a68f654eae12.txt","type":"text/plain","size":3068}],"parameters":[],"shouldDisplayMessage":false,"stepsCount":0,"attachmentsCount":2,"hasContent":true},{"name":"And user makes following decision in docuseries \"Masterclass Packages\" Upsell page","time":{"start":1758236083851,"stop":1758236096704,"duration":12853},"status":"passed","steps":[],"attachments":[{"uid":"5805b999f7aeeb78","name":".table","source":"5805b999f7aeeb78.csv","type":"text/csv","size":12},{"uid":"74442ca075dbf449","name":"stdout","source":"74442ca075dbf449.txt","type":"text/plain","size":3628}],"parameters":[],"shouldDisplayMessage":false,"stepsCount":0,"attachmentsCount":2,"hasContent":true},{"name":"And user makes following decision in docuseries \"Restore Detox\" Upsell page","time":{"start":1758236096704,"stop":1758236165283,"duration":68579},"status":"passed","steps":[],"attachments":[{"uid":"b93522641c010797","name":".table","source":"b93522641c010797.csv","type":"text/csv","size":33},{"uid":"a5f8610b2360a05e","name":"stdout","source":"a5f8610b2360a05e.txt","type":"text/plain","size":4671}],"parameters":[],"shouldDisplayMessage":false,"stepsCount":0,"attachmentsCount":2,"hasContent":true},{"name":"And user makes following decision in docuseries \"Restore Life\" Upsell page","time":{"start":1758236165283,"stop":1758236230562,"duration":65279},"status":"passed","steps":[],"attachments":[{"uid":"1c7926f66948d4f6","name":".table","source":"1c7926f66948d4f6.csv","type":"text/csv","size":33},{"uid":"d275b8b6f631d08e","name":"stdout","source":"d275b8b6f631d08e.txt","type":"text/plain","size":5678}],"parameters":[],"shouldDisplayMessage":false,"stepsCount":0,"attachmentsCount":2,"hasContent":true},{"name":"Then user complete registration","time":{"start":1758236230562,"stop":1758236260923,"duration":30361},"status":"failed","statusMessage":"AssertionError: Locator.scroll_into_view_if_needed: Timeout 30000ms exceeded.\nCall log:\nwaiting for locator(\"//button[@class='skip-login']\")\n\n","statusTrace":"  File \"/opt/hostedtoolcache/Python/3.9.23/x64/lib/python3.9/site-packages/behave/model.py\", line 1329, in run\n    match.run(runner.context)\n  File \"/opt/hostedtoolcache/Python/3.9.23/x64/lib/python3.9/site-packages/behave/matchers.py\", line 98, in run\n    self.func(context, *args, **kwargs)\n  File \"/home/runner/work/automation-testing-framework/automation-testing-framework/common_functions/custom_step_decorator.py\", line 10, in inner\n    raise AssertionError(e)\n","steps":[],"attachments":[{"uid":"8f60325601691e07","name":"screenshot","source":"8f60325601691e07.png","type":"image/png","size":670041},{"uid":"8f2a9e4d0be9c1a9","name":"stdout","source":"8f2a9e4d0be9c1a9.txt","type":"text/plain","size":6485}],"parameters":[],"shouldDisplayMessage":true,"stepsCount":0,"attachmentsCount":2,"hasContent":true}],"attachments":[{"uid":"4c87975855431720","name":"Test Video","source":"4c87975855431720.webm","type":"video/webm","size":4753358}],"parameters":[],"shouldDisplayMessage":false,"stepsCount":8,"attachmentsCount":14,"hasContent":true},"afterStages":[],"labels":[{"name":"severity","value":"normal"},{"name":"tag","value":"nightly"},{"name":"tag","value":"nightly_docuseries"},{"name":"feature","value":"Nightly tests"},{"name":"framework","value":"behave"},{"name":"language","value":"cpython3"},{"name":"resultFormat","value":"allure2"}],"parameters":[{"name":"booster_packages","value":"platinum"},{"name":"masterclass_packages","value":"buy"},{"name":"opt_in_page","value":"tf_ev"},{"name":"plan","value":"quarterly"},{"name":"rd_bottles","value":"3"},{"name":"rd_upsell_downsell","value":"upgrade"},{"name":"rl_bottles","value":"1"},{"name":"rl_upsell_downsell","value":"upgrade"}],"links":[],"hidden":false,"retry":false,"extra":{"severity":"normal","retries":[],"categories":[{"name":"Product defects","matchedStatuses":[],"flaky":false}],"history":{"statistic":{"failed":11,"broken":0,"skipped":0,"passed":1,"unknown":0,"total":12},"items":[{"uid":"53485ec765f6da2b","reportUrl":"https://zoniadev.github.io/automation-testing-framework/344//#testresult/53485ec765f6da2b","status":"failed","statusDetails":"AssertionError: No visible elements found with locator h5.modal-title!\n","time":{"start":1758148799084,"stop":1758148834738,"duration":35654}},{"uid":"b91a9c8a931e470b","reportUrl":"https://zoniadev.github.io/automation-testing-framework/343//#testresult/b91a9c8a931e470b","status":"failed","statusDetails":"AssertionError: No visible elements found with locator h5.modal-title!\n","time":{"start":1758062523062,"stop":1758062560491,"duration":37429}},{"uid":"b92a7721028e7e3e","reportUrl":"https://zoniadev.github.io/automation-testing-framework/342//#testresult/b92a7721028e7e3e","status":"failed","statusDetails":"AssertionError: No visible elements found with locator h5.modal-title!\n","time":{"start":1757976169365,"stop":1757976205277,"duration":35912}},{"uid":"b0f9dc329aa05340","reportUrl":"https://zoniadev.github.io/automation-testing-framework/341//#testresult/b0f9dc329aa05340","status":"failed","statusDetails":"AssertionError: No visible elements found with locator h5.modal-title!\n","time":{"start":1757889736230,"stop":1757889772088,"duration":35858}},{"uid":"c331d88a16bd03d7","reportUrl":"https://zoniadev.github.io/automation-testing-framework/340//#testresult/c331d88a16bd03d7","status":"failed","statusDetails":"AssertionError: No visible elements found with locator h5.modal-title!\n","time":{"start":1757803299846,"stop":1757803337211,"duration":37365}},{"uid":"8f61cd9a52eaa726","reportUrl":"https://zoniadev.github.io/automation-testing-framework/339//#testresult/8f61cd9a52eaa726","status":"failed","statusDetails":"AssertionError: No visible elements found with locator h5.modal-title!\n","time":{"start":1757716930381,"stop":1757716967869,"duration":37488}},{"uid":"b937ecc3f739da8c","reportUrl":"https://zoniadev.github.io/automation-testing-framework/506//#testresult/b937ecc3f739da8c","status":"passed","time":{"start":1757663544447,"stop":1757663742295,"duration":197848}},{"uid":"ba63a5219f025028","reportUrl":"https://zoniadev.github.io/automation-testing-framework/338//#testresult/ba63a5219f025028","status":"failed","statusDetails":"AssertionError: No visible elements found with locator h5.modal-title!\n","time":{"start":1757630395815,"stop":1757630432113,"duration":36298}},{"uid":"f86220983363c70","reportUrl":"https://zoniadev.github.io/automation-testing-framework/337//#testresult/f86220983363c70","status":"failed","statusDetails":"AssertionError: No visible elements found with locator h5.modal-title!\n","time":{"start":1757544208830,"stop":1757544244719,"duration":35889}},{"uid":"b237ca591f46d2c1","reportUrl":"https://zoniadev.github.io/automation-testing-framework/336//#testresult/b237ca591f46d2c1","status":"failed","statusDetails":"AssertionError: No visible elements found with locator h5.modal-title!\n","time":{"start":1757457499692,"stop":1757457535634,"duration":35942}},{"uid":"46def7eafa6aec54","reportUrl":"https://zoniadev.github.io/automation-testing-framework/493//#testresult/46def7eafa6aec54","status":"failed","statusDetails":"AssertionError: No visible elements found with locator h5.modal-title!\n","time":{"start":1757429969421,"stop":1757430005598,"duration":36177}}]},"tags":["nightly","nightly_docuseries"]},"source":"f62175f823bcc03e.json","parameterValues":["platinum","buy","tf_ev","quarterly","3","upgrade","1","upgrade"]}