{"uid":"aa0d0b6610ab6b48","name":"Restore Sleep Supplement funnel -- @1.7 ","fullName":"Funnel tests: Restore Sleep Supplement funnel","historyId":"65db647d14a42d4e76461b070f8470ba","time":{"start":1729229652778,"stop":1729229655408,"duration":2630},"status":"failed","statusMessage":"AssertionError: No elements found with locator //*[@data-id='add-order-3']!\n","statusTrace":"  File \"/opt/hostedtoolcache/Python/3.12.7/x64/lib/python3.12/site-packages/behave/model.py\", line 1329, in run\n    match.run(runner.context)\n  File \"/opt/hostedtoolcache/Python/3.12.7/x64/lib/python3.12/site-packages/behave/matchers.py\", line 98, in run\n    self.func(context, *args, **kwargs)\n  File \"/home/runner/work/automation-testing-framework/automation-testing-framework/common_functions/custom_step_decorator.py\", line 10, in inner\n    raise AssertionError(e)\n","flaky":false,"newFailed":false,"newBroken":false,"newPassed":false,"retriesCount":0,"retriesStatusChange":false,"beforeStages":[],"testStage":{"status":"failed","statusMessage":"AssertionError: No elements found with locator //*[@data-id='add-order-3']!\n","statusTrace":"  File \"/opt/hostedtoolcache/Python/3.12.7/x64/lib/python3.12/site-packages/behave/model.py\", line 1329, in run\n    match.run(runner.context)\n  File \"/opt/hostedtoolcache/Python/3.12.7/x64/lib/python3.12/site-packages/behave/matchers.py\", line 98, in run\n    self.func(context, *args, **kwargs)\n  File \"/home/runner/work/automation-testing-framework/automation-testing-framework/common_functions/custom_step_decorator.py\", line 10, in inner\n    raise AssertionError(e)\n","steps":[{"name":"Given user select to buy \"3\" bottles in \"Restore Sleep\" Supplements page","time":{"start":1729229652817,"stop":1729229655381,"duration":2564},"status":"failed","statusMessage":"AssertionError: No elements found with locator //*[@data-id='add-order-3']!\n","statusTrace":"  File \"/opt/hostedtoolcache/Python/3.12.7/x64/lib/python3.12/site-packages/behave/model.py\", line 1329, in run\n    match.run(runner.context)\n  File \"/opt/hostedtoolcache/Python/3.12.7/x64/lib/python3.12/site-packages/behave/matchers.py\", line 98, in run\n    self.func(context, *args, **kwargs)\n  File \"/home/runner/work/automation-testing-framework/automation-testing-framework/common_functions/custom_step_decorator.py\", line 10, in inner\n    raise AssertionError(e)\n","steps":[],"attachments":[{"uid":"93ad7eacb94580cc","name":"screenshot","source":"93ad7eacb94580cc.png","type":"image/png","size":159156},{"uid":"dcc922f50a2de04a","name":"stdout","source":"dcc922f50a2de04a.txt","type":"text/plain","size":277}],"parameters":[],"shouldDisplayMessage":true,"stepsCount":0,"attachmentsCount":2,"hasContent":true},{"name":"When user makes following decision in \"first\" supplement \"6 More bottles of Restore Sleep\" Upsell page","time":{"start":1729229655407,"stop":1729229655407,"duration":0},"status":"skipped","steps":[],"attachments":[{"uid":"1603e3de1f0a6911","name":".table","source":"1603e3de1f0a6911.csv","type":"text/csv","size":25}],"parameters":[],"shouldDisplayMessage":false,"stepsCount":0,"attachmentsCount":1,"hasContent":true},{"name":"And user makes following decision in \"second\" supplement \"Restore Life\" Upsell page","time":{"start":1729229655407,"stop":1729229655407,"duration":0},"status":"skipped","steps":[],"attachments":[{"uid":"fbbe002f955222e","name":".table","source":"fbbe002f955222e.csv","type":"text/csv","size":36}],"parameters":[],"shouldDisplayMessage":false,"stepsCount":0,"attachmentsCount":1,"hasContent":true},{"name":"And user makes following decision in \"third\" supplement \"Restore Detox\" Upsell page","time":{"start":1729229655408,"stop":1729229655408,"duration":0},"status":"skipped","steps":[],"attachments":[{"uid":"bcdffc2652d7d219","name":".table","source":"bcdffc2652d7d219.csv","type":"text/csv","size":36}],"parameters":[],"shouldDisplayMessage":false,"stepsCount":0,"attachmentsCount":1,"hasContent":true},{"name":"And user makes following decision in 7 day free membership","time":{"start":1729229655408,"stop":1729229655408,"duration":0},"status":"skipped","steps":[],"attachments":[{"uid":"d4df301315680249","name":".table","source":"d4df301315680249.csv","type":"text/csv","size":24}],"parameters":[],"shouldDisplayMessage":false,"stepsCount":0,"attachmentsCount":1,"hasContent":true},{"name":"Then user complete registration","time":{"start":1729229655408,"stop":1729229655408,"duration":0},"status":"skipped","steps":[],"attachments":[],"parameters":[],"shouldDisplayMessage":false,"stepsCount":0,"attachmentsCount":0,"hasContent":false}],"attachments":[{"uid":"61ced31621da4c1","name":"Test Video","source":"61ced31621da4c1.webm","type":"video/webm","size":70788}],"parameters":[],"shouldDisplayMessage":false,"stepsCount":6,"attachmentsCount":7,"hasContent":true},"afterStages":[],"labels":[{"name":"severity","value":"normal"},{"name":"tag","value":"restore_sleep"},{"name":"feature","value":"Funnel tests"},{"name":"framework","value":"behave"},{"name":"language","value":"cpython3"},{"name":"resultFormat","value":"allure2"}],"parameters":[{"name":"bottles","value":"3"},{"name":"dt_last_chance","value":"most_popular"},{"name":"dt_upgrade","value":"yes"},{"name":"lf_last_chance","value":"most_popular"},{"name":"lf_upgrade","value":"yes"},{"name":"memb_decision","value":"decline"},{"name":"memb_plan","value":"no"},{"name":"sl_last_chance","value":"no"},{"name":"sl_upgrade","value":"no"}],"links":[],"hidden":false,"retry":false,"extra":{"severity":"normal","retries":[],"categories":[{"name":"Product defects","matchedStatuses":[],"flaky":false}],"history":{"statistic":{"failed":3,"broken":0,"skipped":0,"passed":0,"unknown":0,"total":3},"items":[{"uid":"9de09e00ae3c5273","reportUrl":"https://zoniadev.github.io/automation-testing-framework/8//#testresult/9de09e00ae3c5273","status":"failed","statusDetails":"AssertionError: No elements found with locator //*[@data-id='add-order-3']!\n","time":{"start":1729144615009,"stop":1729144617506,"duration":2497}},{"uid":"daddac52dd376baa","reportUrl":"https://zoniadev.github.io/automation-testing-framework/7//#testresult/daddac52dd376baa","status":"failed","statusDetails":"AssertionError: No elements found with locator //*[@data-id='add-order-3']!\n","time":{"start":1729058241842,"stop":1729058243991,"duration":2149}}]},"tags":["restore_sleep"]},"source":"aa0d0b6610ab6b48.json","parameterValues":["3","most_popular","yes","most_popular","yes","decline","no","no","no"]}