{"uid":"f51985859738043c","name":"Restore Sleep Supplement funnel -- @1.8 ","fullName":"Funnel tests: Restore Sleep Supplement funnel","historyId":"c5822600322fc243e78bf9f96685a3af","time":{"start":1729229655408,"stop":1729229657932,"duration":2524},"status":"failed","statusMessage":"AssertionError: No elements found with locator //*[@data-id='add-order-3']!\n","statusTrace":"  File \"/opt/hostedtoolcache/Python/3.12.7/x64/lib/python3.12/site-packages/behave/model.py\", line 1329, in run\n    match.run(runner.context)\n  File \"/opt/hostedtoolcache/Python/3.12.7/x64/lib/python3.12/site-packages/behave/matchers.py\", line 98, in run\n    self.func(context, *args, **kwargs)\n  File \"/home/runner/work/automation-testing-framework/automation-testing-framework/common_functions/custom_step_decorator.py\", line 10, in inner\n    raise AssertionError(e)\n","flaky":false,"newFailed":false,"newBroken":false,"newPassed":false,"retriesCount":0,"retriesStatusChange":false,"beforeStages":[],"testStage":{"status":"failed","statusMessage":"AssertionError: No elements found with locator //*[@data-id='add-order-3']!\n","statusTrace":"  File \"/opt/hostedtoolcache/Python/3.12.7/x64/lib/python3.12/site-packages/behave/model.py\", line 1329, in run\n    match.run(runner.context)\n  File \"/opt/hostedtoolcache/Python/3.12.7/x64/lib/python3.12/site-packages/behave/matchers.py\", line 98, in run\n    self.func(context, *args, **kwargs)\n  File \"/home/runner/work/automation-testing-framework/automation-testing-framework/common_functions/custom_step_decorator.py\", line 10, in inner\n    raise AssertionError(e)\n","steps":[{"name":"Given user select to buy \"3\" bottles in \"Restore Sleep\" Supplements page","time":{"start":1729229655447,"stop":1729229657903,"duration":2456},"status":"failed","statusMessage":"AssertionError: No elements found with locator //*[@data-id='add-order-3']!\n","statusTrace":"  File \"/opt/hostedtoolcache/Python/3.12.7/x64/lib/python3.12/site-packages/behave/model.py\", line 1329, in run\n    match.run(runner.context)\n  File \"/opt/hostedtoolcache/Python/3.12.7/x64/lib/python3.12/site-packages/behave/matchers.py\", line 98, in run\n    self.func(context, *args, **kwargs)\n  File \"/home/runner/work/automation-testing-framework/automation-testing-framework/common_functions/custom_step_decorator.py\", line 10, in inner\n    raise AssertionError(e)\n","steps":[],"attachments":[{"uid":"163bacdc01f11c3a","name":"screenshot","source":"163bacdc01f11c3a.png","type":"image/png","size":159156},{"uid":"17c5db220124babe","name":"stdout","source":"17c5db220124babe.txt","type":"text/plain","size":277}],"parameters":[],"shouldDisplayMessage":true,"stepsCount":0,"attachmentsCount":2,"hasContent":true},{"name":"When user makes following decision in \"first\" supplement \"6 More bottles of Restore Sleep\" Upsell page","time":{"start":1729229657931,"stop":1729229657931,"duration":0},"status":"skipped","steps":[],"attachments":[{"uid":"c6b767d5d0e96222","name":".table","source":"c6b767d5d0e96222.csv","type":"text/csv","size":34}],"parameters":[],"shouldDisplayMessage":false,"stepsCount":0,"attachmentsCount":1,"hasContent":true},{"name":"And user makes following decision in \"second\" supplement \"Restore Life\" Upsell page","time":{"start":1729229657931,"stop":1729229657931,"duration":0},"status":"skipped","steps":[],"attachments":[{"uid":"9364de7fc02c3c29","name":".table","source":"9364de7fc02c3c29.csv","type":"text/csv","size":34}],"parameters":[],"shouldDisplayMessage":false,"stepsCount":0,"attachmentsCount":1,"hasContent":true},{"name":"And user makes following decision in \"third\" supplement \"Restore Detox\" Upsell page","time":{"start":1729229657932,"stop":1729229657932,"duration":0},"status":"skipped","steps":[],"attachments":[{"uid":"c80a32cdf5fbeae7","name":".table","source":"c80a32cdf5fbeae7.csv","type":"text/csv","size":34}],"parameters":[],"shouldDisplayMessage":false,"stepsCount":0,"attachmentsCount":1,"hasContent":true},{"name":"And user makes following decision in 7 day free membership","time":{"start":1729229657932,"stop":1729229657932,"duration":0},"status":"skipped","steps":[],"attachments":[{"uid":"82a71df58a9d4855","name":".table","source":"82a71df58a9d4855.csv","type":"text/csv","size":30}],"parameters":[],"shouldDisplayMessage":false,"stepsCount":0,"attachmentsCount":1,"hasContent":true},{"name":"Then user complete registration","time":{"start":1729229657932,"stop":1729229657932,"duration":0},"status":"skipped","steps":[],"attachments":[],"parameters":[],"shouldDisplayMessage":false,"stepsCount":0,"attachmentsCount":0,"hasContent":false}],"attachments":[{"uid":"6f5427ecb60e5ea","name":"Test Video","source":"6f5427ecb60e5ea.webm","type":"video/webm","size":73659}],"parameters":[],"shouldDisplayMessage":false,"stepsCount":6,"attachmentsCount":7,"hasContent":true},"afterStages":[],"labels":[{"name":"severity","value":"normal"},{"name":"tag","value":"restore_sleep"},{"name":"feature","value":"Funnel tests"},{"name":"framework","value":"behave"},{"name":"language","value":"cpython3"},{"name":"resultFormat","value":"allure2"}],"parameters":[{"name":"bottles","value":"3"},{"name":"dt_last_chance","value":"best_value"},{"name":"dt_upgrade","value":"yes"},{"name":"lf_last_chance","value":"best_value"},{"name":"lf_upgrade","value":"yes"},{"name":"memb_decision","value":"accept"},{"name":"memb_plan","value":"quarterly"},{"name":"sl_last_chance","value":"best_value"},{"name":"sl_upgrade","value":"yes"}],"links":[],"hidden":false,"retry":false,"extra":{"severity":"normal","retries":[],"categories":[{"name":"Product defects","matchedStatuses":[],"flaky":false}],"history":{"statistic":{"failed":3,"broken":0,"skipped":0,"passed":0,"unknown":0,"total":3},"items":[{"uid":"a7d0b9a1fb86ac","reportUrl":"https://zoniadev.github.io/automation-testing-framework/8//#testresult/a7d0b9a1fb86ac","status":"failed","statusDetails":"AssertionError: No elements found with locator //*[@data-id='add-order-3']!\n","time":{"start":1729144617507,"stop":1729144619966,"duration":2459}},{"uid":"aac57a34aae6ba1f","reportUrl":"https://zoniadev.github.io/automation-testing-framework/7//#testresult/aac57a34aae6ba1f","status":"failed","statusDetails":"AssertionError: No elements found with locator //*[@data-id='add-order-3']!\n","time":{"start":1729058243992,"stop":1729058246175,"duration":2183}}]},"tags":["restore_sleep"]},"source":"f51985859738043c.json","parameterValues":["3","best_value","yes","best_value","yes","accept","quarterly","best_value","yes"]}