{"uid":"68eb9b11e311d6c3","name":"Test email","fullName":"Funnel tests: Test email","historyId":"ad80d089823cd6eda7ce76c3dc6c7344","time":{"start":1728557954758,"stop":1728557972229,"duration":17471},"status":"failed","statusMessage":"AssertionError: No elements found with locator //button[@class='skip-login']!\n","statusTrace":"  File \"/opt/hostedtoolcache/Python/3.12.7/x64/lib/python3.12/site-packages/behave/model.py\", line 1329, in run\n    match.run(runner.context)\n  File \"/opt/hostedtoolcache/Python/3.12.7/x64/lib/python3.12/site-packages/behave/matchers.py\", line 98, in run\n    self.func(context, *args, **kwargs)\n  File \"/home/runner/work/automation-testing-framework/automation-testing-framework/common_functions/custom_step_decorator.py\", line 10, in inner\n    raise AssertionError(e)\n","flaky":false,"newFailed":false,"newBroken":false,"newPassed":false,"retriesCount":0,"retriesStatusChange":false,"beforeStages":[],"testStage":{"status":"failed","statusMessage":"AssertionError: No elements found with locator //button[@class='skip-login']!\n","statusTrace":"  File \"/opt/hostedtoolcache/Python/3.12.7/x64/lib/python3.12/site-packages/behave/model.py\", line 1329, in run\n    match.run(runner.context)\n  File \"/opt/hostedtoolcache/Python/3.12.7/x64/lib/python3.12/site-packages/behave/matchers.py\", line 98, in run\n    self.func(context, *args, **kwargs)\n  File \"/home/runner/work/automation-testing-framework/automation-testing-framework/common_functions/custom_step_decorator.py\", line 10, in inner\n    raise AssertionError(e)\n","steps":[{"name":"Given user select to buy \"1\" bottles in \"Restore Gut\" Supplements page","time":{"start":1728557954801,"stop":1728557971811,"duration":17010},"status":"passed","steps":[],"attachments":[{"uid":"d644b722999786f","name":"stdout","source":"d644b722999786f.txt","type":"text/plain","size":1483}],"parameters":[],"shouldDisplayMessage":false,"stepsCount":0,"attachmentsCount":1,"hasContent":true},{"name":"Then user complete registration","time":{"start":1728557971811,"stop":1728557972013,"duration":202},"status":"failed","statusMessage":"AssertionError: No elements found with locator //button[@class='skip-login']!\n","statusTrace":"  File \"/opt/hostedtoolcache/Python/3.12.7/x64/lib/python3.12/site-packages/behave/model.py\", line 1329, in run\n    match.run(runner.context)\n  File \"/opt/hostedtoolcache/Python/3.12.7/x64/lib/python3.12/site-packages/behave/matchers.py\", line 98, in run\n    self.func(context, *args, **kwargs)\n  File \"/home/runner/work/automation-testing-framework/automation-testing-framework/common_functions/custom_step_decorator.py\", line 10, in inner\n    raise AssertionError(e)\n","steps":[],"attachments":[{"uid":"dc45fc6d2aa92c58","name":"screenshot","source":"dc45fc6d2aa92c58.png","type":"image/png","size":245191},{"uid":"304e117bd71b48d0","name":"stdout","source":"304e117bd71b48d0.txt","type":"text/plain","size":1585}],"parameters":[],"shouldDisplayMessage":true,"stepsCount":0,"attachmentsCount":2,"hasContent":true}],"attachments":[],"parameters":[],"shouldDisplayMessage":false,"stepsCount":2,"attachmentsCount":3,"hasContent":true},"afterStages":[],"labels":[{"name":"severity","value":"normal"},{"name":"tag","value":"WIP"},{"name":"feature","value":"Funnel tests"},{"name":"framework","value":"behave"},{"name":"language","value":"cpython3"},{"name":"resultFormat","value":"allure2"}],"parameters":[],"links":[],"hidden":false,"retry":false,"extra":{"severity":"normal","retries":[],"categories":[{"name":"Product defects","matchedStatuses":[],"flaky":false}],"history":{"statistic":{"failed":2,"broken":0,"skipped":0,"passed":0,"unknown":0,"total":2},"items":[{"uid":"e8a1647d2021c924","reportUrl":"https://zoniadev.github.io/automation-testing-framework/61//#testresult/e8a1647d2021c924","status":"failed","statusDetails":"AssertionError: No elements found with locator //button[@class='skip-login']!\n","time":{"start":1728555666678,"stop":1728555690103,"duration":23425}}]},"tags":["WIP"]},"source":"68eb9b11e311d6c3.json","parameterValues":[]}