{"uid":"e2caf53032cc62a0","name":"Unbroken evergreen funnel -- @1.10 ","fullName":"Funnel tests: Unbroken evergreen funnel","historyId":"65be0350d5e2fcdcd0c2f8c5132a085c","time":{"start":1738332836640,"stop":1738332836849,"duration":209},"status":"failed","statusMessage":"AssertionError: module 'common_variables' has no attribute 'ad_ev_detowsx_opt_in_url'\n","statusTrace":"  File \"/opt/hostedtoolcache/Python/3.9.21/x64/lib/python3.9/site-packages/behave/model.py\", line 1329, in run\n    match.run(runner.context)\n  File \"/opt/hostedtoolcache/Python/3.9.21/x64/lib/python3.9/site-packages/behave/matchers.py\", line 98, in run\n    self.func(context, *args, **kwargs)\n  File \"/home/runner/work/automation-testing-framework/automation-testing-framework/common_functions/custom_step_decorator.py\", line 10, in inner\n    raise AssertionError(e)\n","flaky":false,"newFailed":false,"newBroken":false,"newPassed":false,"retriesCount":0,"retriesStatusChange":false,"beforeStages":[],"testStage":{"status":"failed","statusMessage":"AssertionError: module 'common_variables' has no attribute 'ad_ev_detowsx_opt_in_url'\n","statusTrace":"  File \"/opt/hostedtoolcache/Python/3.9.21/x64/lib/python3.9/site-packages/behave/model.py\", line 1329, in run\n    match.run(runner.context)\n  File \"/opt/hostedtoolcache/Python/3.9.21/x64/lib/python3.9/site-packages/behave/matchers.py\", line 98, in run\n    self.func(context, *args, **kwargs)\n  File \"/home/runner/work/automation-testing-framework/automation-testing-framework/common_functions/custom_step_decorator.py\", line 10, in inner\n    raise AssertionError(e)\n","steps":[{"name":"Given user register in \"ad_ev_detowsx\" Opt In page","time":{"start":1738332836706,"stop":1738332836829,"duration":123},"status":"failed","statusMessage":"AssertionError: module 'common_variables' has no attribute 'ad_ev_detowsx_opt_in_url'\n","statusTrace":"  File \"/opt/hostedtoolcache/Python/3.9.21/x64/lib/python3.9/site-packages/behave/model.py\", line 1329, in run\n    match.run(runner.context)\n  File \"/opt/hostedtoolcache/Python/3.9.21/x64/lib/python3.9/site-packages/behave/matchers.py\", line 98, in run\n    self.func(context, *args, **kwargs)\n  File \"/home/runner/work/automation-testing-framework/automation-testing-framework/common_functions/custom_step_decorator.py\", line 10, in inner\n    raise AssertionError(e)\n","steps":[],"attachments":[{"uid":"bcfbb7f278cb1ca2","name":"screenshot","source":"bcfbb7f278cb1ca2.png","type":"image/png","size":4331},{"uid":"a546923b67070d70","name":"stdout","source":"a546923b67070d70.txt","type":"text/plain","size":388}],"parameters":[],"shouldDisplayMessage":true,"stepsCount":0,"attachmentsCount":2,"hasContent":true},{"name":"And user join Zonia","time":{"start":1738332836849,"stop":1738332836849,"duration":0},"status":"skipped","steps":[],"attachments":[],"parameters":[],"shouldDisplayMessage":false,"stepsCount":0,"attachmentsCount":0,"hasContent":false},{"name":"When user sign up for \"monthly\" plan","time":{"start":1738332836849,"stop":1738332836849,"duration":0},"status":"skipped","steps":[],"attachments":[],"parameters":[],"shouldDisplayMessage":false,"stepsCount":0,"attachmentsCount":0,"hasContent":false},{"name":"And user makes following decision in docuseries \"Booster Packages\" Upsell page","time":{"start":1738332836849,"stop":1738332836849,"duration":0},"status":"skipped","steps":[],"attachments":[{"uid":"da9430ec49faaf47","name":".table","source":"da9430ec49faaf47.csv","type":"text/csv","size":17}],"parameters":[],"shouldDisplayMessage":false,"stepsCount":0,"attachmentsCount":1,"hasContent":true},{"name":"And user makes following decision in docuseries \"Masterclass Packages\" Upsell page","time":{"start":1738332836849,"stop":1738332836849,"duration":0},"status":"skipped","steps":[],"attachments":[{"uid":"689317ab0b43438a","name":".table","source":"689317ab0b43438a.csv","type":"text/csv","size":11}],"parameters":[],"shouldDisplayMessage":false,"stepsCount":0,"attachmentsCount":1,"hasContent":true},{"name":"And user makes following decision in docuseries \"Restore Detox\" Upsell page","time":{"start":1738332836849,"stop":1738332836849,"duration":0},"status":"skipped","steps":[],"attachments":[{"uid":"29c0df90e83e9408","name":".table","source":"29c0df90e83e9408.csv","type":"text/csv","size":28}],"parameters":[],"shouldDisplayMessage":false,"stepsCount":0,"attachmentsCount":1,"hasContent":true},{"name":"And user makes following decision in docuseries \"Restore Life\" Upsell page","time":{"start":1738332836849,"stop":1738332836849,"duration":0},"status":"skipped","steps":[],"attachments":[{"uid":"8b52e50e49489b72","name":".table","source":"8b52e50e49489b72.csv","type":"text/csv","size":38}],"parameters":[],"shouldDisplayMessage":false,"stepsCount":0,"attachmentsCount":1,"hasContent":true},{"name":"Then user complete registration","time":{"start":1738332836849,"stop":1738332836849,"duration":0},"status":"skipped","steps":[],"attachments":[],"parameters":[],"shouldDisplayMessage":false,"stepsCount":0,"attachmentsCount":0,"hasContent":false}],"attachments":[{"uid":"ff33e1b7d1d99e95","name":"Test Video","source":"ff33e1b7d1d99e95.webm","type":"video/webm","size":1344}],"parameters":[],"shouldDisplayMessage":false,"stepsCount":8,"attachmentsCount":7,"hasContent":true},"afterStages":[],"labels":[{"name":"severity","value":"normal"},{"name":"tag","value":"all_docuseries"},{"name":"tag","value":"unbroken_evergreen"},{"name":"feature","value":"Funnel tests"},{"name":"framework","value":"behave"},{"name":"language","value":"cpython3"},{"name":"resultFormat","value":"allure2"}],"parameters":[{"name":"booster_packages","value":"platinum"},{"name":"masterclass_packages","value":"no"},{"name":"opt_in_page","value":"ad_ev_detowsx"},{"name":"plan","value":"monthly"},{"name":"rd_bottles","value":"1"},{"name":"rd_upsell_downsell","value":"no"},{"name":"rl_bottles","value":"3"},{"name":"rl_upsell_downsell","value":"most_popular"}],"links":[],"hidden":false,"retry":false,"extra":{"severity":"normal","retries":[],"categories":[{"name":"Product defects","matchedStatuses":[],"flaky":false}],"history":{"statistic":{"failed":2,"broken":0,"skipped":0,"passed":0,"unknown":0,"total":2},"items":[{"uid":"269b41f3c6587e92","reportUrl":"https://zoniadev.github.io/automation-testing-framework/229//#testresult/269b41f3c6587e92","status":"failed","statusDetails":"AssertionError: module 'common_variables' has no attribute 'ad_ev_detowsx_opt_in_url'\n","time":{"start":1738318374064,"stop":1738318374249,"duration":185}}]},"tags":["all_docuseries","unbroken_evergreen"]},"source":"e2caf53032cc62a0.json","parameterValues":["platinum","no","ad_ev_detowsx","monthly","1","no","3","most_popular"]}