{"uid":"e20d14ef28c66a66","name":"Restore Sleep Supplement funnel -- @1.17 ","fullName":"Funnel tests: Restore Sleep Supplement funnel","historyId":"ab0ad11f6935f4a36ecac5d6b5a3080d","time":{"start":1729145355302,"stop":1729145471778,"duration":116476},"status":"failed","statusMessage":"AssertionError: No elements found with locator //*[@data-id='no-thanks']!\n","statusTrace":"  File \"/opt/hostedtoolcache/Python/3.12.7/x64/lib/python3.12/site-packages/behave/model.py\", line 1329, in run\n    match.run(runner.context)\n  File \"/opt/hostedtoolcache/Python/3.12.7/x64/lib/python3.12/site-packages/behave/matchers.py\", line 98, in run\n    self.func(context, *args, **kwargs)\n  File \"/home/runner/work/automation-testing-framework/automation-testing-framework/common_functions/custom_step_decorator.py\", line 10, in inner\n    raise AssertionError(e)\n","flaky":false,"newFailed":false,"newBroken":false,"newPassed":false,"retriesCount":0,"retriesStatusChange":false,"beforeStages":[],"testStage":{"status":"failed","statusMessage":"AssertionError: No elements found with locator //*[@data-id='no-thanks']!\n","statusTrace":"  File \"/opt/hostedtoolcache/Python/3.12.7/x64/lib/python3.12/site-packages/behave/model.py\", line 1329, in run\n    match.run(runner.context)\n  File \"/opt/hostedtoolcache/Python/3.12.7/x64/lib/python3.12/site-packages/behave/matchers.py\", line 98, in run\n    self.func(context, *args, **kwargs)\n  File \"/home/runner/work/automation-testing-framework/automation-testing-framework/common_functions/custom_step_decorator.py\", line 10, in inner\n    raise AssertionError(e)\n","steps":[{"name":"Given user select to buy \"6\" bottles in \"Restore Sleep\" Supplements page","time":{"start":1729145355338,"stop":1729145370278,"duration":14940},"status":"passed","steps":[],"attachments":[{"uid":"6e44f27b2970eba1","name":"stdout","source":"6e44f27b2970eba1.txt","type":"text/plain","size":1491}],"parameters":[],"shouldDisplayMessage":false,"stepsCount":0,"attachmentsCount":1,"hasContent":true},{"name":"When user makes following decision in \"first\" supplement \"6 More bottles of Restore Sleep\" Upsell page","time":{"start":1729145370278,"stop":1729145402840,"duration":32562},"status":"passed","steps":[],"attachments":[{"uid":"9de3aaebd66c2ca9","name":".table","source":"9de3aaebd66c2ca9.csv","type":"text/csv","size":34},{"uid":"e99946f156d73e71","name":"stdout","source":"e99946f156d73e71.txt","type":"text/plain","size":2156}],"parameters":[],"shouldDisplayMessage":false,"stepsCount":0,"attachmentsCount":2,"hasContent":true},{"name":"And user makes following decision in \"second\" supplement \"Restore Life\" Upsell page","time":{"start":1729145402840,"stop":1729145435404,"duration":32564},"status":"passed","steps":[],"attachments":[{"uid":"756d98d51fb68cd4","name":".table","source":"756d98d51fb68cd4.csv","type":"text/csv","size":34},{"uid":"c1c60e0972e7b0b2","name":"stdout","source":"c1c60e0972e7b0b2.txt","type":"text/plain","size":2768}],"parameters":[],"shouldDisplayMessage":false,"stepsCount":0,"attachmentsCount":2,"hasContent":true},{"name":"And user makes following decision in \"third\" supplement \"Restore Detox\" Upsell page","time":{"start":1729145435404,"stop":1729145468064,"duration":32660},"status":"passed","steps":[],"attachments":[{"uid":"4a21525133870f63","name":".table","source":"4a21525133870f63.csv","type":"text/csv","size":26},{"uid":"b1bc7b991202510b","name":"stdout","source":"b1bc7b991202510b.txt","type":"text/plain","size":3315}],"parameters":[],"shouldDisplayMessage":false,"stepsCount":0,"attachmentsCount":2,"hasContent":true},{"name":"And user makes following decision in 7 day free membership","time":{"start":1729145468064,"stop":1729145471709,"duration":3645},"status":"failed","statusMessage":"AssertionError: No elements found with locator //*[@data-id='no-thanks']!\n","statusTrace":"  File \"/opt/hostedtoolcache/Python/3.12.7/x64/lib/python3.12/site-packages/behave/model.py\", line 1329, in run\n    match.run(runner.context)\n  File \"/opt/hostedtoolcache/Python/3.12.7/x64/lib/python3.12/site-packages/behave/matchers.py\", line 98, in run\n    self.func(context, *args, **kwargs)\n  File \"/home/runner/work/automation-testing-framework/automation-testing-framework/common_functions/custom_step_decorator.py\", line 10, in inner\n    raise AssertionError(e)\n","steps":[],"attachments":[{"uid":"20d8537948fe6cee","name":".table","source":"20d8537948fe6cee.csv","type":"text/csv","size":23},{"uid":"b0ce3fa83a3b7aa2","name":"screenshot","source":"b0ce3fa83a3b7aa2.png","type":"image/png","size":199898},{"uid":"8f1c280fe295354e","name":"stdout","source":"8f1c280fe295354e.txt","type":"text/plain","size":7240}],"parameters":[],"shouldDisplayMessage":true,"stepsCount":0,"attachmentsCount":3,"hasContent":true},{"name":"Then user complete registration","time":{"start":1729145471778,"stop":1729145471778,"duration":0},"status":"skipped","steps":[],"attachments":[],"parameters":[],"shouldDisplayMessage":false,"stepsCount":0,"attachmentsCount":0,"hasContent":false}],"attachments":[{"uid":"de88e76c62cf8e08","name":"Test Video","source":"de88e76c62cf8e08.webm","type":"video/webm","size":2714902}],"parameters":[],"shouldDisplayMessage":false,"stepsCount":6,"attachmentsCount":11,"hasContent":true},"afterStages":[],"labels":[{"name":"severity","value":"normal"},{"name":"tag","value":"restore_sleep"},{"name":"feature","value":"Funnel tests"},{"name":"framework","value":"behave"},{"name":"language","value":"cpython3"},{"name":"resultFormat","value":"allure2"}],"parameters":[{"name":"bottles","value":"6"},{"name":"dt_last_chance","value":"no"},{"name":"dt_upgrade","value":"yes"},{"name":"lf_last_chance","value":"best_value"},{"name":"lf_upgrade","value":"yes"},{"name":"memb_decision","value":"accept"},{"name":"memb_plan","value":"no"},{"name":"sl_last_chance","value":"best_value"},{"name":"sl_upgrade","value":"yes"}],"links":[],"hidden":false,"retry":false,"extra":{"severity":"normal","retries":[],"categories":[{"name":"Product defects","matchedStatuses":[],"flaky":false}],"history":{"statistic":{"failed":2,"broken":0,"skipped":0,"passed":0,"unknown":0,"total":2},"items":[{"uid":"317c4245d0babe04","reportUrl":"https://zoniadev.github.io/automation-testing-framework/7//#testresult/317c4245d0babe04","status":"failed","statusDetails":"AssertionError: No elements found with locator //*[@data-id='no-thanks']!\n","time":{"start":1729058966783,"stop":1729059081156,"duration":114373}}]},"tags":["restore_sleep"]},"source":"e20d14ef28c66a66.json","parameterValues":["6","no","yes","best_value","yes","accept","no","best_value","yes"]}