{"uid":"f5152c5f07b43618","name":"KM Evergreen nightly -- @1.1 ","fullName":"Nightly tests: KM Evergreen nightly","historyId":"8484ce252cbc1e6b282886a320b58c0b","time":{"start":1755729297102,"stop":1755729420677,"duration":123575},"status":"failed","statusMessage":"AssertionError: Locator.click: Timeout 30000ms exceeded.\nCall log:\nwaiting for locator(\"//*[@unique-id='add-order-3-1']\")\n  -   locator resolved to <a data-sku=\"RS-3\" data-id=\"add-order-3\" class=\"product-button\" unique-id=\"add-order-3-1\">↵                      Add to Order↵             …</a>\n  - attempting click action\n  -   waiting for element to be visible, enabled and stable\n  -   element is visible, enabled and stable\n  -   scrolling into view if needed\n  -   done scrolling\n  -   <div test-id=\"loader\" id=\"loader-wrapper\" unique-identifier=\"loader-wrapper-1\">…</div> intercepts pointer events\n  - retrying click action, attempt #1\n  -   waiting for element to be visible, enabled and stable\n  -   element is visible, enabled and stable\n  -   scrolling into view if needed\n  -   done scrolling\n  -   <div test-id=\"loader\" id=\"loader-wrapper\" unique-identifier=\"loader-wrapper-1\">…</div> intercepts pointer events\n  - retrying click action, attempt #2\n  -   waiting 20ms\n  -   waiting for element to be visible, enabled and stable\n  -   element is visible, enabled and stable\n  -   scrolling into view if needed\n  -   done scrolling\n  -   <div test-id=\"loader\" id=\"loader-wrapper\" unique-identifier=\"loader-wrapper-1\">…</div> intercepts pointer events\n  - retrying click action, attempt #3\n  -   waiting 100ms\n  -   waiting for element to be visible, enabled and stable\n  - element was detached from the DOM, retrying\n\n","statusTrace":"  File \"/opt/hostedtoolcache/Python/3.9.23/x64/lib/python3.9/site-packages/behave/model.py\", line 1329, in run\n    match.run(runner.context)\n  File \"/opt/hostedtoolcache/Python/3.9.23/x64/lib/python3.9/site-packages/behave/matchers.py\", line 98, in run\n    self.func(context, *args, **kwargs)\n  File \"/home/runner/work/automation-testing-framework/automation-testing-framework/common_functions/custom_step_decorator.py\", line 10, in inner\n    raise AssertionError(e)\n","flaky":false,"newFailed":true,"newBroken":false,"newPassed":false,"retriesCount":0,"retriesStatusChange":false,"beforeStages":[],"testStage":{"status":"failed","statusMessage":"AssertionError: Locator.click: Timeout 30000ms exceeded.\nCall log:\nwaiting for locator(\"//*[@unique-id='add-order-3-1']\")\n  -   locator resolved to <a data-sku=\"RS-3\" data-id=\"add-order-3\" class=\"product-button\" unique-id=\"add-order-3-1\">↵                      Add to Order↵             …</a>\n  - attempting click action\n  -   waiting for element to be visible, enabled and stable\n  -   element is visible, enabled and stable\n  -   scrolling into view if needed\n  -   done scrolling\n  -   <div test-id=\"loader\" id=\"loader-wrapper\" unique-identifier=\"loader-wrapper-1\">…</div> intercepts pointer events\n  - retrying click action, attempt #1\n  -   waiting for element to be visible, enabled and stable\n  -   element is visible, enabled and stable\n  -   scrolling into view if needed\n  -   done scrolling\n  -   <div test-id=\"loader\" id=\"loader-wrapper\" unique-identifier=\"loader-wrapper-1\">…</div> intercepts pointer events\n  - retrying click action, attempt #2\n  -   waiting 20ms\n  -   waiting for element to be visible, enabled and stable\n  -   element is visible, enabled and stable\n  -   scrolling into view if needed\n  -   done scrolling\n  -   <div test-id=\"loader\" id=\"loader-wrapper\" unique-identifier=\"loader-wrapper-1\">…</div> intercepts pointer events\n  - retrying click action, attempt #3\n  -   waiting 100ms\n  -   waiting for element to be visible, enabled and stable\n  - element was detached from the DOM, retrying\n\n","statusTrace":"  File \"/opt/hostedtoolcache/Python/3.9.23/x64/lib/python3.9/site-packages/behave/model.py\", line 1329, in run\n    match.run(runner.context)\n  File \"/opt/hostedtoolcache/Python/3.9.23/x64/lib/python3.9/site-packages/behave/matchers.py\", line 98, in run\n    self.func(context, *args, **kwargs)\n  File \"/home/runner/work/automation-testing-framework/automation-testing-framework/common_functions/custom_step_decorator.py\", line 10, in inner\n    raise AssertionError(e)\n","steps":[{"name":"Given user register in \"km_live\" Opt In page","time":{"start":1755729297146,"stop":1755729309497,"duration":12351},"status":"passed","steps":[],"attachments":[{"uid":"63d1841dfd41874f","name":"stdout","source":"63d1841dfd41874f.txt","type":"text/plain","size":698}],"parameters":[],"shouldDisplayMessage":false,"stepsCount":0,"attachmentsCount":1,"hasContent":true},{"name":"And user join Zonia","time":{"start":1755729309498,"stop":1755729312471,"duration":2973},"status":"passed","steps":[],"attachments":[{"uid":"16fe2d7f50aae259","name":"stdout","source":"16fe2d7f50aae259.txt","type":"text/plain","size":1071}],"parameters":[],"shouldDisplayMessage":false,"stepsCount":0,"attachmentsCount":1,"hasContent":true},{"name":"When user sign up for \"quarterly\" plan","time":{"start":1755729312471,"stop":1755729324975,"duration":12504},"status":"passed","steps":[],"attachments":[{"uid":"e45b2ba1978ef52b","name":"stdout","source":"e45b2ba1978ef52b.txt","type":"text/plain","size":1759}],"parameters":[],"shouldDisplayMessage":false,"stepsCount":0,"attachmentsCount":1,"hasContent":true},{"name":"And user makes following decision in docuseries \"Booster Packages\" Upsell page","time":{"start":1755729324975,"stop":1755729340585,"duration":15610},"status":"passed","steps":[],"attachments":[{"uid":"e33740814f2f98c8","name":".table","source":"e33740814f2f98c8.csv","type":"text/csv","size":17},{"uid":"d3ebc646dc873d6d","name":"stdout","source":"d3ebc646dc873d6d.txt","type":"text/plain","size":3153}],"parameters":[],"shouldDisplayMessage":false,"stepsCount":0,"attachmentsCount":2,"hasContent":true},{"name":"And user makes following decision in docuseries \"Masterclass Packages\" Upsell page","time":{"start":1755729340585,"stop":1755729352939,"duration":12354},"status":"passed","steps":[],"attachments":[{"uid":"9f716e30aefa6029","name":".table","source":"9f716e30aefa6029.csv","type":"text/csv","size":12},{"uid":"f349415998911257","name":"stdout","source":"f349415998911257.txt","type":"text/plain","size":3745}],"parameters":[],"shouldDisplayMessage":false,"stepsCount":0,"attachmentsCount":2,"hasContent":true},{"name":"And user makes following decision in docuseries \"Restore Sleep\" Upsell page","time":{"start":1755729352939,"stop":1755729419229,"duration":66290},"status":"failed","statusMessage":"AssertionError: Locator.click: Timeout 30000ms exceeded.\nCall log:\nwaiting for locator(\"//*[@unique-id='add-order-3-1']\")\n  -   locator resolved to <a data-sku=\"RS-3\" data-id=\"add-order-3\" class=\"product-button\" unique-id=\"add-order-3-1\">↵                      Add to Order↵             …</a>\n  - attempting click action\n  -   waiting for element to be visible, enabled and stable\n  -   element is visible, enabled and stable\n  -   scrolling into view if needed\n  -   done scrolling\n  -   <div test-id=\"loader\" id=\"loader-wrapper\" unique-identifier=\"loader-wrapper-1\">…</div> intercepts pointer events\n  - retrying click action, attempt #1\n  -   waiting for element to be visible, enabled and stable\n  -   element is visible, enabled and stable\n  -   scrolling into view if needed\n  -   done scrolling\n  -   <div test-id=\"loader\" id=\"loader-wrapper\" unique-identifier=\"loader-wrapper-1\">…</div> intercepts pointer events\n  - retrying click action, attempt #2\n  -   waiting 20ms\n  -   waiting for element to be visible, enabled and stable\n  -   element is visible, enabled and stable\n  -   scrolling into view if needed\n  -   done scrolling\n  -   <div test-id=\"loader\" id=\"loader-wrapper\" unique-identifier=\"loader-wrapper-1\">…</div> intercepts pointer events\n  - retrying click action, attempt #3\n  -   waiting 100ms\n  -   waiting for element to be visible, enabled and stable\n  - element was detached from the DOM, retrying\n\n","statusTrace":"  File \"/opt/hostedtoolcache/Python/3.9.23/x64/lib/python3.9/site-packages/behave/model.py\", line 1329, in run\n    match.run(runner.context)\n  File \"/opt/hostedtoolcache/Python/3.9.23/x64/lib/python3.9/site-packages/behave/matchers.py\", line 98, in run\n    self.func(context, *args, **kwargs)\n  File \"/home/runner/work/automation-testing-framework/automation-testing-framework/common_functions/custom_step_decorator.py\", line 10, in inner\n    raise AssertionError(e)\n","steps":[],"attachments":[{"uid":"1a8ffa3e51aaffaf","name":".table","source":"1a8ffa3e51aaffaf.csv","type":"text/csv","size":33},{"uid":"5d26b318a0ca7e1b","name":"screenshot","source":"5d26b318a0ca7e1b.png","type":"image/png","size":150266},{"uid":"5005d346094217d2","name":"stdout","source":"5005d346094217d2.txt","type":"text/plain","size":6670}],"parameters":[],"shouldDisplayMessage":true,"stepsCount":0,"attachmentsCount":3,"hasContent":true},{"name":"And user makes following decision in docuseries \"Restore Detox\" Upsell page","time":{"start":1755729420676,"stop":1755729420677,"duration":1},"status":"skipped","steps":[],"attachments":[{"uid":"f74e1f117427c38f","name":".table","source":"f74e1f117427c38f.csv","type":"text/csv","size":33}],"parameters":[],"shouldDisplayMessage":false,"stepsCount":0,"attachmentsCount":1,"hasContent":true},{"name":"Then user complete registration","time":{"start":1755729420677,"stop":1755729420677,"duration":0},"status":"skipped","steps":[],"attachments":[],"parameters":[],"shouldDisplayMessage":false,"stepsCount":0,"attachmentsCount":0,"hasContent":false}],"attachments":[{"uid":"16625381b4f4f35","name":"Test Video","source":"16625381b4f4f35.webm","type":"video/webm","size":3127312}],"parameters":[],"shouldDisplayMessage":false,"stepsCount":8,"attachmentsCount":12,"hasContent":true},"afterStages":[],"labels":[{"name":"severity","value":"normal"},{"name":"tag","value":"nightly"},{"name":"feature","value":"Nightly tests"},{"name":"framework","value":"behave"},{"name":"language","value":"cpython3"},{"name":"resultFormat","value":"allure2"}],"parameters":[{"name":"booster_packages","value":"platinum"},{"name":"masterclass_packages","value":"buy"},{"name":"opt_in_page","value":"km_live"},{"name":"plan","value":"quarterly"},{"name":"rd_bottles","value":"1"},{"name":"rd_upsell_downsell","value":"upgrade"},{"name":"rs_bottles","value":"3"},{"name":"rs_upsell_downsell","value":"upgrade"}],"links":[],"hidden":false,"retry":false,"extra":{"severity":"normal","retries":[],"categories":[{"name":"Product defects","matchedStatuses":[],"flaky":false}],"history":{"statistic":{"failed":2,"broken":0,"skipped":0,"passed":12,"unknown":0,"total":14},"items":[{"uid":"aee786652912291b","reportUrl":"https://zoniadev.github.io/automation-testing-framework/315//#testresult/aee786652912291b","status":"passed","time":{"start":1755642721469,"stop":1755642921686,"duration":200217}},{"uid":"8a509cc87dc6d510","reportUrl":"https://zoniadev.github.io/automation-testing-framework/314//#testresult/8a509cc87dc6d510","status":"passed","time":{"start":1755556330672,"stop":1755556529801,"duration":199129}},{"uid":"925d6cf0bfd43278","reportUrl":"https://zoniadev.github.io/automation-testing-framework/313//#testresult/925d6cf0bfd43278","status":"passed","time":{"start":1755469918418,"stop":1755470119508,"duration":201090}},{"uid":"cd6a3b25d4b259ae","reportUrl":"https://zoniadev.github.io/automation-testing-framework/312//#testresult/cd6a3b25d4b259ae","status":"passed","time":{"start":1755383515319,"stop":1755383714177,"duration":198858}},{"uid":"ddd5f46e74d04998","reportUrl":"https://zoniadev.github.io/automation-testing-framework/311//#testresult/ddd5f46e74d04998","status":"passed","time":{"start":1755297053553,"stop":1755297253652,"duration":200099}},{"uid":"302a71582ac8c451","reportUrl":"https://zoniadev.github.io/automation-testing-framework/310//#testresult/302a71582ac8c451","status":"passed","time":{"start":1755210826722,"stop":1755211028959,"duration":202237}},{"uid":"5302351c13e0fc83","reportUrl":"https://zoniadev.github.io/automation-testing-framework/309//#testresult/5302351c13e0fc83","status":"passed","time":{"start":1755124312491,"stop":1755124513481,"duration":200990}},{"uid":"8d9ec6c9363dcd9","reportUrl":"https://zoniadev.github.io/automation-testing-framework/465//#testresult/8d9ec6c9363dcd9","status":"passed","time":{"start":1755086945765,"stop":1755087145480,"duration":199715}},{"uid":"d1c8feabaf6e6c17","reportUrl":"https://zoniadev.github.io/automation-testing-framework/308//#testresult/d1c8feabaf6e6c17","status":"passed","time":{"start":1755038189539,"stop":1755038389991,"duration":200452}},{"uid":"a91b0611f9f9e537","reportUrl":"https://zoniadev.github.io/automation-testing-framework/307//#testresult/a91b0611f9f9e537","status":"passed","time":{"start":1754951619331,"stop":1754951819858,"duration":200527}},{"uid":"60f73df595aa20ff","reportUrl":"https://zoniadev.github.io/automation-testing-framework/306//#testresult/60f73df595aa20ff","status":"failed","statusDetails":"AssertionError: Locator.scroll_into_view_if_needed: Timeout 30000ms exceeded.\nCall log:\nwaiting for locator(\"//*[@unique-id='add-order-3-1']\")\n\n","time":{"start":1754865308778,"stop":1754865430734,"duration":121956}},{"uid":"9a2f52bf21e26143","reportUrl":"https://zoniadev.github.io/automation-testing-framework/305//#testresult/9a2f52bf21e26143","status":"passed","time":{"start":1754778892547,"stop":1754779094920,"duration":202373}},{"uid":"29b8cff7d3562b72","reportUrl":"https://zoniadev.github.io/automation-testing-framework/304//#testresult/29b8cff7d3562b72","status":"passed","time":{"start":1754692434769,"stop":1754692641609,"duration":206840}}]},"tags":["nightly"]},"source":"f5152c5f07b43618.json","parameterValues":["platinum","buy","km_live","quarterly","1","upgrade","3","upgrade"]}