{"uid":"1bc6a15671c16096","name":"Restore Sleep Supplement funnel -- @1.6 ","fullName":"Funnel tests: Restore Sleep Supplement funnel","historyId":"7e399690651a31fbaa019c1691e2b4cd","time":{"start":1729242931857,"stop":1729242934500,"duration":2643},"status":"failed","statusMessage":"AssertionError: No elements found with locator //*[@data-id='add-order-3']!\n","statusTrace":"  File \"/opt/hostedtoolcache/Python/3.12.7/x64/lib/python3.12/site-packages/behave/model.py\", line 1329, in run\n    match.run(runner.context)\n  File \"/opt/hostedtoolcache/Python/3.12.7/x64/lib/python3.12/site-packages/behave/matchers.py\", line 98, in run\n    self.func(context, *args, **kwargs)\n  File \"/home/runner/work/automation-testing-framework/automation-testing-framework/common_functions/custom_step_decorator.py\", line 10, in inner\n    raise AssertionError(e)\n","flaky":false,"newFailed":false,"newBroken":false,"newPassed":false,"retriesCount":0,"retriesStatusChange":false,"beforeStages":[],"testStage":{"status":"failed","statusMessage":"AssertionError: No elements found with locator //*[@data-id='add-order-3']!\n","statusTrace":"  File \"/opt/hostedtoolcache/Python/3.12.7/x64/lib/python3.12/site-packages/behave/model.py\", line 1329, in run\n    match.run(runner.context)\n  File \"/opt/hostedtoolcache/Python/3.12.7/x64/lib/python3.12/site-packages/behave/matchers.py\", line 98, in run\n    self.func(context, *args, **kwargs)\n  File \"/home/runner/work/automation-testing-framework/automation-testing-framework/common_functions/custom_step_decorator.py\", line 10, in inner\n    raise AssertionError(e)\n","steps":[{"name":"Given user select to buy \"3\" bottles in \"Restore Sleep\" Supplements page","time":{"start":1729242931894,"stop":1729242934477,"duration":2583},"status":"failed","statusMessage":"AssertionError: No elements found with locator //*[@data-id='add-order-3']!\n","statusTrace":"  File \"/opt/hostedtoolcache/Python/3.12.7/x64/lib/python3.12/site-packages/behave/model.py\", line 1329, in run\n    match.run(runner.context)\n  File \"/opt/hostedtoolcache/Python/3.12.7/x64/lib/python3.12/site-packages/behave/matchers.py\", line 98, in run\n    self.func(context, *args, **kwargs)\n  File \"/home/runner/work/automation-testing-framework/automation-testing-framework/common_functions/custom_step_decorator.py\", line 10, in inner\n    raise AssertionError(e)\n","steps":[],"attachments":[{"uid":"886a3efbee1b23b1","name":"screenshot","source":"886a3efbee1b23b1.png","type":"image/png","size":159156},{"uid":"2ec58965dbcf01b","name":"stdout","source":"2ec58965dbcf01b.txt","type":"text/plain","size":277}],"parameters":[],"shouldDisplayMessage":true,"stepsCount":0,"attachmentsCount":2,"hasContent":true},{"name":"When user makes following decision in \"first\" supplement \"6 More bottles of Restore Sleep\" Upsell page","time":{"start":1729242934500,"stop":1729242934500,"duration":0},"status":"skipped","steps":[],"attachments":[{"uid":"dc72b94885f8e590","name":".table","source":"dc72b94885f8e590.csv","type":"text/csv","size":25}],"parameters":[],"shouldDisplayMessage":false,"stepsCount":0,"attachmentsCount":1,"hasContent":true},{"name":"And user makes following decision in \"second\" supplement \"Restore Life\" Upsell page","time":{"start":1729242934500,"stop":1729242934500,"duration":0},"status":"skipped","steps":[],"attachments":[{"uid":"d6e3075e5978bd2c","name":".table","source":"d6e3075e5978bd2c.csv","type":"text/csv","size":25}],"parameters":[],"shouldDisplayMessage":false,"stepsCount":0,"attachmentsCount":1,"hasContent":true},{"name":"And user makes following decision in \"third\" supplement \"Restore Detox\" Upsell page","time":{"start":1729242934500,"stop":1729242934500,"duration":0},"status":"skipped","steps":[],"attachments":[{"uid":"3282601820a563ee","name":".table","source":"3282601820a563ee.csv","type":"text/csv","size":36}],"parameters":[],"shouldDisplayMessage":false,"stepsCount":0,"attachmentsCount":1,"hasContent":true},{"name":"And user makes following decision in 7 day free membership","time":{"start":1729242934500,"stop":1729242934500,"duration":0},"status":"skipped","steps":[],"attachments":[{"uid":"be2538907db2231d","name":".table","source":"be2538907db2231d.csv","type":"text/csv","size":29}],"parameters":[],"shouldDisplayMessage":false,"stepsCount":0,"attachmentsCount":1,"hasContent":true},{"name":"Then user complete registration","time":{"start":1729242934500,"stop":1729242934500,"duration":0},"status":"skipped","steps":[],"attachments":[],"parameters":[],"shouldDisplayMessage":false,"stepsCount":0,"attachmentsCount":0,"hasContent":false}],"attachments":[{"uid":"25df5b84f68e867","name":"Test Video","source":"25df5b84f68e867.webm","type":"video/webm","size":67636}],"parameters":[],"shouldDisplayMessage":false,"stepsCount":6,"attachmentsCount":7,"hasContent":true},"afterStages":[],"labels":[{"name":"severity","value":"normal"},{"name":"tag","value":"restore_sleep"},{"name":"feature","value":"Funnel tests"},{"name":"framework","value":"behave"},{"name":"language","value":"cpython3"},{"name":"resultFormat","value":"allure2"}],"parameters":[{"name":"bottles","value":"3"},{"name":"dt_last_chance","value":"most_popular"},{"name":"dt_upgrade","value":"yes"},{"name":"lf_last_chance","value":"no"},{"name":"lf_upgrade","value":"no"},{"name":"memb_decision","value":"accept"},{"name":"memb_plan","value":"annually"},{"name":"sl_last_chance","value":"no"},{"name":"sl_upgrade","value":"no"}],"links":[],"hidden":false,"retry":false,"extra":{"severity":"normal","retries":[],"categories":[{"name":"Product defects","matchedStatuses":[],"flaky":false}],"history":{"statistic":{"failed":4,"broken":0,"skipped":0,"passed":0,"unknown":0,"total":4},"items":[{"uid":"36c3ead54cb41f19","reportUrl":"https://zoniadev.github.io/automation-testing-framework/9//#testresult/36c3ead54cb41f19","status":"failed","statusDetails":"AssertionError: No elements found with locator //*[@data-id='add-order-3']!\n","time":{"start":1729229650183,"stop":1729229652778,"duration":2595}},{"uid":"b8ac6e3ce8d22b03","reportUrl":"https://zoniadev.github.io/automation-testing-framework/8//#testresult/b8ac6e3ce8d22b03","status":"failed","statusDetails":"AssertionError: No elements found with locator //*[@data-id='add-order-3']!\n","time":{"start":1729144612481,"stop":1729144615008,"duration":2527}},{"uid":"cf87b926a950f21e","reportUrl":"https://zoniadev.github.io/automation-testing-framework/7//#testresult/cf87b926a950f21e","status":"failed","statusDetails":"AssertionError: No elements found with locator //*[@data-id='add-order-3']!\n","time":{"start":1729058239685,"stop":1729058241841,"duration":2156}}]},"tags":["restore_sleep"]},"source":"1bc6a15671c16096.json","parameterValues":["3","most_popular","yes","no","no","accept","annually","no","no"]}