{"uid":"2d2c86cbd941820a","name":"Restore Sleep Supplement funnel -- @1.7 ","fullName":"Funnel tests: Restore Sleep Supplement funnel","historyId":"65db647d14a42d4e76461b070f8470ba","time":{"start":1729242934500,"stop":1729242937087,"duration":2587},"status":"failed","statusMessage":"AssertionError: No elements found with locator //*[@data-id='add-order-3']!\n","statusTrace":"  File \"/opt/hostedtoolcache/Python/3.12.7/x64/lib/python3.12/site-packages/behave/model.py\", line 1329, in run\n    match.run(runner.context)\n  File \"/opt/hostedtoolcache/Python/3.12.7/x64/lib/python3.12/site-packages/behave/matchers.py\", line 98, in run\n    self.func(context, *args, **kwargs)\n  File \"/home/runner/work/automation-testing-framework/automation-testing-framework/common_functions/custom_step_decorator.py\", line 10, in inner\n    raise AssertionError(e)\n","flaky":false,"newFailed":false,"newBroken":false,"newPassed":false,"retriesCount":0,"retriesStatusChange":false,"beforeStages":[],"testStage":{"status":"failed","statusMessage":"AssertionError: No elements found with locator //*[@data-id='add-order-3']!\n","statusTrace":"  File \"/opt/hostedtoolcache/Python/3.12.7/x64/lib/python3.12/site-packages/behave/model.py\", line 1329, in run\n    match.run(runner.context)\n  File \"/opt/hostedtoolcache/Python/3.12.7/x64/lib/python3.12/site-packages/behave/matchers.py\", line 98, in run\n    self.func(context, *args, **kwargs)\n  File \"/home/runner/work/automation-testing-framework/automation-testing-framework/common_functions/custom_step_decorator.py\", line 10, in inner\n    raise AssertionError(e)\n","steps":[{"name":"Given user select to buy \"3\" bottles in \"Restore Sleep\" Supplements page","time":{"start":1729242934537,"stop":1729242937060,"duration":2523},"status":"failed","statusMessage":"AssertionError: No elements found with locator //*[@data-id='add-order-3']!\n","statusTrace":"  File \"/opt/hostedtoolcache/Python/3.12.7/x64/lib/python3.12/site-packages/behave/model.py\", line 1329, in run\n    match.run(runner.context)\n  File \"/opt/hostedtoolcache/Python/3.12.7/x64/lib/python3.12/site-packages/behave/matchers.py\", line 98, in run\n    self.func(context, *args, **kwargs)\n  File \"/home/runner/work/automation-testing-framework/automation-testing-framework/common_functions/custom_step_decorator.py\", line 10, in inner\n    raise AssertionError(e)\n","steps":[],"attachments":[{"uid":"877d8f66b089219e","name":"screenshot","source":"877d8f66b089219e.png","type":"image/png","size":159156},{"uid":"c1620dd71fd177c1","name":"stdout","source":"c1620dd71fd177c1.txt","type":"text/plain","size":277}],"parameters":[],"shouldDisplayMessage":true,"stepsCount":0,"attachmentsCount":2,"hasContent":true},{"name":"When user makes following decision in \"first\" supplement \"6 More bottles of Restore Sleep\" Upsell page","time":{"start":1729242937086,"stop":1729242937086,"duration":0},"status":"skipped","steps":[],"attachments":[{"uid":"32b91e32565e7176","name":".table","source":"32b91e32565e7176.csv","type":"text/csv","size":25}],"parameters":[],"shouldDisplayMessage":false,"stepsCount":0,"attachmentsCount":1,"hasContent":true},{"name":"And user makes following decision in \"second\" supplement \"Restore Life\" Upsell page","time":{"start":1729242937086,"stop":1729242937086,"duration":0},"status":"skipped","steps":[],"attachments":[{"uid":"e4f1a01e2e4e6d6d","name":".table","source":"e4f1a01e2e4e6d6d.csv","type":"text/csv","size":36}],"parameters":[],"shouldDisplayMessage":false,"stepsCount":0,"attachmentsCount":1,"hasContent":true},{"name":"And user makes following decision in \"third\" supplement \"Restore Detox\" Upsell page","time":{"start":1729242937087,"stop":1729242937087,"duration":0},"status":"skipped","steps":[],"attachments":[{"uid":"c7a67e103780f1dd","name":".table","source":"c7a67e103780f1dd.csv","type":"text/csv","size":36}],"parameters":[],"shouldDisplayMessage":false,"stepsCount":0,"attachmentsCount":1,"hasContent":true},{"name":"And user makes following decision in 7 day free membership","time":{"start":1729242937087,"stop":1729242937087,"duration":0},"status":"skipped","steps":[],"attachments":[{"uid":"48d3be0f9070ee5d","name":".table","source":"48d3be0f9070ee5d.csv","type":"text/csv","size":24}],"parameters":[],"shouldDisplayMessage":false,"stepsCount":0,"attachmentsCount":1,"hasContent":true},{"name":"Then user complete registration","time":{"start":1729242937087,"stop":1729242937087,"duration":0},"status":"skipped","steps":[],"attachments":[],"parameters":[],"shouldDisplayMessage":false,"stepsCount":0,"attachmentsCount":0,"hasContent":false}],"attachments":[{"uid":"6782804367b8c40c","name":"Test Video","source":"6782804367b8c40c.webm","type":"video/webm","size":71164}],"parameters":[],"shouldDisplayMessage":false,"stepsCount":6,"attachmentsCount":7,"hasContent":true},"afterStages":[],"labels":[{"name":"severity","value":"normal"},{"name":"tag","value":"restore_sleep"},{"name":"feature","value":"Funnel tests"},{"name":"framework","value":"behave"},{"name":"language","value":"cpython3"},{"name":"resultFormat","value":"allure2"}],"parameters":[{"name":"bottles","value":"3"},{"name":"dt_last_chance","value":"most_popular"},{"name":"dt_upgrade","value":"yes"},{"name":"lf_last_chance","value":"most_popular"},{"name":"lf_upgrade","value":"yes"},{"name":"memb_decision","value":"decline"},{"name":"memb_plan","value":"no"},{"name":"sl_last_chance","value":"no"},{"name":"sl_upgrade","value":"no"}],"links":[],"hidden":false,"retry":false,"extra":{"severity":"normal","retries":[],"categories":[{"name":"Product defects","matchedStatuses":[],"flaky":false}],"history":{"statistic":{"failed":4,"broken":0,"skipped":0,"passed":0,"unknown":0,"total":4},"items":[{"uid":"aa0d0b6610ab6b48","reportUrl":"https://zoniadev.github.io/automation-testing-framework/9//#testresult/aa0d0b6610ab6b48","status":"failed","statusDetails":"AssertionError: No elements found with locator //*[@data-id='add-order-3']!\n","time":{"start":1729229652778,"stop":1729229655408,"duration":2630}},{"uid":"9de09e00ae3c5273","reportUrl":"https://zoniadev.github.io/automation-testing-framework/8//#testresult/9de09e00ae3c5273","status":"failed","statusDetails":"AssertionError: No elements found with locator //*[@data-id='add-order-3']!\n","time":{"start":1729144615009,"stop":1729144617506,"duration":2497}},{"uid":"daddac52dd376baa","reportUrl":"https://zoniadev.github.io/automation-testing-framework/7//#testresult/daddac52dd376baa","status":"failed","statusDetails":"AssertionError: No elements found with locator //*[@data-id='add-order-3']!\n","time":{"start":1729058241842,"stop":1729058243991,"duration":2149}}]},"tags":["restore_sleep"]},"source":"2d2c86cbd941820a.json","parameterValues":["3","most_popular","yes","most_popular","yes","decline","no","no","no"]}