{"uid":"c30d1cb2c95fb484","name":"BB Evergreen nightly -- @1.1 ","fullName":"Nightly tests: BB Evergreen nightly","historyId":"ebf4137168d1138baf2ef04ca72a6541","time":{"start":1763636069617,"stop":1763636134941,"duration":65324},"status":"failed","statusMessage":"AssertionError: Locator.click: Timeout 30000ms exceeded.\nCall log:\nwaiting for locator(\"//*[@unique-id='skip-masterclass-1']\")\n\n","statusTrace":"  File \"/opt/hostedtoolcache/Python/3.9.25/x64/lib/python3.9/site-packages/behave/model.py\", line 1329, in run\n    match.run(runner.context)\n  File \"/opt/hostedtoolcache/Python/3.9.25/x64/lib/python3.9/site-packages/behave/matchers.py\", line 98, in run\n    self.func(context, *args, **kwargs)\n  File \"/home/runner/work/automation-testing-framework/automation-testing-framework/common_functions/custom_step_decorator.py\", line 10, in inner\n    raise AssertionError(e)\n","flaky":true,"newFailed":true,"newBroken":false,"newPassed":false,"retriesCount":0,"retriesStatusChange":false,"beforeStages":[],"testStage":{"status":"failed","statusMessage":"AssertionError: Locator.click: Timeout 30000ms exceeded.\nCall log:\nwaiting for locator(\"//*[@unique-id='skip-masterclass-1']\")\n\n","statusTrace":"  File \"/opt/hostedtoolcache/Python/3.9.25/x64/lib/python3.9/site-packages/behave/model.py\", line 1329, in run\n    match.run(runner.context)\n  File \"/opt/hostedtoolcache/Python/3.9.25/x64/lib/python3.9/site-packages/behave/matchers.py\", line 98, in run\n    self.func(context, *args, **kwargs)\n  File \"/home/runner/work/automation-testing-framework/automation-testing-framework/common_functions/custom_step_decorator.py\", line 10, in inner\n    raise AssertionError(e)\n","steps":[{"name":"Given user register in \"bb_ev\" Opt In page","time":{"start":1763636069661,"stop":1763636086740,"duration":17079},"status":"passed","steps":[],"attachments":[{"uid":"b1eb5e1b41e5b7f0","name":"stdout","source":"b1eb5e1b41e5b7f0.txt","type":"text/plain","size":519}],"parameters":[],"shouldDisplayMessage":false,"stepsCount":0,"attachmentsCount":1,"hasContent":true,"attachmentStep":false},{"name":"And user join Zonia","time":{"start":1763636086741,"stop":1763636087756,"duration":1015},"status":"passed","steps":[],"attachments":[{"uid":"26d9be4160a84a9","name":"stdout","source":"26d9be4160a84a9.txt","type":"text/plain","size":790}],"parameters":[],"shouldDisplayMessage":false,"stepsCount":0,"attachmentsCount":1,"hasContent":true,"attachmentStep":false},{"name":"When user sign up for \"quarterly\" plan","time":{"start":1763636087756,"stop":1763636096900,"duration":9144},"status":"passed","steps":[],"attachments":[{"uid":"1416111236050ea0","name":"stdout","source":"1416111236050ea0.txt","type":"text/plain","size":1347}],"parameters":[],"shouldDisplayMessage":false,"stepsCount":0,"attachmentsCount":1,"hasContent":true,"attachmentStep":false},{"name":"And user makes following decision in docuseries \"Booster Packages\" Upsell page","time":{"start":1763636096900,"stop":1763636097527,"duration":627},"status":"passed","steps":[],"attachments":[{"uid":"9540471ccc1ee065","name":".table","source":"9540471ccc1ee065.csv","type":"text/csv","size":11},{"uid":"dc7c552dfb3255ec","name":"stdout","source":"dc7c552dfb3255ec.txt","type":"text/plain","size":1798}],"parameters":[],"shouldDisplayMessage":false,"stepsCount":0,"attachmentsCount":2,"hasContent":true,"attachmentStep":false},{"name":"And user makes following decision in docuseries \"Masterclass Packages\" Upsell page","time":{"start":1763636097527,"stop":1763636132728,"duration":35201},"status":"failed","statusMessage":"AssertionError: Locator.click: Timeout 30000ms exceeded.\nCall log:\nwaiting for locator(\"//*[@unique-id='skip-masterclass-1']\")\n\n","statusTrace":"  File \"/opt/hostedtoolcache/Python/3.9.25/x64/lib/python3.9/site-packages/behave/model.py\", line 1329, in run\n    match.run(runner.context)\n  File \"/opt/hostedtoolcache/Python/3.9.25/x64/lib/python3.9/site-packages/behave/matchers.py\", line 98, in run\n    self.func(context, *args, **kwargs)\n  File \"/home/runner/work/automation-testing-framework/automation-testing-framework/common_functions/custom_step_decorator.py\", line 10, in inner\n    raise AssertionError(e)\n","steps":[],"attachments":[{"uid":"21d8e61f3309c659","name":".table","source":"21d8e61f3309c659.csv","type":"text/csv","size":11},{"uid":"d8d608538ab8c830","name":"stdout","source":"d8d608538ab8c830.txt","type":"text/plain","size":2298}],"parameters":[],"shouldDisplayMessage":true,"stepsCount":0,"attachmentsCount":2,"hasContent":true,"attachmentStep":false},{"name":"And user makes following decision in docuseries \"Restore Detox\" Upsell page","time":{"start":1763636134940,"stop":1763636134940,"duration":0},"status":"skipped","steps":[],"attachments":[{"uid":"20dccf2ea295b808","name":".table","source":"20dccf2ea295b808.csv","type":"text/csv","size":29}],"parameters":[],"shouldDisplayMessage":false,"stepsCount":0,"attachmentsCount":1,"hasContent":true,"attachmentStep":false},{"name":"And user makes following decision in docuseries \"Restore Life\" Upsell page","time":{"start":1763636134940,"stop":1763636134941,"duration":1},"status":"skipped","steps":[],"attachments":[{"uid":"5d3592a2523019df","name":".table","source":"5d3592a2523019df.csv","type":"text/csv","size":29}],"parameters":[],"shouldDisplayMessage":false,"stepsCount":0,"attachmentsCount":1,"hasContent":true,"attachmentStep":false},{"name":"Then user complete registration","time":{"start":1763636134941,"stop":1763636134941,"duration":0},"status":"skipped","steps":[],"attachments":[],"parameters":[],"shouldDisplayMessage":false,"stepsCount":0,"attachmentsCount":0,"hasContent":false,"attachmentStep":false}],"attachments":[{"uid":"bb8eb61ecf827187","name":"Test Video","source":"bb8eb61ecf827187.webm","type":"video/webm","size":1795891}],"parameters":[],"shouldDisplayMessage":false,"stepsCount":8,"attachmentsCount":10,"hasContent":true,"attachmentStep":false},"afterStages":[],"labels":[{"name":"severity","value":"normal"},{"name":"tag","value":"nightly"},{"name":"tag","value":"nightly_docuseries"},{"name":"feature","value":"Nightly tests"},{"name":"framework","value":"behave"},{"name":"language","value":"cpython3"},{"name":"resultFormat","value":"allure2"}],"parameters":[{"name":"booster_packages","value":"no"},{"name":"masterclass_packages","value":"no"},{"name":"opt_in_page","value":"bb_ev"},{"name":"plan","value":"quarterly"},{"name":"rd_bottles","value":"no"},{"name":"rd_upsell_downsell","value":"no"},{"name":"rl_bottles","value":"no"},{"name":"rl_upsell_downsell","value":"no"}],"links":[],"hidden":false,"retry":false,"extra":{"severity":"normal","retries":[],"categories":[{"name":"Product defects","matchedStatuses":[]}],"history":{"statistic":{"failed":2,"broken":0,"skipped":0,"passed":3,"unknown":0,"total":5},"items":[{"uid":"ba67e6eebc0d85a0","status":"passed","time":{"start":1763633120270,"stop":1763633182175,"duration":61905}},{"uid":"53cb0eae296fdda0","status":"failed","statusDetails":"AssertionError: Locator.click: Timeout 30000ms exceeded.\nCall log:\nwaiting for locator(\"//*[@unique-id='skip-masterclass-1']\")\n\n","time":{"start":1763625544163,"stop":1763625610295,"duration":66132}},{"uid":"45559d973735ae2b","status":"passed","time":{"start":1763545102614,"stop":1763545175757,"duration":73143}},{"uid":"418c64832c9681fd","status":"passed","time":{"start":1763540474929,"stop":1763540542767,"duration":67838}}]},"tags":["nightly","nightly_docuseries"]},"source":"c30d1cb2c95fb484.json","parameterValues":["no","no","bb_ev","quarterly","no","no","no","no"]}