{"uid":"ef22ff538723eccc","name":"KM Live nightly -- @1.1 ","fullName":"Nightly tests: KM Live nightly","historyId":"2b12351bcd9454fc31f799be072fe7e9","time":{"start":1763641366348,"stop":1763641434667,"duration":68319},"status":"failed","statusMessage":"AssertionError: Locator.text_content: Timeout 30000ms exceeded.\nCall log:\nwaiting for locator(\"#shippingModal h5.modal-title\")\n\n","statusTrace":"  File \"/opt/hostedtoolcache/Python/3.9.25/x64/lib/python3.9/site-packages/behave/model.py\", line 1329, in run\n    match.run(runner.context)\n  File \"/opt/hostedtoolcache/Python/3.9.25/x64/lib/python3.9/site-packages/behave/matchers.py\", line 98, in run\n    self.func(context, *args, **kwargs)\n  File \"/home/runner/work/automation-testing-framework/automation-testing-framework/common_functions/custom_step_decorator.py\", line 10, in inner\n    raise AssertionError(e)\n","flaky":false,"newFailed":false,"newBroken":false,"newPassed":false,"retriesCount":0,"retriesStatusChange":false,"beforeStages":[],"testStage":{"status":"failed","statusMessage":"AssertionError: Locator.text_content: Timeout 30000ms exceeded.\nCall log:\nwaiting for locator(\"#shippingModal h5.modal-title\")\n\n","statusTrace":"  File \"/opt/hostedtoolcache/Python/3.9.25/x64/lib/python3.9/site-packages/behave/model.py\", line 1329, in run\n    match.run(runner.context)\n  File \"/opt/hostedtoolcache/Python/3.9.25/x64/lib/python3.9/site-packages/behave/matchers.py\", line 98, in run\n    self.func(context, *args, **kwargs)\n  File \"/home/runner/work/automation-testing-framework/automation-testing-framework/common_functions/custom_step_decorator.py\", line 10, in inner\n    raise AssertionError(e)\n","steps":[{"name":"Given user register in \"km_live\" Opt In page","time":{"start":1763641366417,"stop":1763641383870,"duration":17453},"status":"passed","steps":[],"attachments":[{"uid":"20a7eccc8325c19e","name":"stdout","source":"20a7eccc8325c19e.txt","type":"text/plain","size":509}],"parameters":[],"stepsCount":0,"shouldDisplayMessage":false,"attachmentsCount":1,"hasContent":true,"attachmentStep":false},{"name":"And user join Zonia","time":{"start":1763641383870,"stop":1763641385708,"duration":1838},"status":"passed","steps":[],"attachments":[{"uid":"70d204b0a93d0825","name":"stdout","source":"70d204b0a93d0825.txt","type":"text/plain","size":766}],"parameters":[],"stepsCount":0,"shouldDisplayMessage":false,"attachmentsCount":1,"hasContent":true,"attachmentStep":false},{"name":"When user sign up for \"quarterly\" plan","time":{"start":1763641385708,"stop":1763641395182,"duration":9474},"status":"passed","steps":[],"attachments":[{"uid":"14cdbb047121072c","name":"stdout","source":"14cdbb047121072c.txt","type":"text/plain","size":1322}],"parameters":[],"stepsCount":0,"shouldDisplayMessage":false,"attachmentsCount":1,"hasContent":true,"attachmentStep":false},{"name":"And user makes following decision in docuseries \"Booster Packages\" Upsell page","time":{"start":1763641395182,"stop":1763641432649,"duration":37467},"status":"failed","statusMessage":"AssertionError: Locator.text_content: Timeout 30000ms exceeded.\nCall log:\nwaiting for locator(\"#shippingModal h5.modal-title\")\n\n","statusTrace":"  File \"/opt/hostedtoolcache/Python/3.9.25/x64/lib/python3.9/site-packages/behave/model.py\", line 1329, in run\n    match.run(runner.context)\n  File \"/opt/hostedtoolcache/Python/3.9.25/x64/lib/python3.9/site-packages/behave/matchers.py\", line 98, in run\n    self.func(context, *args, **kwargs)\n  File \"/home/runner/work/automation-testing-framework/automation-testing-framework/common_functions/custom_step_decorator.py\", line 10, in inner\n    raise AssertionError(e)\n","steps":[],"attachments":[{"uid":"bfe456f406218f75","name":".table","source":"bfe456f406218f75.csv","type":"text/csv","size":17},{"uid":"2982e734c080abee","name":"stdout","source":"2982e734c080abee.txt","type":"text/plain","size":5424}],"parameters":[],"stepsCount":0,"shouldDisplayMessage":true,"attachmentsCount":2,"hasContent":true,"attachmentStep":false},{"name":"And user makes following decision in docuseries \"Masterclass Packages\" Upsell page","time":{"start":1763641434667,"stop":1763641434667,"duration":0},"status":"skipped","steps":[],"attachments":[{"uid":"8bdf22ab70d6f2fe","name":".table","source":"8bdf22ab70d6f2fe.csv","type":"text/csv","size":12}],"parameters":[],"stepsCount":0,"shouldDisplayMessage":false,"attachmentsCount":1,"hasContent":true,"attachmentStep":false},{"name":"And user makes following decision in docuseries \"Restore Sleep\" Upsell page","time":{"start":1763641434667,"stop":1763641434667,"duration":0},"status":"skipped","steps":[],"attachments":[{"uid":"59ea04c1aff4e55e","name":".table","source":"59ea04c1aff4e55e.csv","type":"text/csv","size":33}],"parameters":[],"stepsCount":0,"shouldDisplayMessage":false,"attachmentsCount":1,"hasContent":true,"attachmentStep":false},{"name":"And user makes following decision in docuseries \"Restore Detox\" Upsell page","time":{"start":1763641434667,"stop":1763641434667,"duration":0},"status":"skipped","steps":[],"attachments":[{"uid":"a60cddfddbe91237","name":".table","source":"a60cddfddbe91237.csv","type":"text/csv","size":33}],"parameters":[],"stepsCount":0,"shouldDisplayMessage":false,"attachmentsCount":1,"hasContent":true,"attachmentStep":false},{"name":"Then user complete registration","time":{"start":1763641434667,"stop":1763641434667,"duration":0},"status":"skipped","steps":[],"attachments":[],"parameters":[],"stepsCount":0,"shouldDisplayMessage":false,"attachmentsCount":0,"hasContent":false,"attachmentStep":false}],"attachments":[{"uid":"2d44939e15d6f4ec","name":"Test Video","source":"2d44939e15d6f4ec.webm","type":"video/webm","size":1344780}],"parameters":[],"stepsCount":8,"shouldDisplayMessage":false,"attachmentsCount":9,"hasContent":true,"attachmentStep":false},"afterStages":[],"labels":[{"name":"severity","value":"normal"},{"name":"tag","value":"nightly"},{"name":"tag","value":"nightly_docuseries"},{"name":"feature","value":"Nightly tests"},{"name":"framework","value":"behave"},{"name":"language","value":"cpython3"},{"name":"resultFormat","value":"allure2"}],"parameters":[{"name":"booster_packages","value":"platinum"},{"name":"masterclass_packages","value":"buy"},{"name":"opt_in_page","value":"km_live"},{"name":"plan","value":"quarterly"},{"name":"rd_bottles","value":"1"},{"name":"rd_upsell_downsell","value":"upgrade"},{"name":"rs_bottles","value":"3"},{"name":"rs_upsell_downsell","value":"upgrade"}],"links":[],"hidden":false,"retry":false,"extra":{"severity":"normal","retries":[],"categories":[{"name":"Product defects","matchedStatuses":[]}],"history":{"statistic":{"failed":2,"broken":0,"skipped":0,"passed":4,"unknown":0,"total":6},"items":[{"uid":"9c1a9136e7e46ead","status":"failed","statusDetails":"AssertionError: Locator expected to be visible\nActual value: <element(s) not found> \nCall log:\nLocatorAssertions.to_be_visible with timeout 5000ms\n  - waiting for locator(\"//input[@id='form-name']\")\n\n","time":{"start":1763636705142,"stop":1763636734330,"duration":29188}},{"uid":"bf836041a84fb7e","status":"passed","time":{"start":1763633636931,"stop":1763633836916,"duration":199985}},{"uid":"9709c59872480031","status":"passed","time":{"start":1763626230084,"stop":1763626431593,"duration":201509}},{"uid":"2867daa503edbab8","status":"passed","time":{"start":1763545912190,"stop":1763546113070,"duration":200880}},{"uid":"33efe1077f10f436","status":"passed","time":{"start":1763541284721,"stop":1763541491317,"duration":206596}}]},"tags":["nightly","nightly_docuseries"]},"source":"ef22ff538723eccc.json","parameterValues":["platinum","buy","km_live","quarterly","1","upgrade","3","upgrade"]}