{"uid":"9de58e6ba5b770ab","name":"Verify arrows scrolling -- @1.1 ","fullName":"Smoke tests: Verify arrows scrolling","historyId":"ab22badded0e204a9e85ef714b9c9d2a","time":{"start":1750413075451,"stop":1750413077069,"duration":1618},"status":"failed","statusMessage":"AssertionError: No elements found with locator //a[@class='arrow']!\n","statusTrace":"  File \"/opt/hostedtoolcache/Python/3.9.23/x64/lib/python3.9/site-packages/behave/model.py\", line 1329, in run\n    match.run(runner.context)\n  File \"/opt/hostedtoolcache/Python/3.9.23/x64/lib/python3.9/site-packages/behave/matchers.py\", line 98, in run\n    self.func(context, *args, **kwargs)\n  File \"/home/runner/work/automation-testing-framework/automation-testing-framework/common_functions/custom_step_decorator.py\", line 10, in inner\n    raise AssertionError(e)\n","flaky":false,"newFailed":false,"newBroken":false,"newPassed":false,"retriesCount":0,"retriesStatusChange":false,"beforeStages":[],"testStage":{"status":"failed","statusMessage":"AssertionError: No elements found with locator //a[@class='arrow']!\n","statusTrace":"  File \"/opt/hostedtoolcache/Python/3.9.23/x64/lib/python3.9/site-packages/behave/model.py\", line 1329, in run\n    match.run(runner.context)\n  File \"/opt/hostedtoolcache/Python/3.9.23/x64/lib/python3.9/site-packages/behave/matchers.py\", line 98, in run\n    self.func(context, *args, **kwargs)\n  File \"/home/runner/work/automation-testing-framework/automation-testing-framework/common_functions/custom_step_decorator.py\", line 10, in inner\n    raise AssertionError(e)\n","steps":[{"name":"Given Verify \"SCROLL_ARROW_BUTTON\" scrolling to \"scroll_down\" on \"https://staging.zonia.com/ad-booster-packages-monthly\" page","time":{"start":1750413075497,"stop":1750413077036,"duration":1539},"status":"failed","statusMessage":"AssertionError: No elements found with locator //a[@class='arrow']!\n","statusTrace":"  File \"/opt/hostedtoolcache/Python/3.9.23/x64/lib/python3.9/site-packages/behave/model.py\", line 1329, in run\n    match.run(runner.context)\n  File \"/opt/hostedtoolcache/Python/3.9.23/x64/lib/python3.9/site-packages/behave/matchers.py\", line 98, in run\n    self.func(context, *args, **kwargs)\n  File \"/home/runner/work/automation-testing-framework/automation-testing-framework/common_functions/custom_step_decorator.py\", line 10, in inner\n    raise AssertionError(e)\n","steps":[],"attachments":[{"uid":"3c30da5fb6f4718","name":"screenshot","source":"3c30da5fb6f4718.png","type":"image/png","size":679918},{"uid":"7cf638c86dbccda3","name":"stdout","source":"7cf638c86dbccda3.txt","type":"text/plain","size":762}],"parameters":[],"shouldDisplayMessage":true,"stepsCount":0,"attachmentsCount":2,"hasContent":true}],"attachments":[{"uid":"4dc2fb9dac7f592a","name":"Test Video","source":"4dc2fb9dac7f592a.webm","type":"video/webm","size":58373}],"parameters":[],"shouldDisplayMessage":false,"stepsCount":1,"attachmentsCount":3,"hasContent":true},"afterStages":[],"labels":[{"name":"severity","value":"normal"},{"name":"tag","value":"quick"},{"name":"tag","value":"smoke"},{"name":"feature","value":"Smoke tests"},{"name":"framework","value":"behave"},{"name":"language","value":"cpython3"},{"name":"resultFormat","value":"allure2"}],"parameters":[{"name":"element","value":"SCROLL_ARROW_BUTTON"},{"name":"target_element","value":"scroll_down"},{"name":"url","value":"https://staging.zonia.com/ad-booster-packages-monthly"}],"links":[],"hidden":false,"retry":false,"extra":{"severity":"normal","retries":[],"categories":[{"name":"Product defects","matchedStatuses":[],"flaky":false}],"tags":["quick","smoke"]},"source":"9de58e6ba5b770ab.json","parameterValues":["SCROLL_ARROW_BUTTON","scroll_down","https://staging.zonia.com/ad-booster-packages-monthly"]}