{"uid":"3a910cd58a8edc81","name":"Verify button links -- @1.2 ","fullName":"UI tests: Verify button links","historyId":"1806d1a550acd9e221c3922cf5722d5e","time":{"start":1724940507001,"stop":1724940518228,"duration":11227},"status":"failed","statusMessage":"AssertionError: 12 errors found:\nExpected button 1 link to be \"/ad-signup\", but it is \"/ad-signup-2\"!\nExpected button 2 link to be \"/ad-signup\", but it is \"/ad-signup-2\"!\nExpected button 3 link to be \"/ad-signup\", but it is \"/ad-signup-2\"!\nExpected button 4 link to be \"/ad-signup\", but it is \"/ad-signup-2\"!\nExpected button 5 link to be \"/ad-signup\", but it is \"/ad-signup-2\"!\nExpected button 6 link to be \"/ad-signup\", but it is \"/ad-signup-2\"!\nExpected button 7 link to be \"/ad-signup\", but it is \"/ad-signup-2\"!\nExpected button 8 link to be \"/ad-signup\", but it is \"/ad-signup-2\"!\nExpected button 9 link to be \"/ad-signup\", but it is \"/ad-signup-2\"!\nExpected button 10 link to be \"/ad-signup\", but it is \"/ad-signup-2\"!\nExpected button 11 link to be \"/ad-signup\", but it is \"/ad-signup-2\"!\nExpected button 12 link to be \"/ad-signup\", but it is \"/ad-signup-2\"!\n","statusTrace":"  File \"/opt/hostedtoolcache/Python/3.12.5/x64/lib/python3.12/site-packages/behave/model.py\", line 1329, in run\n    match.run(runner.context)\n  File \"/opt/hostedtoolcache/Python/3.12.5/x64/lib/python3.12/site-packages/behave/matchers.py\", line 98, in run\n    self.func(context, *args, **kwargs)\n  File \"/home/runner/work/automation-testing-framework/automation-testing-framework/common_functions/custom_step_decorator.py\", line 10, in inner\n    raise AssertionError(e)\n","flaky":false,"newFailed":false,"newBroken":false,"newPassed":false,"retriesCount":0,"retriesStatusChange":false,"beforeStages":[],"testStage":{"status":"failed","statusMessage":"AssertionError: 12 errors found:\nExpected button 1 link to be \"/ad-signup\", but it is \"/ad-signup-2\"!\nExpected button 2 link to be \"/ad-signup\", but it is \"/ad-signup-2\"!\nExpected button 3 link to be \"/ad-signup\", but it is \"/ad-signup-2\"!\nExpected button 4 link to be \"/ad-signup\", but it is \"/ad-signup-2\"!\nExpected button 5 link to be \"/ad-signup\", but it is \"/ad-signup-2\"!\nExpected button 6 link to be \"/ad-signup\", but it is \"/ad-signup-2\"!\nExpected button 7 link to be \"/ad-signup\", but it is \"/ad-signup-2\"!\nExpected button 8 link to be \"/ad-signup\", but it is \"/ad-signup-2\"!\nExpected button 9 link to be \"/ad-signup\", but it is \"/ad-signup-2\"!\nExpected button 10 link to be \"/ad-signup\", but it is \"/ad-signup-2\"!\nExpected button 11 link to be \"/ad-signup\", but it is \"/ad-signup-2\"!\nExpected button 12 link to be \"/ad-signup\", but it is \"/ad-signup-2\"!\n","statusTrace":"  File \"/opt/hostedtoolcache/Python/3.12.5/x64/lib/python3.12/site-packages/behave/model.py\", line 1329, in run\n    match.run(runner.context)\n  File \"/opt/hostedtoolcache/Python/3.12.5/x64/lib/python3.12/site-packages/behave/matchers.py\", line 98, in run\n    self.func(context, *args, **kwargs)\n  File \"/home/runner/work/automation-testing-framework/automation-testing-framework/common_functions/custom_step_decorator.py\", line 10, in inner\n    raise AssertionError(e)\n","steps":[{"name":"Given Verify \"JOIN_ZONIA_BUTTON\" links on \"https://staging.zonia.com/ad-join-zonia-2\" page are \"/ad-signup\"","time":{"start":1724940509411,"stop":1724940517384,"duration":7973},"status":"failed","statusMessage":"AssertionError: 12 errors found:\nExpected button 1 link to be \"/ad-signup\", but it is \"/ad-signup-2\"!\nExpected button 2 link to be \"/ad-signup\", but it is \"/ad-signup-2\"!\nExpected button 3 link to be \"/ad-signup\", but it is \"/ad-signup-2\"!\nExpected button 4 link to be \"/ad-signup\", but it is \"/ad-signup-2\"!\nExpected button 5 link to be \"/ad-signup\", but it is \"/ad-signup-2\"!\nExpected button 6 link to be \"/ad-signup\", but it is \"/ad-signup-2\"!\nExpected button 7 link to be \"/ad-signup\", but it is \"/ad-signup-2\"!\nExpected button 8 link to be \"/ad-signup\", but it is \"/ad-signup-2\"!\nExpected button 9 link to be \"/ad-signup\", but it is \"/ad-signup-2\"!\nExpected button 10 link to be \"/ad-signup\", but it is \"/ad-signup-2\"!\nExpected button 11 link to be \"/ad-signup\", but it is \"/ad-signup-2\"!\nExpected button 12 link to be \"/ad-signup\", but it is \"/ad-signup-2\"!\n","statusTrace":"  File \"/opt/hostedtoolcache/Python/3.12.5/x64/lib/python3.12/site-packages/behave/model.py\", line 1329, in run\n    match.run(runner.context)\n  File \"/opt/hostedtoolcache/Python/3.12.5/x64/lib/python3.12/site-packages/behave/matchers.py\", line 98, in run\n    self.func(context, *args, **kwargs)\n  File \"/home/runner/work/automation-testing-framework/automation-testing-framework/common_functions/custom_step_decorator.py\", line 10, in inner\n    raise AssertionError(e)\n","steps":[],"attachments":[{"uid":"fc07b0cf7d49810","name":"screenshot","source":"fc07b0cf7d49810.png","type":"image/png","size":114857},{"uid":"d7099babd228c337","name":"stdout","source":"d7099babd228c337.txt","type":"text/plain","size":334}],"parameters":[],"shouldDisplayMessage":true,"stepsCount":0,"attachmentsCount":2,"hasContent":true}],"attachments":[],"parameters":[],"shouldDisplayMessage":false,"stepsCount":1,"attachmentsCount":2,"hasContent":true},"afterStages":[],"labels":[{"name":"severity","value":"normal"},{"name":"tag","value":"smoke"},{"name":"feature","value":"UI tests"},{"name":"framework","value":"behave"},{"name":"language","value":"cpython3"},{"name":"resultFormat","value":"allure2"}],"parameters":[{"name":"element","value":"JOIN_ZONIA_BUTTON"},{"name":"link","value":"/ad-signup"},{"name":"url","value":"https://staging.zonia.com/ad-join-zonia-2"}],"links":[],"hidden":false,"retry":false,"extra":{"severity":"normal","retries":[],"categories":[{"name":"Product defects","matchedStatuses":[],"flaky":false}],"tags":["smoke"]},"source":"3a910cd58a8edc81.json","parameterValues":["JOIN_ZONIA_BUTTON","/ad-signup","https://staging.zonia.com/ad-join-zonia-2"]}